{"total": {"lines":{"total":3072,"covered":1957,"skipped":0,"pct":63.7},"statements":{"total":3659,"covered":2257,"skipped":0,"pct":61.68},"functions":{"total":593,"covered":430,"skipped":0,"pct":72.51},"branches":{"total":2641,"covered":1382,"skipped":0,"pct":52.32},"branchesTrue":{"total":0,"covered":0,"skipped":0,"pct":100}}
,"/Users/julescavanier/Desktop/gotvanalyser/desktop/src/app/page.tsx": {"lines":{"total":295,"covered":188,"skipped":0,"pct":63.72},"functions":{"total":78,"covered":40,"skipped":0,"pct":51.28},"statements":{"total":337,"covered":198,"skipped":0,"pct":58.75},"branches":{"total":247,"covered":120,"skipped":0,"pct":48.58}}
,"/Users/julescavanier/Desktop/gotvanalyser/desktop/src/app/match/MatchViewer.tsx": {"lines":{"total":358,"covered":251,"skipped":0,"pct":70.11},"functions":{"total":103,"covered":70,"skipped":0,"pct":67.96},"statements":{"total":442,"covered":290,"skipped":0,"pct":65.61},"branches":{"total":324,"covered":127,"skipped":0,"pct":39.19}}
,"/Users/julescavanier/Desktop/gotvanalyser/desktop/src/components/replay/Controls.tsx": {"lines":{"total":21,"covered":21,"skipped":0,"pct":100},"functions":{"total":15,"covered":15,"skipped":0,"pct":100},"statements":{"total":31,"covered":30,"skipped":0,"pct":96.77},"branches":{"total":20,"covered":18,"skipped":0,"pct":90}}
,"/Users/julescavanier/Desktop/gotvanalyser/desktop/src/components/replay/DrawingLayer.tsx": {"lines":{"total":85,"covered":52,"skipped":0,"pct":61.17},"functions":{"total":10,"covered":8,"skipped":0,"pct":80},"statements":{"total":99,"covered":56,"skipped":0,"pct":56.56},"branches":{"total":50,"covered":18,"skipped":0,"pct":36}}
,"/Users/julescavanier/Desktop/gotvanalyser/desktop/src/components/replay/DrawingToolbar.tsx": {"lines":{"total":10,"covered":8,"skipped":0,"pct":80},"functions":{"total":7,"covered":5,"skipped":0,"pct":71.42},"statements":{"total":10,"covered":8,"skipped":0,"pct":80},"branches":{"total":4,"covered":4,"skipped":0,"pct":100}}
,"/Users/julescavanier/Desktop/gotvanalyser/desktop/src/components/replay/KillFeed.tsx": {"lines":{"total":25,"covered":25,"skipped":0,"pct":100},"functions":{"total":10,"covered":10,"skipped":0,"pct":100},"statements":{"total":34,"covered":31,"skipped":0,"pct":91.17},"branches":{"total":37,"covered":23,"skipped":0,"pct":62.16}}
,"/Users/julescavanier/Desktop/gotvanalyser/desktop/src/components/replay/MapRenderer.tsx": {"lines":{"total":1743,"covered":919,"skipped":0,"pct":52.72},"functions":{"total":198,"covered":122,"skipped":0,"pct":61.61},"statements":{"total":2037,"covered":1074,"skipped":0,"pct":52.72},"branches":{"total":1398,"covered":670,"skipped":0,"pct":47.92}}
,"/Users/julescavanier/Desktop/gotvanalyser/desktop/src/components/replay/PlayerHUD.tsx": {"lines":{"total":119,"covered":97,"skipped":0,"pct":81.51},"functions":{"total":32,"covered":26,"skipped":0,"pct":81.25},"statements":{"total":148,"covered":114,"skipped":0,"pct":77.02},"branches":{"total":179,"covered":117,"skipped":0,"pct":65.36}}
,"/Users/julescavanier/Desktop/gotvanalyser/desktop/src/components/replay/ReplayAccessibilitySummary.tsx": {"lines":{"total":31,"covered":25,"skipped":0,"pct":80.64},"functions":{"total":12,"covered":12,"skipped":0,"pct":100},"statements":{"total":45,"covered":31,"skipped":0,"pct":68.88},"branches":{"total":47,"covered":24,"skipped":0,"pct":51.06}}
,"/Users/julescavanier/Desktop/gotvanalyser/desktop/src/components/replay/RoundClock.tsx": {"lines":{"total":27,"covered":25,"skipped":0,"pct":92.59},"functions":{"total":7,"covered":7,"skipped":0,"pct":100},"statements":{"total":33,"covered":29,"skipped":0,"pct":87.87},"branches":{"total":23,"covered":16,"skipped":0,"pct":69.56}}
,"/Users/julescavanier/Desktop/gotvanalyser/desktop/src/components/replay/RoundList.tsx": {"lines":{"total":11,"covered":11,"skipped":0,"pct":100},"functions":{"total":6,"covered":6,"skipped":0,"pct":100},"statements":{"total":15,"covered":14,"skipped":0,"pct":93.33},"branches":{"total":10,"covered":8,"skipped":0,"pct":80}}
,"/Users/julescavanier/Desktop/gotvanalyser/desktop/src/components/replay/Timeline.tsx": {"lines":{"total":20,"covered":18,"skipped":0,"pct":90},"functions":{"total":9,"covered":8,"skipped":0,"pct":88.88},"statements":{"total":27,"covered":23,"skipped":0,"pct":85.18},"branches":{"total":15,"covered":7,"skipped":0,"pct":46.66}}
,"/Users/julescavanier/Desktop/gotvanalyser/desktop/src/lib/api.ts": {"lines":{"total":12,"covered":12,"skipped":0,"pct":100},"functions":{"total":12,"covered":12,"skipped":0,"pct":100},"statements":{"total":12,"covered":12,"skipped":0,"pct":100},"branches":{"total":1,"covered":1,"skipped":0,"pct":100}}
,"/Users/julescavanier/Desktop/gotvanalyser/desktop/src/lib/icons.ts": {"lines":{"total":28,"covered":27,"skipped":0,"pct":96.42},"functions":{"total":1,"covered":1,"skipped":0,"pct":100},"statements":{"total":50,"covered":32,"skipped":0,"pct":64},"branches":{"total":56,"covered":37,"skipped":0,"pct":66.07}}
,"/Users/julescavanier/Desktop/gotvanalyser/desktop/src/lib/maps.ts": {"lines":{"total":24,"covered":24,"skipped":0,"pct":100},"functions":{"total":7,"covered":7,"skipped":0,"pct":100},"statements":{"total":32,"covered":32,"skipped":0,"pct":100},"branches":{"total":29,"covered":29,"skipped":0,"pct":100}}
,"/Users/julescavanier/Desktop/gotvanalyser/desktop/src/lib/paths.ts": {"lines":{"total":4,"covered":2,"skipped":0,"pct":50},"functions":{"total":1,"covered":1,"skipped":0,"pct":100},"statements":{"total":6,"covered":3,"skipped":0,"pct":50},"branches":{"total":10,"covered":5,"skipped":0,"pct":50}}
,"/Users/julescavanier/Desktop/gotvanalyser/desktop/src/lib/replay-logic.ts": {"lines":{"total":8,"covered":8,"skipped":0,"pct":100},"functions":{"total":2,"covered":2,"skipped":0,"pct":100},"statements":{"total":10,"covered":10,"skipped":0,"pct":100},"branches":{"total":8,"covered":8,"skipped":0,"pct":100}}
,"/Users/julescavanier/Desktop/gotvanalyser/desktop/src/lib/replay-store.ts": {"lines":{"total":49,"covered":47,"skipped":0,"pct":95.91},"functions":{"total":26,"covered":26,"skipped":0,"pct":100},"statements":{"total":61,"covered":57,"skipped":0,"pct":93.44},"branches":{"total":60,"covered":53,"skipped":0,"pct":88.33}}
,"/Users/julescavanier/Desktop/gotvanalyser/desktop/src/lib/theme.ts": {"lines":{"total":4,"covered":4,"skipped":0,"pct":100},"functions":{"total":1,"covered":1,"skipped":0,"pct":100},"statements":{"total":4,"covered":4,"skipped":0,"pct":100},"branches":{"total":2,"covered":2,"skipped":0,"pct":100}}
,"/Users/julescavanier/Desktop/gotvanalyser/desktop/src/lib/utils.ts": {"lines":{"total":1,"covered":1,"skipped":0,"pct":100},"functions":{"total":1,"covered":1,"skipped":0,"pct":100},"statements":{"total":1,"covered":1,"skipped":0,"pct":100},"branches":{"total":0,"covered":0,"skipped":0,"pct":100}}
,"/Users/julescavanier/Desktop/gotvanalyser/desktop/src/lib/backends/browser-store.ts": {"lines":{"total":134,"covered":130,"skipped":0,"pct":97.01},"functions":{"total":39,"covered":34,"skipped":0,"pct":87.17},"statements":{"total":150,"covered":140,"skipped":0,"pct":93.33},"branches":{"total":84,"covered":66,"skipped":0,"pct":78.57}}
,"/Users/julescavanier/Desktop/gotvanalyser/desktop/src/lib/backends/browser.ts": {"lines":{"total":59,"covered":58,"skipped":0,"pct":98.3},"functions":{"total":15,"covered":15,"skipped":0,"pct":100},"statements":{"total":70,"covered":63,"skipped":0,"pct":90},"branches":{"total":35,"covered":27,"skipped":0,"pct":77.14}}
,"/Users/julescavanier/Desktop/gotvanalyser/desktop/src/lib/backends/index.ts": {"lines":{"total":4,"covered":4,"skipped":0,"pct":100},"functions":{"total":1,"covered":1,"skipped":0,"pct":100},"statements":{"total":5,"covered":5,"skipped":0,"pct":100},"branches":{"total":2,"covered":2,"skipped":0,"pct":100}}
}
