{"/Users/julescavanier/Desktop/gotvanalyser/desktop/src/app/page.tsx": {"path":"/Users/julescavanier/Desktop/gotvanalyser/desktop/src/app/page.tsx","statementMap":{"0":{"start":{"line":1,"column":0},"end":{"line":1,"column":null}},"1":{"start":{"line":38,"column":27},"end":{"line":38,"column":null}},"2":{"start":{"line":39,"column":27},"end":{"line":39,"column":null}},"3":{"start":{"line":40,"column":22},"end":{"line":40,"column":null}},"4":{"start":{"line":41,"column":35},"end":{"line":41,"column":null}},"5":{"start":{"line":42,"column":31},"end":{"line":42,"column":null}},"6":{"start":{"line":43,"column":38},"end":{"line":43,"column":null}},"7":{"start":{"line":44,"column":31},"end":{"line":44,"column":null}},"8":{"start":{"line":45,"column":34},"end":{"line":45,"column":null}},"9":{"start":{"line":46,"column":26},"end":{"line":46,"column":null}},"10":{"start":{"line":47,"column":26},"end":{"line":47,"column":null}},"11":{"start":{"line":48,"column":33},"end":{"line":48,"column":null}},"12":{"start":{"line":49,"column":33},"end":{"line":49,"column":null}},"13":{"start":{"line":52,"column":16},"end":{"line":52,"column":null}},"14":{"start":{"line":53,"column":14},"end":{"line":53,"column":null}},"15":{"start":{"line":54,"column":14},"end":{"line":54,"column":null}},"16":{"start":{"line":55,"column":2},"end":{"line":55,"column":null}},"17":{"start":{"line":59,"column":2},"end":{"line":59,"column":null}},"18":{"start":{"line":63,"column":16},"end":{"line":63,"column":null}},"19":{"start":{"line":64,"column":2},"end":{"line":64,"column":null}},"20":{"start":{"line":68,"column":2},"end":{"line":70,"column":null}},"21":{"start":{"line":74,"column":2},"end":{"line":74,"column":null}},"22":{"start":{"line":74,"column":37},"end":{"line":74,"column":null}},"23":{"start":{"line":75,"column":2},"end":{"line":88,"column":null}},"24":{"start":{"line":76,"column":19},"end":{"line":76,"column":null}},"25":{"start":{"line":77,"column":4},"end":{"line":77,"column":null}},"26":{"start":{"line":77,"column":72},"end":{"line":77,"column":null}},"27":{"start":{"line":78,"column":19},"end":{"line":78,"column":null}},"28":{"start":{"line":82,"column":4},"end":{"line":85,"column":null}},"29":{"start":{"line":87,"column":4},"end":{"line":87,"column":null}},"30":{"start":{"line":92,"column":2},"end":{"line":92,"column":null}},"31":{"start":{"line":92,"column":37},"end":{"line":92,"column":null}},"32":{"start":{"line":93,"column":14},"end":{"line":93,"column":null}},"33":{"start":{"line":94,"column":2},"end":{"line":94,"column":null}},"34":{"start":{"line":98,"column":2},"end":{"line":100,"column":null}},"35":{"start":{"line":99,"column":4},"end":{"line":99,"column":null}},"36":{"start":{"line":101,"column":17},"end":{"line":101,"column":null}},"37":{"start":{"line":102,"column":18},"end":{"line":102,"column":null}},"38":{"start":{"line":103,"column":2},"end":{"line":103,"column":null}},"39":{"start":{"line":107,"column":15},"end":{"line":107,"column":null}},"40":{"start":{"line":108,"column":2},"end":{"line":108,"column":null}},"41":{"start":{"line":108,"column":13},"end":{"line":108,"column":null}},"42":{"start":{"line":109,"column":17},"end":{"line":109,"column":null}},"43":{"start":{"line":111,"column":4},"end":{"line":115,"column":null}},"44":{"start":{"line":116,"column":2},"end":{"line":116,"column":null}},"45":{"start":{"line":120,"column":2},"end":{"line":120,"column":null}},"46":{"start":{"line":120,"column":37},"end":{"line":120,"column":null}},"47":{"start":{"line":121,"column":18},"end":{"line":121,"column":null}},"48":{"start":{"line":122,"column":15},"end":{"line":122,"column":null}},"49":{"start":{"line":123,"column":2},"end":{"line":151,"column":null}},"50":{"start":{"line":124,"column":4},"end":{"line":148,"column":null}},"51":{"start":{"line":125,"column":23},"end":{"line":125,"column":null}},"52":{"start":{"line":126,"column":21},"end":{"line":126,"column":null}},"53":{"start":{"line":127,"column":19},"end":{"line":127,"column":null}},"54":{"start":{"line":128,"column":19},"end":{"line":128,"column":null}},"55":{"start":{"line":130,"column":8},"end":{"line":132,"column":null}},"56":{"start":{"line":133,"column":28},"end":{"line":133,"column":null}},"57":{"start":{"line":134,"column":33},"end":{"line":136,"column":null}},"58":{"start":{"line":137,"column":6},"end":{"line":143,"column":null}},"59":{"start":{"line":145,"column":19},"end":{"line":145,"column":null}},"60":{"start":{"line":146,"column":19},"end":{"line":146,"column":null}},"61":{"start":{"line":147,"column":6},"end":{"line":147,"column":null}},"62":{"start":{"line":155,"column":2},"end":{"line":155,"column":null}},"63":{"start":{"line":155,"column":37},"end":{"line":155,"column":null}},"64":{"start":{"line":156,"column":28},"end":{"line":156,"column":null}},"65":{"start":{"line":157,"column":2},"end":{"line":157,"column":null}},"66":{"start":{"line":157,"column":37},"end":{"line":157,"column":null}},"67":{"start":{"line":158,"column":2},"end":{"line":158,"column":null}},"68":{"start":{"line":158,"column":42},"end":{"line":158,"column":null}},"69":{"start":{"line":159,"column":2},"end":{"line":159,"column":null}},"70":{"start":{"line":159,"column":32},"end":{"line":159,"column":null}},"71":{"start":{"line":160,"column":2},"end":{"line":160,"column":null}},"72":{"start":{"line":160,"column":66},"end":{"line":160,"column":null}},"73":{"start":{"line":161,"column":2},"end":{"line":161,"column":null}},"74":{"start":{"line":161,"column":38},"end":{"line":161,"column":null}},"75":{"start":{"line":162,"column":2},"end":{"line":162,"column":null}},"76":{"start":{"line":162,"column":23},"end":{"line":162,"column":null}},"77":{"start":{"line":163,"column":2},"end":{"line":163,"column":null}},"78":{"start":{"line":167,"column":2},"end":{"line":167,"column":null}},"79":{"start":{"line":167,"column":34},"end":{"line":167,"column":null}},"80":{"start":{"line":168,"column":2},"end":{"line":168,"column":null}},"81":{"start":{"line":172,"column":17},"end":{"line":172,"column":27}},"82":{"start":{"line":173,"column":36},"end":{"line":173,"column":null}},"83":{"start":{"line":174,"column":32},"end":{"line":174,"column":null}},"84":{"start":{"line":175,"column":34},"end":{"line":175,"column":null}},"85":{"start":{"line":176,"column":28},"end":{"line":176,"column":null}},"86":{"start":{"line":177,"column":44},"end":{"line":181,"column":null}},"87":{"start":{"line":182,"column":46},"end":{"line":182,"column":null}},"88":{"start":{"line":183,"column":34},"end":{"line":183,"column":null}},"89":{"start":{"line":183,"column":49},"end":{"line":183,"column":59}},"90":{"start":{"line":184,"column":32},"end":{"line":184,"column":null}},"91":{"start":{"line":187,"column":42},"end":{"line":187,"column":null}},"92":{"start":{"line":188,"column":40},"end":{"line":188,"column":null}},"93":{"start":{"line":189,"column":42},"end":{"line":189,"column":null}},"94":{"start":{"line":193,"column":36},"end":{"line":193,"column":null}},"95":{"start":{"line":194,"column":44},"end":{"line":194,"column":null}},"96":{"start":{"line":195,"column":48},"end":{"line":195,"column":null}},"97":{"start":{"line":196,"column":33},"end":{"line":196,"column":null}},"98":{"start":{"line":197,"column":29},"end":{"line":197,"column":null}},"99":{"start":{"line":198,"column":23},"end":{"line":198,"column":null}},"100":{"start":{"line":199,"column":20},"end":{"line":199,"column":null}},"101":{"start":{"line":200,"column":21},"end":{"line":200,"column":null}},"102":{"start":{"line":201,"column":18},"end":{"line":201,"column":null}},"103":{"start":{"line":207,"column":18},"end":{"line":207,"column":null}},"104":{"start":{"line":208,"column":24},"end":{"line":208,"column":null}},"105":{"start":{"line":210,"column":4},"end":{"line":212,"column":null}},"106":{"start":{"line":213,"column":30},"end":{"line":213,"column":null}},"107":{"start":{"line":215,"column":4},"end":{"line":217,"column":null}},"108":{"start":{"line":218,"column":27},"end":{"line":218,"column":null}},"109":{"start":{"line":220,"column":25},"end":{"line":228,"column":null}},"110":{"start":{"line":221,"column":4},"end":{"line":227,"column":null}},"111":{"start":{"line":223,"column":8},"end":{"line":223,"column":null}},"112":{"start":{"line":223,"column":28},"end":{"line":223,"column":null}},"113":{"start":{"line":226,"column":8},"end":{"line":226,"column":null}},"114":{"start":{"line":226,"column":28},"end":{"line":226,"column":null}},"115":{"start":{"line":230,"column":22},"end":{"line":282,"column":null}},"116":{"start":{"line":232,"column":6},"end":{"line":232,"column":null}},"117":{"start":{"line":232,"column":21},"end":{"line":232,"column":null}},"118":{"start":{"line":233,"column":24},"end":{"line":233,"column":null}},"119":{"start":{"line":234,"column":6},"end":{"line":237,"column":null}},"120":{"start":{"line":235,"column":8},"end":{"line":235,"column":null}},"121":{"start":{"line":236,"column":8},"end":{"line":236,"column":null}},"122":{"start":{"line":238,"column":6},"end":{"line":238,"column":null}},"123":{"start":{"line":239,"column":22},"end":{"line":239,"column":null}},"124":{"start":{"line":240,"column":23},"end":{"line":240,"column":null}},"125":{"start":{"line":241,"column":6},"end":{"line":279,"column":null}},"126":{"start":{"line":242,"column":8},"end":{"line":242,"column":null}},"127":{"start":{"line":243,"column":8},"end":{"line":243,"column":null}},"128":{"start":{"line":244,"column":8},"end":{"line":244,"column":null}},"129":{"start":{"line":245,"column":8},"end":{"line":245,"column":null}},"130":{"start":{"line":246,"column":8},"end":{"line":246,"column":null}},"131":{"start":{"line":247,"column":8},"end":{"line":247,"column":null}},"132":{"start":{"line":248,"column":8},"end":{"line":248,"column":null}},"133":{"start":{"line":249,"column":19},"end":{"line":249,"column":null}},"134":{"start":{"line":250,"column":25},"end":{"line":250,"column":null}},"135":{"start":{"line":251,"column":8},"end":{"line":251,"column":null}},"136":{"start":{"line":255,"column":22},"end":{"line":255,"column":null}},"137":{"start":{"line":255,"column":54},"end":{"line":255,"column":74}},"138":{"start":{"line":256,"column":8},"end":{"line":256,"column":null}},"139":{"start":{"line":258,"column":10},"end":{"line":263,"column":null}},"140":{"start":{"line":258,"column":28},"end":{"line":258,"column":39}},"141":{"start":{"line":268,"column":8},"end":{"line":268,"column":null}},"142":{"start":{"line":269,"column":8},"end":{"line":269,"column":null}},"143":{"start":{"line":271,"column":24},"end":{"line":271,"column":null}},"144":{"start":{"line":272,"column":8},"end":{"line":272,"column":null}},"145":{"start":{"line":272,"column":38},"end":{"line":272,"column":null}},"146":{"start":{"line":274,"column":8},"end":{"line":274,"column":null}},"147":{"start":{"line":275,"column":8},"end":{"line":275,"column":null}},"148":{"start":{"line":276,"column":8},"end":{"line":276,"column":null}},"149":{"start":{"line":277,"column":8},"end":{"line":277,"column":null}},"150":{"start":{"line":278,"column":8},"end":{"line":278,"column":null}},"151":{"start":{"line":284,"column":2},"end":{"line":288,"column":null}},"152":{"start":{"line":285,"column":4},"end":{"line":285,"column":null}},"153":{"start":{"line":285,"column":20},"end":{"line":285,"column":null}},"154":{"start":{"line":286,"column":18},"end":{"line":286,"column":null}},"155":{"start":{"line":286,"column":43},"end":{"line":286,"column":68}},"156":{"start":{"line":287,"column":4},"end":{"line":287,"column":null}},"157":{"start":{"line":287,"column":17},"end":{"line":287,"column":null}},"158":{"start":{"line":290,"column":2},"end":{"line":313,"column":null}},"159":{"start":{"line":291,"column":20},"end":{"line":291,"column":null}},"160":{"start":{"line":293,"column":4},"end":{"line":308,"column":null}},"161":{"start":{"line":294,"column":6},"end":{"line":300,"column":null}},"162":{"start":{"line":295,"column":8},"end":{"line":298,"column":null}},"163":{"start":{"line":296,"column":10},"end":{"line":296,"column":null}},"164":{"start":{"line":297,"column":10},"end":{"line":297,"column":null}},"165":{"start":{"line":297,"column":42},"end":{"line":297,"column":138}},"166":{"start":{"line":299,"column":8},"end":{"line":299,"column":null}},"167":{"start":{"line":303,"column":8},"end":{"line":304,"column":null}},"168":{"start":{"line":303,"column":23},"end":{"line":303,"column":null}},"169":{"start":{"line":304,"column":13},"end":{"line":304,"column":null}},"170":{"start":{"line":309,"column":4},"end":{"line":312,"column":null}},"171":{"start":{"line":310,"column":6},"end":{"line":310,"column":null}},"172":{"start":{"line":311,"column":6},"end":{"line":311,"column":null}},"173":{"start":{"line":315,"column":2},"end":{"line":321,"column":null}},"174":{"start":{"line":316,"column":20},"end":{"line":316,"column":null}},"175":{"start":{"line":317,"column":4},"end":{"line":317,"column":null}},"176":{"start":{"line":317,"column":25},"end":{"line":317,"column":34}},"177":{"start":{"line":318,"column":4},"end":{"line":320,"column":null}},"178":{"start":{"line":319,"column":6},"end":{"line":319,"column":null}},"179":{"start":{"line":323,"column":8},"end":{"line":332,"column":null}},"180":{"start":{"line":324,"column":4},"end":{"line":324,"column":null}},"181":{"start":{"line":324,"column":19},"end":{"line":324,"column":null}},"182":{"start":{"line":325,"column":25},"end":{"line":325,"column":null}},"183":{"start":{"line":326,"column":4},"end":{"line":329,"column":null}},"184":{"start":{"line":327,"column":6},"end":{"line":327,"column":null}},"185":{"start":{"line":328,"column":6},"end":{"line":328,"column":null}},"186":{"start":{"line":330,"column":4},"end":{"line":330,"column":null}},"187":{"start":{"line":331,"column":4},"end":{"line":331,"column":null}},"188":{"start":{"line":334,"column":8},"end":{"line":348,"column":null}},"189":{"start":{"line":335,"column":17},"end":{"line":335,"column":null}},"190":{"start":{"line":336,"column":4},"end":{"line":336,"column":null}},"191":{"start":{"line":337,"column":4},"end":{"line":337,"column":null}},"192":{"start":{"line":337,"column":28},"end":{"line":337,"column":null}},"193":{"start":{"line":338,"column":25},"end":{"line":338,"column":null}},"194":{"start":{"line":339,"column":4},"end":{"line":342,"column":null}},"195":{"start":{"line":340,"column":6},"end":{"line":340,"column":null}},"196":{"start":{"line":341,"column":6},"end":{"line":341,"column":null}},"197":{"start":{"line":343,"column":4},"end":{"line":346,"column":null}},"198":{"start":{"line":344,"column":6},"end":{"line":344,"column":null}},"199":{"start":{"line":345,"column":6},"end":{"line":345,"column":null}},"200":{"start":{"line":347,"column":4},"end":{"line":347,"column":null}},"201":{"start":{"line":350,"column":8},"end":{"line":354,"column":null}},"202":{"start":{"line":351,"column":4},"end":{"line":351,"column":null}},"203":{"start":{"line":351,"column":52},"end":{"line":351,"column":null}},"204":{"start":{"line":352,"column":4},"end":{"line":352,"column":null}},"205":{"start":{"line":353,"column":4},"end":{"line":353,"column":null}},"206":{"start":{"line":356,"column":8},"end":{"line":371,"column":null}},"207":{"start":{"line":357,"column":4},"end":{"line":357,"column":null}},"208":{"start":{"line":358,"column":4},"end":{"line":358,"column":null}},"209":{"start":{"line":359,"column":4},"end":{"line":359,"column":null}},"210":{"start":{"line":359,"column":19},"end":{"line":359,"column":null}},"211":{"start":{"line":360,"column":25},"end":{"line":360,"column":null}},"212":{"start":{"line":361,"column":4},"end":{"line":364,"column":null}},"213":{"start":{"line":362,"column":6},"end":{"line":362,"column":null}},"214":{"start":{"line":363,"column":6},"end":{"line":363,"column":null}},"215":{"start":{"line":365,"column":17},"end":{"line":365,"column":null}},"216":{"start":{"line":366,"column":4},"end":{"line":369,"column":null}},"217":{"start":{"line":367,"column":6},"end":{"line":367,"column":null}},"218":{"start":{"line":368,"column":6},"end":{"line":368,"column":null}},"219":{"start":{"line":370,"column":4},"end":{"line":370,"column":null}},"220":{"start":{"line":373,"column":20},"end":{"line":384,"column":null}},"221":{"start":{"line":374,"column":4},"end":{"line":374,"column":null}},"222":{"start":{"line":374,"column":19},"end":{"line":374,"column":null}},"223":{"start":{"line":375,"column":4},"end":{"line":375,"column":null}},"224":{"start":{"line":378,"column":4},"end":{"line":382,"column":null}},"225":{"start":{"line":379,"column":6},"end":{"line":379,"column":null}},"226":{"start":{"line":383,"column":4},"end":{"line":383,"column":null}},"227":{"start":{"line":386,"column":24},"end":{"line":392,"column":null}},"228":{"start":{"line":387,"column":4},"end":{"line":391,"column":null}},"229":{"start":{"line":388,"column":6},"end":{"line":388,"column":null}},"230":{"start":{"line":390,"column":6},"end":{"line":390,"column":null}},"231":{"start":{"line":394,"column":27},"end":{"line":411,"column":null}},"232":{"start":{"line":395,"column":19},"end":{"line":395,"column":null}},"233":{"start":{"line":396,"column":4},"end":{"line":396,"column":null}},"234":{"start":{"line":396,"column":17},"end":{"line":396,"column":null}},"235":{"start":{"line":397,"column":17},"end":{"line":397,"column":null}},"236":{"start":{"line":398,"column":4},"end":{"line":398,"column":null}},"237":{"start":{"line":399,"column":4},"end":{"line":409,"column":null}},"238":{"start":{"line":400,"column":6},"end":{"line":408,"column":null}},"239":{"start":{"line":401,"column":24},"end":{"line":401,"column":null}},"240":{"start":{"line":402,"column":8},"end":{"line":404,"column":null}},"241":{"start":{"line":403,"column":10},"end":{"line":403,"column":null}},"242":{"start":{"line":403,"column":28},"end":{"line":403,"column":61}},"243":{"start":{"line":406,"column":8},"end":{"line":406,"column":null}},"244":{"start":{"line":407,"column":8},"end":{"line":407,"column":null}},"245":{"start":{"line":410,"column":4},"end":{"line":410,"column":null}},"246":{"start":{"line":410,"column":14},"end":{"line":410,"column":null}},"247":{"start":{"line":413,"column":8},"end":{"line":416,"column":null}},"248":{"start":{"line":414,"column":4},"end":{"line":414,"column":null}},"249":{"start":{"line":415,"column":4},"end":{"line":415,"column":null}},"250":{"start":{"line":418,"column":24},"end":{"line":430,"column":null}},"251":{"start":{"line":419,"column":19},"end":{"line":419,"column":null}},"252":{"start":{"line":420,"column":4},"end":{"line":420,"column":null}},"253":{"start":{"line":420,"column":17},"end":{"line":420,"column":null}},"254":{"start":{"line":421,"column":17},"end":{"line":421,"column":null}},"255":{"start":{"line":422,"column":4},"end":{"line":422,"column":null}},"256":{"start":{"line":423,"column":4},"end":{"line":423,"column":null}},"257":{"start":{"line":423,"column":39},"end":{"line":423,"column":null}},"258":{"start":{"line":424,"column":4},"end":{"line":429,"column":null}},"259":{"start":{"line":425,"column":22},"end":{"line":425,"column":null}},"260":{"start":{"line":426,"column":6},"end":{"line":426,"column":null}},"261":{"start":{"line":426,"column":28},"end":{"line":426,"column":80}},"262":{"start":{"line":426,"column":46},"end":{"line":426,"column":79}},"263":{"start":{"line":428,"column":6},"end":{"line":428,"column":null}},"264":{"start":{"line":432,"column":8},"end":{"line":434,"column":null}},"265":{"start":{"line":433,"column":4},"end":{"line":433,"column":null}},"266":{"start":{"line":436,"column":24},"end":{"line":446,"column":null}},"267":{"start":{"line":437,"column":19},"end":{"line":437,"column":null}},"268":{"start":{"line":438,"column":4},"end":{"line":438,"column":null}},"269":{"start":{"line":438,"column":17},"end":{"line":438,"column":null}},"270":{"start":{"line":439,"column":4},"end":{"line":439,"column":null}},"271":{"start":{"line":440,"column":4},"end":{"line":445,"column":null}},"272":{"start":{"line":441,"column":6},"end":{"line":441,"column":null}},"273":{"start":{"line":442,"column":6},"end":{"line":442,"column":null}},"274":{"start":{"line":442,"column":28},"end":{"line":442,"column":67}},"275":{"start":{"line":442,"column":48},"end":{"line":442,"column":66}},"276":{"start":{"line":444,"column":6},"end":{"line":444,"column":null}},"277":{"start":{"line":448,"column":2},"end":{"line":720,"column":null}},"278":{"start":{"line":502,"column":31},"end":{"line":502,"column":null}},"279":{"start":{"line":543,"column":12},"end":{"line":543,"column":null}},"280":{"start":{"line":544,"column":12},"end":{"line":544,"column":null}},"281":{"start":{"line":547,"column":12},"end":{"line":547,"column":null}},"282":{"start":{"line":548,"column":12},"end":{"line":548,"column":null}},"283":{"start":{"line":551,"column":12},"end":{"line":551,"column":null}},"284":{"start":{"line":552,"column":12},"end":{"line":552,"column":null}},"285":{"start":{"line":612,"column":16},"end":{"line":619,"column":null}},"286":{"start":{"line":616,"column":32},"end":{"line":616,"column":null}},"287":{"start":{"line":617,"column":34},"end":{"line":617,"column":null}},"288":{"start":{"line":618,"column":34},"end":{"line":618,"column":null}},"289":{"start":{"line":627,"column":30},"end":{"line":627,"column":53}},"290":{"start":{"line":631,"column":29},"end":{"line":631,"column":null}},"291":{"start":{"line":633,"column":14},"end":{"line":637,"column":null}},"292":{"start":{"line":634,"column":16},"end":{"line":634,"column":null}},"293":{"start":{"line":635,"column":16},"end":{"line":635,"column":null}},"294":{"start":{"line":636,"column":16},"end":{"line":636,"column":null}},"295":{"start":{"line":638,"column":14},"end":{"line":642,"column":null}},"296":{"start":{"line":639,"column":16},"end":{"line":639,"column":null}},"297":{"start":{"line":640,"column":16},"end":{"line":640,"column":null}},"298":{"start":{"line":641,"column":16},"end":{"line":641,"column":null}},"299":{"start":{"line":649,"column":61},"end":{"line":649,"column":84}},"300":{"start":{"line":652,"column":45},"end":{"line":652,"column":67}},"301":{"start":{"line":660,"column":30},"end":{"line":660,"column":53}},"302":{"start":{"line":666,"column":61},"end":{"line":666,"column":84}},"303":{"start":{"line":671,"column":29},"end":{"line":671,"column":null}},"304":{"start":{"line":681,"column":30},"end":{"line":681,"column":50}},"305":{"start":{"line":689,"column":29},"end":{"line":689,"column":null}},"306":{"start":{"line":691,"column":14},"end":{"line":695,"column":null}},"307":{"start":{"line":692,"column":16},"end":{"line":692,"column":null}},"308":{"start":{"line":693,"column":16},"end":{"line":693,"column":null}},"309":{"start":{"line":694,"column":16},"end":{"line":694,"column":null}},"310":{"start":{"line":696,"column":14},"end":{"line":700,"column":null}},"311":{"start":{"line":697,"column":16},"end":{"line":697,"column":null}},"312":{"start":{"line":698,"column":16},"end":{"line":698,"column":null}},"313":{"start":{"line":699,"column":16},"end":{"line":699,"column":null}},"314":{"start":{"line":710,"column":29},"end":{"line":710,"column":null}},"315":{"start":{"line":714,"column":45},"end":{"line":714,"column":74}},"316":{"start":{"line":733,"column":19},"end":{"line":733,"column":null}},"317":{"start":{"line":734,"column":18},"end":{"line":734,"column":24}},"318":{"start":{"line":736,"column":2},"end":{"line":743,"column":null}},"319":{"start":{"line":737,"column":18},"end":{"line":737,"column":null}},"320":{"start":{"line":738,"column":4},"end":{"line":738,"column":null}},"321":{"start":{"line":738,"column":16},"end":{"line":738,"column":null}},"322":{"start":{"line":739,"column":27},"end":{"line":741,"column":null}},"323":{"start":{"line":742,"column":4},"end":{"line":742,"column":null}},"324":{"start":{"line":745,"column":2},"end":{"line":770,"column":null}},"325":{"start":{"line":750,"column":8},"end":{"line":750,"column":null}},"326":{"start":{"line":751,"column":8},"end":{"line":754,"column":null}},"327":{"start":{"line":752,"column":10},"end":{"line":752,"column":null}},"328":{"start":{"line":753,"column":10},"end":{"line":753,"column":null}},"329":{"start":{"line":765,"column":24},"end":{"line":765,"column":null}},"330":{"start":{"line":789,"column":15},"end":{"line":789,"column":null}},"331":{"start":{"line":790,"column":2},"end":{"line":847,"column":null}},"332":{"start":{"line":816,"column":26},"end":{"line":816,"column":null}},"333":{"start":{"line":831,"column":26},"end":{"line":831,"column":null}},"334":{"start":{"line":852,"column":16},"end":{"line":852,"column":null}},"335":{"start":{"line":853,"column":2},"end":{"line":853,"column":null}},"336":{"start":{"line":857,"column":2},"end":{"line":857,"column":null}}},"fnMap":{"0":{"name":"formatDuration","decl":{"start":{"line":51,"column":9},"end":{"line":51,"column":24}},"loc":{"start":{"line":51,"column":36},"end":{"line":56,"column":null}},"line":51},"1":{"name":"parseSourceSize","decl":{"start":{"line":58,"column":9},"end":{"line":58,"column":25}},"loc":{"start":{"line":58,"column":60},"end":{"line":60,"column":null}},"line":58},"2":{"name":"sourceIsZstd","decl":{"start":{"line":62,"column":9},"end":{"line":62,"column":22}},"loc":{"start":{"line":62,"column":51},"end":{"line":65,"column":null}},"line":62},"3":{"name":"boundedNumber","decl":{"start":{"line":67,"column":9},"end":{"line":67,"column":23}},"loc":{"start":{"line":67,"column":85},"end":{"line":71,"column":null}},"line":67},"4":{"name":"loadWebParseEstimate","decl":{"start":{"line":73,"column":9},"end":{"line":73,"column":86}},"loc":{"start":{"line":73,"column":86},"end":{"line":89,"column":null}},"line":73},"5":{"name":"loadLegacyParseEstimate","decl":{"start":{"line":91,"column":9},"end":{"line":91,"column":43}},"loc":{"start":{"line":91,"column":43},"end":{"line":95,"column":null}},"line":91},"6":{"name":"webEstimateForBytes","decl":{"start":{"line":97,"column":9},"end":{"line":97,"column":29}},"loc":{"start":{"line":97,"column":68},"end":{"line":104,"column":null}},"line":97},"7":{"name":"estimateForSource","decl":{"start":{"line":106,"column":9},"end":{"line":106,"column":27}},"loc":{"start":{"line":106,"column":55},"end":{"line":117,"column":null}},"line":106},"8":{"name":"saveParseEstimate","decl":{"start":{"line":119,"column":9},"end":{"line":119,"column":27}},"loc":{"start":{"line":119,"column":105},"end":{"line":152,"column":null}},"line":119},"9":{"name":"browserSupportError","decl":{"start":{"line":154,"column":9},"end":{"line":154,"column":46}},"loc":{"start":{"line":154,"column":46},"end":{"line":164,"column":null}},"line":154},"10":{"name":"demoFileSizeError","decl":{"start":{"line":166,"column":9},"end":{"line":166,"column":27}},"loc":{"start":{"line":166,"column":54},"end":{"line":169,"column":null}},"line":166},"11":{"name":"Home","decl":{"start":{"line":171,"column":24},"end":{"line":171,"column":31}},"loc":{"start":{"line":171,"column":31},"end":{"line":722,"column":null}},"line":171},"12":{"name":"(anonymous_12)","decl":{"start":{"line":183,"column":34},"end":{"line":183,"column":49}},"loc":{"start":{"line":183,"column":49},"end":{"line":183,"column":59}},"line":183},"13":{"name":"(anonymous_13)","decl":{"start":{"line":220,"column":37},"end":{"line":220,"column":44}},"loc":{"start":{"line":220,"column":74},"end":{"line":228,"column":5}},"line":220},"14":{"name":"(anonymous_14)","decl":{"start":{"line":222,"column":7},"end":{"line":222,"column":13}},"loc":{"start":{"line":222,"column":23},"end":{"line":224,"column":7}},"line":222},"15":{"name":"(anonymous_15)","decl":{"start":{"line":225,"column":7},"end":{"line":225,"column":14}},"loc":{"start":{"line":225,"column":20},"end":{"line":227,"column":7}},"line":225},"16":{"name":"(anonymous_16)","decl":{"start":{"line":231,"column":4},"end":{"line":231,"column":11}},"loc":{"start":{"line":231,"column":34},"end":{"line":280,"column":null}},"line":231},"17":{"name":"(anonymous_17)","decl":{"start":{"line":255,"column":42},"end":{"line":255,"column":54}},"loc":{"start":{"line":255,"column":54},"end":{"line":255,"column":74}},"line":255},"18":{"name":"(anonymous_18)","decl":{"start":{"line":258,"column":16},"end":{"line":258,"column":22}},"loc":{"start":{"line":258,"column":28},"end":{"line":258,"column":39}},"line":258},"19":{"name":"(anonymous_19)","decl":{"start":{"line":284,"column":2},"end":{"line":284,"column":18}},"loc":{"start":{"line":284,"column":18},"end":{"line":288,"column":5}},"line":284},"20":{"name":"(anonymous_20)","decl":{"start":{"line":286,"column":25},"end":{"line":286,"column":43}},"loc":{"start":{"line":286,"column":43},"end":{"line":286,"column":68}},"line":286},"21":{"name":"(anonymous_21)","decl":{"start":{"line":287,"column":4},"end":{"line":287,"column":17}},"loc":{"start":{"line":287,"column":17},"end":{"line":287,"column":null}},"line":287},"22":{"name":"(anonymous_22)","decl":{"start":{"line":290,"column":2},"end":{"line":290,"column":18}},"loc":{"start":{"line":290,"column":18},"end":{"line":313,"column":5}},"line":290},"23":{"name":"(anonymous_23)","decl":{"start":{"line":293,"column":4},"end":{"line":293,"column":21}},"loc":{"start":{"line":293,"column":34},"end":{"line":301,"column":5}},"line":293},"24":{"name":"(anonymous_24)","decl":{"start":{"line":297,"column":10},"end":{"line":297,"column":30}},"loc":{"start":{"line":297,"column":42},"end":{"line":297,"column":138}},"line":297},"25":{"name":"(anonymous_25)","decl":{"start":{"line":302,"column":7},"end":{"line":302,"column":13}},"loc":{"start":{"line":302,"column":20},"end":{"line":305,"column":7}},"line":302},"26":{"name":"(anonymous_26)","decl":{"start":{"line":306,"column":7},"end":{"line":306,"column":19}},"loc":{"start":{"line":306,"column":19},"end":{"line":308,"column":7}},"line":306},"27":{"name":"(anonymous_27)","decl":{"start":{"line":309,"column":4},"end":{"line":309,"column":17}},"loc":{"start":{"line":309,"column":17},"end":{"line":312,"column":null}},"line":309},"28":{"name":"(anonymous_28)","decl":{"start":{"line":315,"column":2},"end":{"line":315,"column":18}},"loc":{"start":{"line":315,"column":18},"end":{"line":321,"column":5}},"line":315},"29":{"name":"(anonymous_29)","decl":{"start":{"line":317,"column":4},"end":{"line":317,"column":25}},"loc":{"start":{"line":317,"column":25},"end":{"line":317,"column":34}},"line":317},"30":{"name":"(anonymous_30)","decl":{"start":{"line":318,"column":4},"end":{"line":318,"column":17}},"loc":{"start":{"line":318,"column":17},"end":{"line":320,"column":null}},"line":318},"31":{"name":"(anonymous_31)","decl":{"start":{"line":323,"column":8},"end":{"line":323,"column":31}},"loc":{"start":{"line":323,"column":31},"end":{"line":332,"column":null}},"line":323},"32":{"name":"(anonymous_32)","decl":{"start":{"line":334,"column":8},"end":{"line":334,"column":26}},"loc":{"start":{"line":334,"column":73},"end":{"line":348,"column":null}},"line":334},"33":{"name":"(anonymous_33)","decl":{"start":{"line":350,"column":8},"end":{"line":350,"column":27}},"loc":{"start":{"line":350,"column":74},"end":{"line":354,"column":null}},"line":350},"34":{"name":"(anonymous_34)","decl":{"start":{"line":356,"column":8},"end":{"line":356,"column":25}},"loc":{"start":{"line":356,"column":68},"end":{"line":371,"column":null}},"line":356},"35":{"name":"(anonymous_35)","decl":{"start":{"line":373,"column":20},"end":{"line":373,"column":27}},"loc":{"start":{"line":373,"column":62},"end":{"line":384,"column":null}},"line":373},"36":{"name":"(anonymous_36)","decl":{"start":{"line":386,"column":24},"end":{"line":386,"column":36}},"loc":{"start":{"line":386,"column":36},"end":{"line":392,"column":null}},"line":386},"37":{"name":"(anonymous_37)","decl":{"start":{"line":394,"column":27},"end":{"line":394,"column":34}},"loc":{"start":{"line":394,"column":52},"end":{"line":411,"column":null}},"line":394},"38":{"name":"(anonymous_38)","decl":{"start":{"line":402,"column":8},"end":{"line":402,"column":20}},"loc":{"start":{"line":403,"column":10},"end":{"line":403,"column":null}},"line":403},"39":{"name":"(anonymous_39)","decl":{"start":{"line":403,"column":16},"end":{"line":403,"column":21}},"loc":{"start":{"line":403,"column":28},"end":{"line":403,"column":61}},"line":403},"40":{"name":"(anonymous_40)","decl":{"start":{"line":413,"column":8},"end":{"line":413,"column":20}},"loc":{"start":{"line":413,"column":44},"end":{"line":416,"column":null}},"line":413},"41":{"name":"(anonymous_41)","decl":{"start":{"line":418,"column":24},"end":{"line":418,"column":36}},"loc":{"start":{"line":418,"column":36},"end":{"line":430,"column":null}},"line":418},"42":{"name":"(anonymous_42)","decl":{"start":{"line":426,"column":6},"end":{"line":426,"column":18}},"loc":{"start":{"line":426,"column":28},"end":{"line":426,"column":80}},"line":426},"43":{"name":"(anonymous_43)","decl":{"start":{"line":426,"column":34},"end":{"line":426,"column":39}},"loc":{"start":{"line":426,"column":46},"end":{"line":426,"column":79}},"line":426},"44":{"name":"(anonymous_44)","decl":{"start":{"line":432,"column":8},"end":{"line":432,"column":20}},"loc":{"start":{"line":432,"column":44},"end":{"line":434,"column":null}},"line":432},"45":{"name":"(anonymous_45)","decl":{"start":{"line":436,"column":24},"end":{"line":436,"column":36}},"loc":{"start":{"line":436,"column":36},"end":{"line":446,"column":null}},"line":436},"46":{"name":"(anonymous_46)","decl":{"start":{"line":442,"column":6},"end":{"line":442,"column":18}},"loc":{"start":{"line":442,"column":28},"end":{"line":442,"column":67}},"line":442},"47":{"name":"(anonymous_47)","decl":{"start":{"line":442,"column":34},"end":{"line":442,"column":42}},"loc":{"start":{"line":442,"column":48},"end":{"line":442,"column":66}},"line":442},"48":{"name":"(anonymous_48)","decl":{"start":{"line":502,"column":16},"end":{"line":502,"column":31}},"loc":{"start":{"line":502,"column":31},"end":{"line":502,"column":null}},"line":502},"49":{"name":"(anonymous_49)","decl":{"start":{"line":542,"column":10},"end":{"line":542,"column":24}},"loc":{"start":{"line":542,"column":34},"end":{"line":545,"column":null}},"line":542},"50":{"name":"(anonymous_50)","decl":{"start":{"line":546,"column":10},"end":{"line":546,"column":23}},"loc":{"start":{"line":546,"column":33},"end":{"line":549,"column":null}},"line":546},"51":{"name":"(anonymous_51)","decl":{"start":{"line":550,"column":10},"end":{"line":550,"column":24}},"loc":{"start":{"line":550,"column":34},"end":{"line":553,"column":null}},"line":550},"52":{"name":"(anonymous_52)","decl":{"start":{"line":611,"column":23},"end":{"line":611,"column":28}},"loc":{"start":{"line":612,"column":16},"end":{"line":619,"column":null}},"line":612},"53":{"name":"(anonymous_53)","decl":{"start":{"line":616,"column":18},"end":{"line":616,"column":32}},"loc":{"start":{"line":616,"column":32},"end":{"line":616,"column":null}},"line":616},"54":{"name":"(anonymous_54)","decl":{"start":{"line":617,"column":18},"end":{"line":617,"column":34}},"loc":{"start":{"line":617,"column":34},"end":{"line":617,"column":null}},"line":617},"55":{"name":"(anonymous_55)","decl":{"start":{"line":618,"column":18},"end":{"line":618,"column":34}},"loc":{"start":{"line":618,"column":34},"end":{"line":618,"column":null}},"line":618},"56":{"name":"(anonymous_56)","decl":{"start":{"line":627,"column":15},"end":{"line":627,"column":30}},"loc":{"start":{"line":627,"column":30},"end":{"line":627,"column":53}},"line":627},"57":{"name":"(anonymous_57)","decl":{"start":{"line":631,"column":12},"end":{"line":631,"column":23}},"loc":{"start":{"line":631,"column":29},"end":{"line":631,"column":null}},"line":631},"58":{"name":"(anonymous_58)","decl":{"start":{"line":632,"column":12},"end":{"line":632,"column":24}},"loc":{"start":{"line":632,"column":30},"end":{"line":643,"column":null}},"line":632},"59":{"name":"(anonymous_59)","decl":{"start":{"line":649,"column":46},"end":{"line":649,"column":61}},"loc":{"start":{"line":649,"column":61},"end":{"line":649,"column":84}},"line":649},"60":{"name":"(anonymous_60)","decl":{"start":{"line":652,"column":30},"end":{"line":652,"column":45}},"loc":{"start":{"line":652,"column":45},"end":{"line":652,"column":67}},"line":652},"61":{"name":"(anonymous_61)","decl":{"start":{"line":660,"column":15},"end":{"line":660,"column":30}},"loc":{"start":{"line":660,"column":30},"end":{"line":660,"column":53}},"line":660},"62":{"name":"(anonymous_62)","decl":{"start":{"line":666,"column":46},"end":{"line":666,"column":61}},"loc":{"start":{"line":666,"column":61},"end":{"line":666,"column":84}},"line":666},"63":{"name":"(anonymous_63)","decl":{"start":{"line":671,"column":14},"end":{"line":671,"column":29}},"loc":{"start":{"line":671,"column":29},"end":{"line":671,"column":null}},"line":671},"64":{"name":"(anonymous_64)","decl":{"start":{"line":681,"column":15},"end":{"line":681,"column":30}},"loc":{"start":{"line":681,"column":30},"end":{"line":681,"column":50}},"line":681},"65":{"name":"(anonymous_65)","decl":{"start":{"line":689,"column":12},"end":{"line":689,"column":23}},"loc":{"start":{"line":689,"column":29},"end":{"line":689,"column":null}},"line":689},"66":{"name":"(anonymous_66)","decl":{"start":{"line":690,"column":12},"end":{"line":690,"column":24}},"loc":{"start":{"line":690,"column":30},"end":{"line":701,"column":null}},"line":690},"67":{"name":"(anonymous_67)","decl":{"start":{"line":710,"column":14},"end":{"line":710,"column":29}},"loc":{"start":{"line":710,"column":29},"end":{"line":710,"column":null}},"line":710},"68":{"name":"(anonymous_68)","decl":{"start":{"line":714,"column":30},"end":{"line":714,"column":45}},"loc":{"start":{"line":714,"column":45},"end":{"line":714,"column":74}},"line":714},"69":{"name":"Modal","decl":{"start":{"line":724,"column":9},"end":{"line":724,"column":15}},"loc":{"start":{"line":732,"column":3},"end":{"line":772,"column":null}},"line":732},"70":{"name":"(anonymous_70)","decl":{"start":{"line":736,"column":2},"end":{"line":736,"column":18}},"loc":{"start":{"line":736,"column":18},"end":{"line":743,"column":5}},"line":736},"71":{"name":"(anonymous_71)","decl":{"start":{"line":749,"column":6},"end":{"line":749,"column":25}},"loc":{"start":{"line":749,"column":31},"end":{"line":755,"column":null}},"line":749},"72":{"name":"(anonymous_72)","decl":{"start":{"line":765,"column":8},"end":{"line":765,"column":18}},"loc":{"start":{"line":765,"column":24},"end":{"line":765,"column":null}},"line":765},"73":{"name":"MatchRow","decl":{"start":{"line":776,"column":9},"end":{"line":776,"column":18}},"loc":{"start":{"line":788,"column":3},"end":{"line":849,"column":null}},"line":788},"74":{"name":"(anonymous_74)","decl":{"start":{"line":816,"column":10},"end":{"line":816,"column":20}},"loc":{"start":{"line":816,"column":26},"end":{"line":816,"column":null}},"line":816},"75":{"name":"(anonymous_75)","decl":{"start":{"line":831,"column":10},"end":{"line":831,"column":20}},"loc":{"start":{"line":831,"column":26},"end":{"line":831,"column":null}},"line":831},"76":{"name":"isDemoPath","decl":{"start":{"line":851,"column":9},"end":{"line":851,"column":20}},"loc":{"start":{"line":851,"column":43},"end":{"line":854,"column":null}},"line":851},"77":{"name":"isDemoFile","decl":{"start":{"line":856,"column":9},"end":{"line":856,"column":20}},"loc":{"start":{"line":856,"column":41},"end":{"line":858,"column":null}},"line":856}},"branchMap":{"0":{"loc":{"start":{"line":55,"column":9},"end":{"line":55,"column":null}},"type":"cond-expr","locations":[{"start":{"line":55,"column":19},"end":{"line":55,"column":67}},{"start":{"line":55,"column":67},"end":{"line":55,"column":null}}],"line":55},"1":{"loc":{"start":{"line":64,"column":9},"end":{"line":64,"column":null}},"type":"binary-expr","locations":[{"start":{"line":64,"column":9},"end":{"line":64,"column":35}},{"start":{"line":64,"column":35},"end":{"line":64,"column":null}}],"line":64},"2":{"loc":{"start":{"line":68,"column":9},"end":{"line":70,"column":null}},"type":"cond-expr","locations":[{"start":{"line":69,"column":6},"end":{"line":69,"column":null}},{"start":{"line":70,"column":6},"end":{"line":70,"column":null}}],"line":68},"3":{"loc":{"start":{"line":68,"column":9},"end":{"line":68,"column":null}},"type":"binary-expr","locations":[{"start":{"line":68,"column":9},"end":{"line":68,"column":38}},{"start":{"line":68,"column":38},"end":{"line":68,"column":64}},{"start":{"line":68,"column":64},"end":{"line":68,"column":80}},{"start":{"line":68,"column":80},"end":{"line":68,"column":null}}],"line":68},"4":{"loc":{"start":{"line":74,"column":2},"end":{"line":74,"column":null}},"type":"if","locations":[{"start":{"line":74,"column":2},"end":{"line":74,"column":null}},{"start":{},"end":{}}],"line":74},"5":{"loc":{"start":{"line":76,"column":30},"end":{"line":76,"column":85}},"type":"binary-expr","locations":[{"start":{"line":76,"column":30},"end":{"line":76,"column":81}},{"start":{"line":76,"column":81},"end":{"line":76,"column":85}}],"line":76},"6":{"loc":{"start":{"line":77,"column":4},"end":{"line":77,"column":null}},"type":"if","locations":[{"start":{"line":77,"column":4},"end":{"line":77,"column":null}},{"start":{},"end":{}}],"line":77},"7":{"loc":{"start":{"line":77,"column":8},"end":{"line":77,"column":72}},"type":"binary-expr","locations":[{"start":{"line":77,"column":8},"end":{"line":77,"column":19}},{"start":{"line":77,"column":19},"end":{"line":77,"column":49}},{"start":{"line":77,"column":49},"end":{"line":77,"column":72}}],"line":77},"8":{"loc":{"start":{"line":92,"column":2},"end":{"line":92,"column":null}},"type":"if","locations":[{"start":{"line":92,"column":2},"end":{"line":92,"column":null}},{"start":{},"end":{}}],"line":92},"9":{"loc":{"start":{"line":94,"column":9},"end":{"line":94,"column":null}},"type":"cond-expr","locations":[{"start":{"line":94,"column":43},"end":{"line":94,"column":49}},{"start":{"line":94,"column":49},"end":{"line":94,"column":null}}],"line":94},"10":{"loc":{"start":{"line":94,"column":9},"end":{"line":94,"column":43}},"type":"binary-expr","locations":[{"start":{"line":94,"column":9},"end":{"line":94,"column":33}},{"start":{"line":94,"column":33},"end":{"line":94,"column":43}}],"line":94},"11":{"loc":{"start":{"line":97,"column":44},"end":{"line":97,"column":68}},"type":"default-arg","locations":[{"start":{"line":97,"column":57},"end":{"line":97,"column":68}}],"line":97},"12":{"loc":{"start":{"line":98,"column":2},"end":{"line":100,"column":null}},"type":"if","locations":[{"start":{"line":98,"column":2},"end":{"line":100,"column":null}},{"start":{},"end":{}}],"line":98},"13":{"loc":{"start":{"line":102,"column":18},"end":{"line":102,"column":null}},"type":"binary-expr","locations":[{"start":{"line":102,"column":18},"end":{"line":102,"column":39}},{"start":{"line":102,"column":39},"end":{"line":102,"column":null}}],"line":102},"14":{"loc":{"start":{"line":108,"column":2},"end":{"line":108,"column":null}},"type":"if","locations":[{"start":{"line":108,"column":2},"end":{"line":108,"column":null}},{"start":{},"end":{}}],"line":108},"15":{"loc":{"start":{"line":111,"column":4},"end":{"line":115,"column":null}},"type":"cond-expr","locations":[{"start":{"line":112,"column":8},"end":{"line":112,"column":null}},{"start":{"line":113,"column":8},"end":{"line":115,"column":null}}],"line":111},"16":{"loc":{"start":{"line":111,"column":4},"end":{"line":111,"column":null}},"type":"binary-expr","locations":[{"start":{"line":111,"column":4},"end":{"line":111,"column":28}},{"start":{"line":111,"column":28},"end":{"line":111,"column":null}}],"line":111},"17":{"loc":{"start":{"line":113,"column":8},"end":{"line":115,"column":null}},"type":"cond-expr","locations":[{"start":{"line":114,"column":10},"end":{"line":114,"column":null}},{"start":{"line":115,"column":10},"end":{"line":115,"column":null}}],"line":113},"18":{"loc":{"start":{"line":116,"column":52},"end":{"line":116,"column":101}},"type":"cond-expr","locations":[{"start":{"line":116,"column":75},"end":{"line":116,"column":100}},{"start":{"line":116,"column":100},"end":{"line":116,"column":101}}],"line":116},"19":{"loc":{"start":{"line":120,"column":2},"end":{"line":120,"column":null}},"type":"if","locations":[{"start":{"line":120,"column":2},"end":{"line":120,"column":null}},{"start":{},"end":{}}],"line":120},"20":{"loc":{"start":{"line":122,"column":15},"end":{"line":122,"column":null}},"type":"cond-expr","locations":[{"start":{"line":122,"column":54},"end":{"line":122,"column":71}},{"start":{"line":122,"column":71},"end":{"line":122,"column":null}}],"line":122},"21":{"loc":{"start":{"line":122,"column":15},"end":{"line":122,"column":54}},"type":"binary-expr","locations":[{"start":{"line":122,"column":15},"end":{"line":122,"column":33}},{"start":{"line":122,"column":33},"end":{"line":122,"column":54}}],"line":122},"22":{"loc":{"start":{"line":124,"column":4},"end":{"line":148,"column":null}},"type":"if","locations":[{"start":{"line":124,"column":4},"end":{"line":148,"column":null}},{"start":{"line":144,"column":11},"end":{"line":148,"column":null}}],"line":124},"23":{"loc":{"start":{"line":127,"column":19},"end":{"line":127,"column":null}},"type":"binary-expr","locations":[{"start":{"line":127,"column":19},"end":{"line":127,"column":40}},{"start":{"line":127,"column":40},"end":{"line":127,"column":52}},{"start":{"line":127,"column":52},"end":{"line":127,"column":null}}],"line":127},"24":{"loc":{"start":{"line":128,"column":19},"end":{"line":128,"column":null}},"type":"cond-expr","locations":[{"start":{"line":128,"column":30},"end":{"line":128,"column":62}},{"start":{"line":128,"column":62},"end":{"line":128,"column":null}}],"line":128},"25":{"loc":{"start":{"line":130,"column":8},"end":{"line":132,"column":null}},"type":"cond-expr","locations":[{"start":{"line":131,"column":12},"end":{"line":131,"column":null}},{"start":{"line":132,"column":12},"end":{"line":132,"column":null}}],"line":130},"26":{"loc":{"start":{"line":130,"column":8},"end":{"line":130,"column":null}},"type":"binary-expr","locations":[{"start":{"line":130,"column":8},"end":{"line":130,"column":32}},{"start":{"line":130,"column":32},"end":{"line":130,"column":43}},{"start":{"line":130,"column":43},"end":{"line":130,"column":61}},{"start":{"line":130,"column":61},"end":{"line":130,"column":null}}],"line":130},"27":{"loc":{"start":{"line":133,"column":28},"end":{"line":133,"column":null}},"type":"binary-expr","locations":[{"start":{"line":133,"column":28},"end":{"line":133,"column":57}},{"start":{"line":133,"column":57},"end":{"line":133,"column":74}},{"start":{"line":133,"column":74},"end":{"line":133,"column":null}}],"line":133},"28":{"loc":{"start":{"line":134,"column":33},"end":{"line":136,"column":null}},"type":"cond-expr","locations":[{"start":{"line":135,"column":10},"end":{"line":135,"column":null}},{"start":{"line":136,"column":10},"end":{"line":136,"column":null}}],"line":134},"29":{"loc":{"start":{"line":141,"column":14},"end":{"line":141,"column":null}},"type":"cond-expr","locations":[{"start":{"line":141,"column":35},"end":{"line":141,"column":99}},{"start":{"line":141,"column":99},"end":{"line":141,"column":null}}],"line":141},"30":{"loc":{"start":{"line":146,"column":19},"end":{"line":146,"column":null}},"type":"cond-expr","locations":[{"start":{"line":146,"column":55},"end":{"line":146,"column":89}},{"start":{"line":146,"column":89},"end":{"line":146,"column":null}}],"line":146},"31":{"loc":{"start":{"line":146,"column":19},"end":{"line":146,"column":55}},"type":"binary-expr","locations":[{"start":{"line":146,"column":19},"end":{"line":146,"column":44}},{"start":{"line":146,"column":44},"end":{"line":146,"column":55}}],"line":146},"32":{"loc":{"start":{"line":155,"column":2},"end":{"line":155,"column":null}},"type":"if","locations":[{"start":{"line":155,"column":2},"end":{"line":155,"column":null}},{"start":{},"end":{}}],"line":155},"33":{"loc":{"start":{"line":157,"column":2},"end":{"line":157,"column":null}},"type":"if","locations":[{"start":{"line":157,"column":2},"end":{"line":157,"column":null}},{"start":{},"end":{}}],"line":157},"34":{"loc":{"start":{"line":158,"column":2},"end":{"line":158,"column":null}},"type":"if","locations":[{"start":{"line":158,"column":2},"end":{"line":158,"column":null}},{"start":{},"end":{}}],"line":158},"35":{"loc":{"start":{"line":159,"column":2},"end":{"line":159,"column":null}},"type":"if","locations":[{"start":{"line":159,"column":2},"end":{"line":159,"column":null}},{"start":{},"end":{}}],"line":159},"36":{"loc":{"start":{"line":160,"column":2},"end":{"line":160,"column":null}},"type":"if","locations":[{"start":{"line":160,"column":2},"end":{"line":160,"column":null}},{"start":{},"end":{}}],"line":160},"37":{"loc":{"start":{"line":160,"column":6},"end":{"line":160,"column":66}},"type":"binary-expr","locations":[{"start":{"line":160,"column":6},"end":{"line":160,"column":37}},{"start":{"line":160,"column":37},"end":{"line":160,"column":66}}],"line":160},"38":{"loc":{"start":{"line":161,"column":2},"end":{"line":161,"column":null}},"type":"if","locations":[{"start":{"line":161,"column":2},"end":{"line":161,"column":null}},{"start":{},"end":{}}],"line":161},"39":{"loc":{"start":{"line":162,"column":2},"end":{"line":162,"column":null}},"type":"if","locations":[{"start":{"line":162,"column":2},"end":{"line":162,"column":null}},{"start":{},"end":{}}],"line":162},"40":{"loc":{"start":{"line":167,"column":2},"end":{"line":167,"column":null}},"type":"if","locations":[{"start":{"line":167,"column":2},"end":{"line":167,"column":null}},{"start":{},"end":{}}],"line":167},"41":{"loc":{"start":{"line":199,"column":20},"end":{"line":199,"column":null}},"type":"cond-expr","locations":[{"start":{"line":199,"column":37},"end":{"line":199,"column":78}},{"start":{"line":199,"column":78},"end":{"line":199,"column":null}}],"line":199},"42":{"loc":{"start":{"line":200,"column":45},"end":{"line":200,"column":72}},"type":"binary-expr","locations":[{"start":{"line":200,"column":45},"end":{"line":200,"column":71}},{"start":{"line":200,"column":71},"end":{"line":200,"column":72}}],"line":200},"43":{"loc":{"start":{"line":201,"column":18},"end":{"line":201,"column":null}},"type":"cond-expr","locations":[{"start":{"line":201,"column":35},"end":{"line":201,"column":81}},{"start":{"line":201,"column":81},"end":{"line":201,"column":null}}],"line":201},"44":{"loc":{"start":{"line":207,"column":18},"end":{"line":207,"column":null}},"type":"cond-expr","locations":[{"start":{"line":207,"column":38},"end":{"line":207,"column":51}},{"start":{"line":207,"column":51},"end":{"line":207,"column":null}}],"line":207},"45":{"loc":{"start":{"line":208,"column":24},"end":{"line":208,"column":null}},"type":"cond-expr","locations":[{"start":{"line":208,"column":36},"end":{"line":208,"column":78}},{"start":{"line":208,"column":78},"end":{"line":208,"column":null}}],"line":208},"46":{"loc":{"start":{"line":210,"column":4},"end":{"line":212,"column":null}},"type":"cond-expr","locations":[{"start":{"line":211,"column":8},"end":{"line":211,"column":null}},{"start":{"line":212,"column":8},"end":{"line":212,"column":null}}],"line":210},"47":{"loc":{"start":{"line":210,"column":4},"end":{"line":210,"column":null}},"type":"binary-expr","locations":[{"start":{"line":210,"column":4},"end":{"line":210,"column":17}},{"start":{"line":210,"column":17},"end":{"line":210,"column":35}},{"start":{"line":210,"column":35},"end":{"line":210,"column":null}}],"line":210},"48":{"loc":{"start":{"line":213,"column":30},"end":{"line":213,"column":null}},"type":"binary-expr","locations":[{"start":{"line":213,"column":30},"end":{"line":213,"column":57}},{"start":{"line":213,"column":57},"end":{"line":213,"column":null}}],"line":213},"49":{"loc":{"start":{"line":215,"column":4},"end":{"line":217,"column":null}},"type":"cond-expr","locations":[{"start":{"line":216,"column":8},"end":{"line":216,"column":null}},{"start":{"line":217,"column":8},"end":{"line":217,"column":null}}],"line":215},"50":{"loc":{"start":{"line":215,"column":4},"end":{"line":215,"column":null}},"type":"binary-expr","locations":[{"start":{"line":215,"column":4},"end":{"line":215,"column":17}},{"start":{"line":215,"column":17},"end":{"line":215,"column":null}}],"line":215},"51":{"loc":{"start":{"line":218,"column":27},"end":{"line":218,"column":null}},"type":"binary-expr","locations":[{"start":{"line":218,"column":27},"end":{"line":218,"column":40}},{"start":{"line":218,"column":40},"end":{"line":218,"column":58}},{"start":{"line":218,"column":58},"end":{"line":218,"column":94}},{"start":{"line":218,"column":94},"end":{"line":218,"column":null}}],"line":218},"52":{"loc":{"start":{"line":223,"column":8},"end":{"line":223,"column":null}},"type":"if","locations":[{"start":{"line":223,"column":8},"end":{"line":223,"column":null}},{"start":{},"end":{}}],"line":223},"53":{"loc":{"start":{"line":226,"column":8},"end":{"line":226,"column":null}},"type":"if","locations":[{"start":{"line":226,"column":8},"end":{"line":226,"column":null}},{"start":{},"end":{}}],"line":226},"54":{"loc":{"start":{"line":226,"column":37},"end":{"line":226,"column":79}},"type":"cond-expr","locations":[{"start":{"line":226,"column":58},"end":{"line":226,"column":70}},{"start":{"line":226,"column":70},"end":{"line":226,"column":79}}],"line":226},"55":{"loc":{"start":{"line":232,"column":6},"end":{"line":232,"column":null}},"type":"if","locations":[{"start":{"line":232,"column":6},"end":{"line":232,"column":null}},{"start":{},"end":{}}],"line":232},"56":{"loc":{"start":{"line":234,"column":6},"end":{"line":237,"column":null}},"type":"if","locations":[{"start":{"line":234,"column":6},"end":{"line":237,"column":null}},{"start":{},"end":{}}],"line":234},"57":{"loc":{"start":{"line":246,"column":37},"end":{"line":246,"column":null}},"type":"cond-expr","locations":[{"start":{"line":246,"column":60},"end":{"line":246,"column":85}},{"start":{"line":246,"column":85},"end":{"line":246,"column":null}}],"line":246},"58":{"loc":{"start":{"line":258,"column":10},"end":{"line":263,"column":null}},"type":"binary-expr","locations":[{"start":{"line":258,"column":10},"end":{"line":258,"column":44}},{"start":{"line":258,"column":44},"end":{"line":263,"column":null}}],"line":258},"59":{"loc":{"start":{"line":271,"column":24},"end":{"line":271,"column":null}},"type":"cond-expr","locations":[{"start":{"line":271,"column":45},"end":{"line":271,"column":57}},{"start":{"line":271,"column":57},"end":{"line":271,"column":null}}],"line":271},"60":{"loc":{"start":{"line":272,"column":8},"end":{"line":272,"column":null}},"type":"if","locations":[{"start":{"line":272,"column":8},"end":{"line":272,"column":null}},{"start":{},"end":{}}],"line":272},"61":{"loc":{"start":{"line":285,"column":4},"end":{"line":285,"column":null}},"type":"if","locations":[{"start":{"line":285,"column":4},"end":{"line":285,"column":null}},{"start":{},"end":{}}],"line":285},"62":{"loc":{"start":{"line":294,"column":6},"end":{"line":300,"column":null}},"type":"if","locations":[{"start":{"line":294,"column":6},"end":{"line":300,"column":null}},{"start":{},"end":{}}],"line":294},"63":{"loc":{"start":{"line":295,"column":8},"end":{"line":298,"column":null}},"type":"if","locations":[{"start":{"line":295,"column":8},"end":{"line":298,"column":null}},{"start":{},"end":{}}],"line":295},"64":{"loc":{"start":{"line":295,"column":12},"end":{"line":295,"column":68}},"type":"binary-expr","locations":[{"start":{"line":295,"column":12},"end":{"line":295,"column":39}},{"start":{"line":295,"column":39},"end":{"line":295,"column":68}}],"line":295},"65":{"loc":{"start":{"line":297,"column":80},"end":{"line":297,"column":110}},"type":"binary-expr","locations":[{"start":{"line":297,"column":80},"end":{"line":297,"column":107}},{"start":{"line":297,"column":107},"end":{"line":297,"column":110}}],"line":297},"66":{"loc":{"start":{"line":303,"column":8},"end":{"line":304,"column":null}},"type":"if","locations":[{"start":{"line":303,"column":8},"end":{"line":304,"column":null}},{"start":{"line":304,"column":13},"end":{"line":304,"column":null}}],"line":303},"67":{"loc":{"start":{"line":324,"column":4},"end":{"line":324,"column":null}},"type":"if","locations":[{"start":{"line":324,"column":4},"end":{"line":324,"column":null}},{"start":{},"end":{}}],"line":324},"68":{"loc":{"start":{"line":326,"column":4},"end":{"line":329,"column":null}},"type":"if","locations":[{"start":{"line":326,"column":4},"end":{"line":329,"column":null}},{"start":{},"end":{}}],"line":326},"69":{"loc":{"start":{"line":335,"column":17},"end":{"line":335,"column":null}},"type":"binary-expr","locations":[{"start":{"line":335,"column":17},"end":{"line":335,"column":51}},{"start":{"line":335,"column":51},"end":{"line":335,"column":null}}],"line":335},"70":{"loc":{"start":{"line":337,"column":4},"end":{"line":337,"column":null}},"type":"if","locations":[{"start":{"line":337,"column":4},"end":{"line":337,"column":null}},{"start":{},"end":{}}],"line":337},"71":{"loc":{"start":{"line":337,"column":8},"end":{"line":337,"column":28}},"type":"binary-expr","locations":[{"start":{"line":337,"column":8},"end":{"line":337,"column":17}},{"start":{"line":337,"column":17},"end":{"line":337,"column":28}}],"line":337},"72":{"loc":{"start":{"line":339,"column":4},"end":{"line":342,"column":null}},"type":"if","locations":[{"start":{"line":339,"column":4},"end":{"line":342,"column":null}},{"start":{},"end":{}}],"line":339},"73":{"loc":{"start":{"line":343,"column":4},"end":{"line":346,"column":null}},"type":"if","locations":[{"start":{"line":343,"column":4},"end":{"line":346,"column":null}},{"start":{},"end":{}}],"line":343},"74":{"loc":{"start":{"line":351,"column":4},"end":{"line":351,"column":null}},"type":"if","locations":[{"start":{"line":351,"column":4},"end":{"line":351,"column":null}},{"start":{},"end":{}}],"line":351},"75":{"loc":{"start":{"line":351,"column":8},"end":{"line":351,"column":52}},"type":"binary-expr","locations":[{"start":{"line":351,"column":8},"end":{"line":351,"column":33}},{"start":{"line":351,"column":33},"end":{"line":351,"column":52}}],"line":351},"76":{"loc":{"start":{"line":359,"column":4},"end":{"line":359,"column":null}},"type":"if","locations":[{"start":{"line":359,"column":4},"end":{"line":359,"column":null}},{"start":{},"end":{}}],"line":359},"77":{"loc":{"start":{"line":361,"column":4},"end":{"line":364,"column":null}},"type":"if","locations":[{"start":{"line":361,"column":4},"end":{"line":364,"column":null}},{"start":{},"end":{}}],"line":361},"78":{"loc":{"start":{"line":366,"column":4},"end":{"line":369,"column":null}},"type":"if","locations":[{"start":{"line":366,"column":4},"end":{"line":369,"column":null}},{"start":{},"end":{}}],"line":366},"79":{"loc":{"start":{"line":373,"column":39},"end":{"line":373,"column":62}},"type":"default-arg","locations":[{"start":{"line":373,"column":52},"end":{"line":373,"column":62}}],"line":373},"80":{"loc":{"start":{"line":374,"column":4},"end":{"line":374,"column":null}},"type":"if","locations":[{"start":{"line":374,"column":4},"end":{"line":374,"column":null}},{"start":{},"end":{}}],"line":374},"81":{"loc":{"start":{"line":383,"column":35},"end":{"line":383,"column":70}},"type":"cond-expr","locations":[{"start":{"line":383,"column":48},"end":{"line":383,"column":66}},{"start":{"line":383,"column":66},"end":{"line":383,"column":70}}],"line":383},"82":{"loc":{"start":{"line":390,"column":15},"end":{"line":390,"column":57}},"type":"cond-expr","locations":[{"start":{"line":390,"column":36},"end":{"line":390,"column":48}},{"start":{"line":390,"column":48},"end":{"line":390,"column":57}}],"line":390},"83":{"loc":{"start":{"line":396,"column":4},"end":{"line":396,"column":null}},"type":"if","locations":[{"start":{"line":396,"column":4},"end":{"line":396,"column":null}},{"start":{},"end":{}}],"line":396},"84":{"loc":{"start":{"line":399,"column":4},"end":{"line":409,"column":null}},"type":"if","locations":[{"start":{"line":399,"column":4},"end":{"line":409,"column":null}},{"start":{},"end":{}}],"line":399},"85":{"loc":{"start":{"line":399,"column":8},"end":{"line":399,"column":38}},"type":"binary-expr","locations":[{"start":{"line":399,"column":8},"end":{"line":399,"column":16}},{"start":{"line":399,"column":16},"end":{"line":399,"column":38}}],"line":399},"86":{"loc":{"start":{"line":403,"column":28},"end":{"line":403,"column":61}},"type":"cond-expr","locations":[{"start":{"line":403,"column":49},"end":{"line":403,"column":59}},{"start":{"line":403,"column":59},"end":{"line":403,"column":61}}],"line":403},"87":{"loc":{"start":{"line":406,"column":17},"end":{"line":406,"column":59}},"type":"cond-expr","locations":[{"start":{"line":406,"column":38},"end":{"line":406,"column":50}},{"start":{"line":406,"column":50},"end":{"line":406,"column":59}}],"line":406},"88":{"loc":{"start":{"line":410,"column":4},"end":{"line":410,"column":null}},"type":"if","locations":[{"start":{"line":410,"column":4},"end":{"line":410,"column":null}},{"start":{},"end":{}}],"line":410},"89":{"loc":{"start":{"line":420,"column":4},"end":{"line":420,"column":null}},"type":"if","locations":[{"start":{"line":420,"column":4},"end":{"line":420,"column":null}},{"start":{},"end":{}}],"line":420},"90":{"loc":{"start":{"line":423,"column":4},"end":{"line":423,"column":null}},"type":"if","locations":[{"start":{"line":423,"column":4},"end":{"line":423,"column":null}},{"start":{},"end":{}}],"line":423},"91":{"loc":{"start":{"line":423,"column":8},"end":{"line":423,"column":39}},"type":"binary-expr","locations":[{"start":{"line":423,"column":8},"end":{"line":423,"column":17}},{"start":{"line":423,"column":17},"end":{"line":423,"column":39}}],"line":423},"92":{"loc":{"start":{"line":426,"column":46},"end":{"line":426,"column":79}},"type":"cond-expr","locations":[{"start":{"line":426,"column":67},"end":{"line":426,"column":77}},{"start":{"line":426,"column":77},"end":{"line":426,"column":79}}],"line":426},"93":{"loc":{"start":{"line":428,"column":15},"end":{"line":428,"column":57}},"type":"cond-expr","locations":[{"start":{"line":428,"column":36},"end":{"line":428,"column":48}},{"start":{"line":428,"column":48},"end":{"line":428,"column":57}}],"line":428},"94":{"loc":{"start":{"line":438,"column":4},"end":{"line":438,"column":null}},"type":"if","locations":[{"start":{"line":438,"column":4},"end":{"line":438,"column":null}},{"start":{},"end":{}}],"line":438},"95":{"loc":{"start":{"line":444,"column":15},"end":{"line":444,"column":57}},"type":"cond-expr","locations":[{"start":{"line":444,"column":36},"end":{"line":444,"column":48}},{"start":{"line":444,"column":48},"end":{"line":444,"column":57}}],"line":444},"96":{"loc":{"start":{"line":453,"column":7},"end":{"line":463,"column":null}},"type":"binary-expr","locations":[{"start":{"line":453,"column":7},"end":{"line":453,"column":null}},{"start":{"line":454,"column":8},"end":{"line":463,"column":null}}],"line":453},"97":{"loc":{"start":{"line":466,"column":7},"end":{"line":510,"column":null}},"type":"binary-expr","locations":[{"start":{"line":466,"column":7},"end":{"line":466,"column":null}},{"start":{"line":467,"column":8},"end":{"line":510,"column":null}}],"line":466},"98":{"loc":{"start":{"line":491,"column":21},"end":{"line":491,"column":63}},"type":"binary-expr","locations":[{"start":{"line":491,"column":21},"end":{"line":491,"column":46}},{"start":{"line":491,"column":46},"end":{"line":491,"column":63}}],"line":491},"99":{"loc":{"start":{"line":496,"column":21},"end":{"line":496,"column":108}},"type":"cond-expr","locations":[{"start":{"line":496,"column":40},"end":{"line":496,"column":58}},{"start":{"line":496,"column":58},"end":{"line":496,"column":108}}],"line":496},"100":{"loc":{"start":{"line":561,"column":12},"end":{"line":565,"column":null}},"type":"cond-expr","locations":[{"start":{"line":562,"column":16},"end":{"line":562,"column":null}},{"start":{"line":563,"column":16},"end":{"line":565,"column":null}}],"line":561},"101":{"loc":{"start":{"line":563,"column":16},"end":{"line":565,"column":null}},"type":"cond-expr","locations":[{"start":{"line":564,"column":18},"end":{"line":564,"column":null}},{"start":{"line":565,"column":18},"end":{"line":565,"column":null}}],"line":563},"102":{"loc":{"start":{"line":568,"column":11},"end":{"line":595,"column":null}},"type":"cond-expr","locations":[{"start":{"line":569,"column":12},"end":{"line":585,"column":null}},{"start":{"line":585,"column":12},"end":{"line":595,"column":null}}],"line":568},"103":{"loc":{"start":{"line":580,"column":57},"end":{"line":580,"column":null}},"type":"cond-expr","locations":[{"start":{"line":580,"column":76},"end":{"line":580,"column":94}},{"start":{"line":580,"column":94},"end":{"line":580,"column":null}}],"line":580},"104":{"loc":{"start":{"line":589,"column":19},"end":{"line":589,"column":null}},"type":"cond-expr","locations":[{"start":{"line":589,"column":30},"end":{"line":589,"column":48}},{"start":{"line":589,"column":48},"end":{"line":589,"column":null}}],"line":589},"105":{"loc":{"start":{"line":599,"column":9},"end":{"line":602,"column":null}},"type":"binary-expr","locations":[{"start":{"line":599,"column":9},"end":{"line":599,"column":null}},{"start":{"line":600,"column":10},"end":{"line":602,"column":null}}],"line":599},"106":{"loc":{"start":{"line":605,"column":9},"end":{"line":622,"column":null}},"type":"binary-expr","locations":[{"start":{"line":605,"column":9},"end":{"line":605,"column":null}},{"start":{"line":606,"column":10},"end":{"line":622,"column":null}}],"line":605},"107":{"loc":{"start":{"line":626,"column":7},"end":{"line":656,"column":null}},"type":"binary-expr","locations":[{"start":{"line":626,"column":7},"end":{"line":626,"column":null}},{"start":{"line":627,"column":8},"end":{"line":656,"column":null}}],"line":626},"108":{"loc":{"start":{"line":633,"column":14},"end":{"line":637,"column":null}},"type":"if","locations":[{"start":{"line":633,"column":14},"end":{"line":637,"column":null}},{"start":{},"end":{}}],"line":633},"109":{"loc":{"start":{"line":638,"column":14},"end":{"line":642,"column":null}},"type":"if","locations":[{"start":{"line":638,"column":14},"end":{"line":642,"column":null}},{"start":{},"end":{}}],"line":638},"110":{"loc":{"start":{"line":659,"column":7},"end":{"line":677,"column":null}},"type":"binary-expr","locations":[{"start":{"line":659,"column":7},"end":{"line":659,"column":null}},{"start":{"line":660,"column":8},"end":{"line":677,"column":null}}],"line":659},"111":{"loc":{"start":{"line":680,"column":7},"end":{"line":718,"column":null}},"type":"binary-expr","locations":[{"start":{"line":680,"column":7},"end":{"line":680,"column":null}},{"start":{"line":681,"column":8},"end":{"line":718,"column":null}}],"line":680},"112":{"loc":{"start":{"line":691,"column":14},"end":{"line":695,"column":null}},"type":"if","locations":[{"start":{"line":691,"column":14},"end":{"line":695,"column":null}},{"start":{},"end":{}}],"line":691},"113":{"loc":{"start":{"line":696,"column":14},"end":{"line":700,"column":null}},"type":"if","locations":[{"start":{"line":696,"column":14},"end":{"line":700,"column":null}},{"start":{},"end":{}}],"line":696},"114":{"loc":{"start":{"line":738,"column":4},"end":{"line":738,"column":null}},"type":"if","locations":[{"start":{"line":738,"column":4},"end":{"line":738,"column":null}},{"start":{},"end":{}}],"line":738},"115":{"loc":{"start":{"line":742,"column":5},"end":{"line":742,"column":28}},"type":"binary-expr","locations":[{"start":{"line":742,"column":5},"end":{"line":742,"column":23}},{"start":{"line":742,"column":23},"end":{"line":742,"column":28}}],"line":742},"116":{"loc":{"start":{"line":751,"column":8},"end":{"line":754,"column":null}},"type":"if","locations":[{"start":{"line":751,"column":8},"end":{"line":754,"column":null}},{"start":{},"end":{}}],"line":751},"117":{"loc":{"start":{"line":795,"column":8},"end":{"line":795,"column":null}},"type":"cond-expr","locations":[{"start":{"line":795,"column":16},"end":{"line":795,"column":21}},{"start":{"line":795,"column":21},"end":{"line":795,"column":null}}],"line":795},"118":{"loc":{"start":{"line":853,"column":9},"end":{"line":853,"column":null}},"type":"binary-expr","locations":[{"start":{"line":853,"column":9},"end":{"line":853,"column":35}},{"start":{"line":853,"column":35},"end":{"line":853,"column":65}},{"start":{"line":853,"column":65},"end":{"line":853,"column":null}}],"line":853}},"s":{"0":1,"1":1,"2":1,"3":1,"4":1,"5":1,"6":1,"7":1,"8":1,"9":1,"10":1,"11":1,"12":1,"13":4,"14":4,"15":4,"16":4,"17":3,"18":5,"19":5,"20":1,"21":3,"22":0,"23":3,"24":3,"25":3,"26":0,"27":0,"28":0,"29":3,"30":0,"31":0,"32":0,"33":0,"34":1,"35":0,"36":1,"37":1,"38":1,"39":1,"40":1,"41":0,"42":1,"43":1,"44":1,"45":1,"46":0,"47":1,"48":1,"49":1,"50":1,"51":1,"52":1,"53":1,"54":1,"55":1,"56":1,"57":1,"58":1,"59":0,"60":0,"61":0,"62":2,"63":0,"64":2,"65":2,"66":0,"67":2,"68":0,"69":2,"70":0,"71":2,"72":0,"73":2,"74":0,"75":2,"76":2,"77":0,"78":1,"79":1,"80":0,"81":23,"82":23,"83":23,"84":23,"85":23,"86":23,"87":23,"88":23,"89":3,"90":23,"91":23,"92":23,"93":23,"94":23,"95":23,"96":23,"97":23,"98":23,"99":23,"100":23,"101":23,"102":23,"103":23,"104":23,"105":23,"106":23,"107":23,"108":23,"109":23,"110":3,"111":3,"112":3,"113":0,"114":0,"115":23,"116":1,"117":0,"118":1,"119":1,"120":0,"121":0,"122":1,"123":1,"124":1,"125":1,"126":1,"127":1,"128":1,"129":1,"130":1,"131":1,"132":1,"133":1,"134":1,"135":1,"136":1,"137":0,"138":1,"139":1,"140":1,"141":1,"142":1,"143":0,"144":0,"145":0,"146":1,"147":1,"148":1,"149":1,"150":1,"151":23,"152":5,"153":4,"154":1,"155":0,"156":1,"157":1,"158":23,"159":3,"160":3,"161":0,"162":0,"163":0,"164":0,"165":0,"166":0,"167":3,"168":0,"169":3,"170":3,"171":3,"172":3,"173":23,"174":3,"175":3,"176":3,"177":3,"178":3,"179":23,"180":0,"181":0,"182":0,"183":0,"184":0,"185":0,"186":0,"187":0,"188":23,"189":2,"190":2,"191":2,"192":0,"193":2,"194":2,"195":0,"196":0,"197":2,"198":1,"199":1,"200":1,"201":23,"202":0,"203":0,"204":0,"205":0,"206":23,"207":0,"208":0,"209":0,"210":0,"211":0,"212":0,"213":0,"214":0,"215":0,"216":0,"217":0,"218":0,"219":0,"220":23,"221":2,"222":0,"223":2,"224":2,"225":2,"226":2,"227":23,"228":0,"229":0,"230":0,"231":23,"232":1,"233":1,"234":0,"235":1,"236":1,"237":1,"238":1,"239":1,"240":1,"241":1,"242":1,"243":0,"244":0,"245":1,"246":1,"247":23,"248":0,"249":0,"250":23,"251":0,"252":0,"253":0,"254":0,"255":0,"256":0,"257":0,"258":0,"259":0,"260":0,"261":0,"262":0,"263":0,"264":23,"265":0,"266":23,"267":0,"268":0,"269":0,"270":0,"271":0,"272":0,"273":0,"274":0,"275":0,"276":0,"277":23,"278":0,"279":0,"280":0,"281":0,"282":0,"283":0,"284":0,"285":18,"286":1,"287":0,"288":0,"289":0,"290":0,"291":0,"292":0,"293":0,"294":0,"295":0,"296":0,"297":0,"298":0,"299":0,"300":0,"301":0,"302":0,"303":0,"304":0,"305":12,"306":0,"307":0,"308":0,"309":0,"310":0,"311":0,"312":0,"313":0,"314":0,"315":1,"316":13,"317":13,"318":13,"319":1,"320":1,"321":0,"322":1,"323":1,"324":13,"325":12,"326":12,"327":0,"328":0,"329":2,"330":18,"331":18,"332":0,"333":0,"334":2,"335":2,"336":2},"f":{"0":4,"1":3,"2":5,"3":1,"4":3,"5":0,"6":1,"7":1,"8":1,"9":2,"10":1,"11":23,"12":3,"13":3,"14":3,"15":0,"16":1,"17":0,"18":1,"19":5,"20":0,"21":1,"22":3,"23":0,"24":0,"25":3,"26":0,"27":3,"28":3,"29":3,"30":3,"31":0,"32":2,"33":0,"34":0,"35":2,"36":0,"37":1,"38":1,"39":1,"40":0,"41":0,"42":0,"43":0,"44":0,"45":0,"46":0,"47":0,"48":0,"49":0,"50":0,"51":0,"52":18,"53":1,"54":0,"55":0,"56":0,"57":0,"58":0,"59":0,"60":0,"61":0,"62":0,"63":0,"64":0,"65":12,"66":0,"67":0,"68":1,"69":13,"70":1,"71":12,"72":2,"73":18,"74":0,"75":0,"76":2,"77":2},"b":{"0":[0,4],"1":[5,5],"2":[1,0],"3":[1,1,1,1],"4":[0,3],"5":[3,0],"6":[0,3],"7":[3,0,0],"8":[0,0],"9":[0,0],"10":[0,0],"11":[1],"12":[0,1],"13":[1,1],"14":[0,1],"15":[0,1],"16":[1,0],"17":[0,1],"18":[0,1],"19":[0,1],"20":[1,0],"21":[1,1],"22":[1,0],"23":[1,1,0],"24":[1,0],"25":[0,1],"26":[1,0,0,0],"27":[1,1,1],"28":[0,1],"29":[0,1],"30":[0,0],"31":[0,0],"32":[0,2],"33":[0,2],"34":[0,2],"35":[0,2],"36":[0,2],"37":[2,2],"38":[0,2],"39":[2,0],"40":[1,0],"41":[1,22],"42":[23,22],"43":[1,22],"44":[0,23],"45":[1,22],"46":[0,23],"47":[23,1,1],"48":[23,23],"49":[1,22],"50":[23,1],"51":[23,1,1,0],"52":[3,0],"53":[0,0],"54":[0,0],"55":[0,1],"56":[0,1],"57":[0,1],"58":[1,0],"59":[0,0],"60":[0,0],"61":[4,1],"62":[0,0],"63":[0,0],"64":[0,0],"65":[0,0],"66":[0,3],"67":[0,0],"68":[0,0],"69":[2,0],"70":[0,2],"71":[2,2],"72":[0,2],"73":[1,1],"74":[0,0],"75":[0,0],"76":[0,0],"77":[0,0],"78":[0,0],"79":[2],"80":[0,2],"81":[0,2],"82":[0,0],"83":[0,1],"84":[1,0],"85":[1,1],"86":[1,0],"87":[0,0],"88":[1,0],"89":[0,0],"90":[0,0],"91":[0,0],"92":[0,0],"93":[0,0],"94":[0,0],"95":[0,0],"96":[23,2],"97":[23,1],"98":[1,0],"99":[0,1],"100":[1,22],"101":[0,22],"102":[1,22],"103":[0,1],"104":[0,22],"105":[23,2],"106":[23,18],"107":[23,0],"108":[0,0],"109":[0,0],"110":[23,0],"111":[23,13],"112":[0,0],"113":[0,0],"114":[0,1],"115":[1,0],"116":[0,12],"117":[18,0],"118":[2,1,1]},"meta":{"lastBranch":119,"lastFunction":78,"lastStatement":337,"seen":{"s:1:0:1:Infinity":0,"s:38:27:38:Infinity":1,"s:39:27:39:Infinity":2,"s:40:22:40:Infinity":3,"s:41:35:41:Infinity":4,"s:42:31:42:Infinity":5,"s:43:38:43:Infinity":6,"s:44:31:44:Infinity":7,"s:45:34:45:Infinity":8,"s:46:26:46:Infinity":9,"s:47:26:47:Infinity":10,"s:48:33:48:Infinity":11,"s:49:33:49:Infinity":12,"f:51:9:51:24":0,"s:52:16:52:Infinity":13,"s:53:14:53:Infinity":14,"s:54:14:54:Infinity":15,"s:55:2:55:Infinity":16,"b:55:19:55:67:55:67:55:Infinity":0,"f:58:9:58:25":1,"s:59:2:59:Infinity":17,"f:62:9:62:22":2,"s:63:16:63:Infinity":18,"s:64:2:64:Infinity":19,"b:64:9:64:35:64:35:64:Infinity":1,"f:67:9:67:23":3,"s:68:2:70:Infinity":20,"b:69:6:69:Infinity:70:6:70:Infinity":2,"b:68:9:68:38:68:38:68:64:68:64:68:80:68:80:68:Infinity":3,"f:73:9:73:86":4,"b:74:2:74:Infinity:undefined:undefined:undefined:undefined":4,"s:74:2:74:Infinity":21,"s:74:37:74:Infinity":22,"s:75:2:88:Infinity":23,"s:76:19:76:Infinity":24,"b:76:30:76:81:76:81:76:85":5,"b:77:4:77:Infinity:undefined:undefined:undefined:undefined":6,"s:77:4:77:Infinity":25,"b:77:8:77:19:77:19:77:49:77:49:77:72":7,"s:77:72:77:Infinity":26,"s:78:19:78:Infinity":27,"s:82:4:85:Infinity":28,"s:87:4:87:Infinity":29,"f:91:9:91:43":5,"b:92:2:92:Infinity:undefined:undefined:undefined:undefined":8,"s:92:2:92:Infinity":30,"s:92:37:92:Infinity":31,"s:93:14:93:Infinity":32,"s:94:2:94:Infinity":33,"b:94:43:94:49:94:49:94:Infinity":9,"b:94:9:94:33:94:33:94:43":10,"f:97:9:97:29":6,"b:97:57:97:68":11,"b:98:2:100:Infinity:undefined:undefined:undefined:undefined":12,"s:98:2:100:Infinity":34,"s:99:4:99:Infinity":35,"s:101:17:101:Infinity":36,"s:102:18:102:Infinity":37,"b:102:18:102:39:102:39:102:Infinity":13,"s:103:2:103:Infinity":38,"f:106:9:106:27":7,"s:107:15:107:Infinity":39,"b:108:2:108:Infinity:undefined:undefined:undefined:undefined":14,"s:108:2:108:Infinity":40,"s:108:13:108:Infinity":41,"s:109:17:109:Infinity":42,"s:111:4:115:Infinity":43,"b:112:8:112:Infinity:113:8:115:Infinity":15,"b:111:4:111:28:111:28:111:Infinity":16,"b:114:10:114:Infinity:115:10:115:Infinity":17,"s:116:2:116:Infinity":44,"b:116:75:116:100:116:100:116:101":18,"f:119:9:119:27":8,"b:120:2:120:Infinity:undefined:undefined:undefined:undefined":19,"s:120:2:120:Infinity":45,"s:120:37:120:Infinity":46,"s:121:18:121:Infinity":47,"s:122:15:122:Infinity":48,"b:122:54:122:71:122:71:122:Infinity":20,"b:122:15:122:33:122:33:122:54":21,"s:123:2:151:Infinity":49,"b:124:4:148:Infinity:144:11:148:Infinity":22,"s:124:4:148:Infinity":50,"s:125:23:125:Infinity":51,"s:126:21:126:Infinity":52,"s:127:19:127:Infinity":53,"b:127:19:127:40:127:40:127:52:127:52:127:Infinity":23,"s:128:19:128:Infinity":54,"b:128:30:128:62:128:62:128:Infinity":24,"s:130:8:132:Infinity":55,"b:131:12:131:Infinity:132:12:132:Infinity":25,"b:130:8:130:32:130:32:130:43:130:43:130:61:130:61:130:Infinity":26,"s:133:28:133:Infinity":56,"b:133:28:133:57:133:57:133:74:133:74:133:Infinity":27,"s:134:33:136:Infinity":57,"b:135:10:135:Infinity:136:10:136:Infinity":28,"s:137:6:143:Infinity":58,"b:141:35:141:99:141:99:141:Infinity":29,"s:145:19:145:Infinity":59,"s:146:19:146:Infinity":60,"b:146:55:146:89:146:89:146:Infinity":30,"b:146:19:146:44:146:44:146:55":31,"s:147:6:147:Infinity":61,"f:154:9:154:46":9,"b:155:2:155:Infinity:undefined:undefined:undefined:undefined":32,"s:155:2:155:Infinity":62,"s:155:37:155:Infinity":63,"s:156:28:156:Infinity":64,"b:157:2:157:Infinity:undefined:undefined:undefined:undefined":33,"s:157:2:157:Infinity":65,"s:157:37:157:Infinity":66,"b:158:2:158:Infinity:undefined:undefined:undefined:undefined":34,"s:158:2:158:Infinity":67,"s:158:42:158:Infinity":68,"b:159:2:159:Infinity:undefined:undefined:undefined:undefined":35,"s:159:2:159:Infinity":69,"s:159:32:159:Infinity":70,"b:160:2:160:Infinity:undefined:undefined:undefined:undefined":36,"s:160:2:160:Infinity":71,"b:160:6:160:37:160:37:160:66":37,"s:160:66:160:Infinity":72,"b:161:2:161:Infinity:undefined:undefined:undefined:undefined":38,"s:161:2:161:Infinity":73,"s:161:38:161:Infinity":74,"b:162:2:162:Infinity:undefined:undefined:undefined:undefined":39,"s:162:2:162:Infinity":75,"s:162:23:162:Infinity":76,"s:163:2:163:Infinity":77,"f:166:9:166:27":10,"b:167:2:167:Infinity:undefined:undefined:undefined:undefined":40,"s:167:2:167:Infinity":78,"s:167:34:167:Infinity":79,"s:168:2:168:Infinity":80,"f:171:24:171:31":11,"s:172:17:172:27":81,"s:173:36:173:Infinity":82,"s:174:32:174:Infinity":83,"s:175:34:175:Infinity":84,"s:176:28:176:Infinity":85,"s:177:44:181:Infinity":86,"s:182:46:182:Infinity":87,"s:183:34:183:Infinity":88,"f:183:34:183:49":12,"s:183:49:183:59":89,"s:184:32:184:Infinity":90,"s:187:42:187:Infinity":91,"s:188:40:188:Infinity":92,"s:189:42:189:Infinity":93,"s:193:36:193:Infinity":94,"s:194:44:194:Infinity":95,"s:195:48:195:Infinity":96,"s:196:33:196:Infinity":97,"s:197:29:197:Infinity":98,"s:198:23:198:Infinity":99,"s:199:20:199:Infinity":100,"b:199:37:199:78:199:78:199:Infinity":41,"s:200:21:200:Infinity":101,"b:200:45:200:71:200:71:200:72":42,"s:201:18:201:Infinity":102,"b:201:35:201:81:201:81:201:Infinity":43,"s:207:18:207:Infinity":103,"b:207:38:207:51:207:51:207:Infinity":44,"s:208:24:208:Infinity":104,"b:208:36:208:78:208:78:208:Infinity":45,"s:210:4:212:Infinity":105,"b:211:8:211:Infinity:212:8:212:Infinity":46,"b:210:4:210:17:210:17:210:35:210:35:210:Infinity":47,"s:213:30:213:Infinity":106,"b:213:30:213:57:213:57:213:Infinity":48,"s:215:4:217:Infinity":107,"b:216:8:216:Infinity:217:8:217:Infinity":49,"b:215:4:215:17:215:17:215:Infinity":50,"s:218:27:218:Infinity":108,"b:218:27:218:40:218:40:218:58:218:58:218:94:218:94:218:Infinity":51,"s:220:25:228:Infinity":109,"f:220:37:220:44":13,"s:221:4:227:Infinity":110,"f:222:7:222:13":14,"b:223:8:223:Infinity:undefined:undefined:undefined:undefined":52,"s:223:8:223:Infinity":111,"s:223:28:223:Infinity":112,"f:225:7:225:14":15,"b:226:8:226:Infinity:undefined:undefined:undefined:undefined":53,"s:226:8:226:Infinity":113,"s:226:28:226:Infinity":114,"b:226:58:226:70:226:70:226:79":54,"s:230:22:282:Infinity":115,"f:231:4:231:11":16,"b:232:6:232:Infinity:undefined:undefined:undefined:undefined":55,"s:232:6:232:Infinity":116,"s:232:21:232:Infinity":117,"s:233:24:233:Infinity":118,"b:234:6:237:Infinity:undefined:undefined:undefined:undefined":56,"s:234:6:237:Infinity":119,"s:235:8:235:Infinity":120,"s:236:8:236:Infinity":121,"s:238:6:238:Infinity":122,"s:239:22:239:Infinity":123,"s:240:23:240:Infinity":124,"s:241:6:279:Infinity":125,"s:242:8:242:Infinity":126,"s:243:8:243:Infinity":127,"s:244:8:244:Infinity":128,"s:245:8:245:Infinity":129,"s:246:8:246:Infinity":130,"b:246:60:246:85:246:85:246:Infinity":57,"s:247:8:247:Infinity":131,"s:248:8:248:Infinity":132,"s:249:19:249:Infinity":133,"s:250:25:250:Infinity":134,"s:251:8:251:Infinity":135,"s:255:22:255:Infinity":136,"f:255:42:255:54":17,"s:255:54:255:74":137,"s:256:8:256:Infinity":138,"s:258:10:263:Infinity":139,"b:258:10:258:44:258:44:263:Infinity":58,"f:258:16:258:22":18,"s:258:28:258:39":140,"s:268:8:268:Infinity":141,"s:269:8:269:Infinity":142,"s:271:24:271:Infinity":143,"b:271:45:271:57:271:57:271:Infini
[...]
2:144:Infinity:undefined:undefined:undefined:undefined":28,"s:142:2:144:Infinity":66,"b:142:6:142:41:142:41:142:71":29,"s:143:4:143:Infinity":67,"s:145:27:145:Infinity":68,"s:146:2:168:Infinity":69,"b:147:4:149:Infinity:undefined:undefined:undefined:undefined":30,"s:147:4:149:Infinity":70,"s:148:6:148:Infinity":71,"b:150:4:152:Infinity:undefined:undefined:undefined:undefined":31,"s:150:4:152:Infinity":72,"s:151:6:151:Infinity":73,"s:153:4:153:Infinity":74,"s:154:19:154:Infinity":75,"s:155:19:155:Infinity":76,"s:156:20:156:Infinity":77,"s:157:24:157:Infinity":78,"s:158:29:158:Infinity":79,"s:160:6:164:Infinity":80,"b:160:6:160:Infinity:161:6:161:Infinity:162:6:162:Infinity:163:6:163:Infinity:164:6:164:Infinity":32,"b:165:4:167:Infinity:undefined:undefined:undefined:undefined":33,"s:165:4:167:Infinity":81,"s:166:6:166:Infinity":82,"s:169:2:172:Infinity":83,"f:175:22:175:67":28,"s:176:13:176:Infinity":84,"s:177:2:188:Infinity":85,"s:178:15:178:Infinity":86,"s:179:20:181:Infinity":87,"s:182:4:185:Infinity":88,"f:184:7:184:15":29,"s:184:46:184:59":89,"f:185:7:185:13":30,"s:185:22:185:47":90,"s:187:4:187:Infinity":91,"f:190:22:190:41":31,"s:191:13:191:Infinity":92,"s:192:2:201:Infinity":93,"s:193:15:193:Infinity":94,"s:194:17:196:Infinity":95,"b:197:4:197:Infinity:undefined:undefined:undefined:undefined":34,"s:197:4:197:Infinity":96,"s:197:15:197:Infinity":97,"s:198:4:198:Infinity":98,"s:200:4:200:Infinity":99,"f:204:22:204:38":32,"s:205:13:205:Infinity":100,"s:206:2:215:Infinity":101,"s:207:15:207:Infinity":102,"s:208:17:210:Infinity":103,"b:211:4:211:Infinity:undefined:undefined:undefined:undefined":35,"s:211:4:211:Infinity":104,"s:211:15:211:Infinity":105,"s:212:4:212:Infinity":106,"s:214:4:214:Infinity":107,"f:218:22:218:40":33,"s:219:13:219:Infinity":108,"s:220:2:233:Infinity":109,"s:221:15:221:Infinity":110,"s:222:4:222:Infinity":111,"s:223:19:223:Infinity":112,"s:224:4:229:Infinity":113,"f:225:43:225:Infinity":34,"s:227:8:227:Infinity":114,"s:227:32:227:Infinity":115,"s:230:4:230:Infinity":116,"s:232:4:232:Infinity":117,"f:236:22:236:40":35,"s:237:13:237:Infinity":118,"s:238:2:256:Infinity":119,"s:239:15:239:Infinity":120,"s:240:18:240:Infinity":121,"s:241:39:241:Infinity":122,"s:242:4:250:Infinity":123,"f:243:18:243:Infinity":36,"b:245:8:245:Infinity:undefined:undefined:undefined:undefined":36,"s:245:8:245:Infinity":124,"s:245:19:245:Infinity":125,"s:246:24:246:Infinity":126,"s:247:8:247:Infinity":127,"s:248:8:248:Infinity":128,"b:248:18:248:49:248:49:248:Infinity":37,"s:251:4:251:Infinity":129,"b:252:4:252:Infinity:undefined:undefined:undefined:undefined":38,"s:252:4:252:Infinity":130,"s:252:18:252:Infinity":131,"s:253:4:253:Infinity":132,"s:255:4:255:Infinity":133,"f:259:22:259:38":37,"s:260:2:260:Infinity":134,"s:261:13:261:Infinity":135,"s:262:32:267:Infinity":136,"s:268:30:271:Infinity":137,"s:272:2:294:Infinity":138,"s:273:15:273:Infinity":139,"s:274:19:274:Infinity":140,"s:275:4:289:Infinity":141,"f:276:43:276:Infinity":38,"s:278:8:278:Infinity":142,"s:278:40:278:Infinity":143,"s:279:8:279:Infinity":144,"s:280:8:287:Infinity":145,"s:281:10:286:Infinity":146,"s:290:4:290:Infinity":147,"s:291:4:291:Infinity":148,"s:293:4:293:Infinity":149},"fnNames":{}}}
,"/Users/julescavanier/Desktop/gotvanalyser/desktop/src/lib/backends/browser.ts": {"path":"/Users/julescavanier/Desktop/gotvanalyser/desktop/src/lib/backends/browser.ts","statementMap":{"0":{"start":{"line":11,"column":22},"end":{"line":11,"column":null}},"1":{"start":{"line":14,"column":4},"end":{"line":14,"column":null}},"2":{"start":{"line":14,"column":43},"end":{"line":14,"column":null}},"3":{"start":{"line":18,"column":4},"end":{"line":18,"column":null}},"4":{"start":{"line":19,"column":4},"end":{"line":19,"column":null}},"5":{"start":{"line":19,"column":17},"end":{"line":19,"column":null}},"6":{"start":{"line":23,"column":20},"end":{"line":23,"column":null}},"7":{"start":{"line":24,"column":34},"end":{"line":24,"column":null}},"8":{"start":{"line":25,"column":52},"end":{"line":25,"column":null}},"9":{"start":{"line":26,"column":21},"end":{"line":26,"column":null}},"10":{"start":{"line":29,"column":16},"end":{"line":29,"column":null}},"11":{"start":{"line":30,"column":2},"end":{"line":30,"column":null}},"12":{"start":{"line":34,"column":2},"end":{"line":136,"column":null}},"13":{"start":{"line":37,"column":8},"end":{"line":37,"column":null}},"14":{"start":{"line":38,"column":8},"end":{"line":38,"column":null}},"15":{"start":{"line":39,"column":8},"end":{"line":39,"column":null}},"16":{"start":{"line":40,"column":8},"end":{"line":40,"column":null}},"17":{"start":{"line":41,"column":22},"end":{"line":41,"column":null}},"18":{"start":{"line":42,"column":8},"end":{"line":42,"column":null}},"19":{"start":{"line":43,"column":8},"end":{"line":45,"column":null}},"20":{"start":{"line":44,"column":10},"end":{"line":44,"column":null}},"21":{"start":{"line":46,"column":8},"end":{"line":50,"column":null}},"22":{"start":{"line":51,"column":8},"end":{"line":53,"column":null}},"23":{"start":{"line":52,"column":10},"end":{"line":52,"column":null}},"24":{"start":{"line":54,"column":23},"end":{"line":56,"column":null}},"25":{"start":{"line":57,"column":8},"end":{"line":57,"column":null}},"26":{"start":{"line":58,"column":8},"end":{"line":95,"column":null}},"27":{"start":{"line":59,"column":25},"end":{"line":59,"column":null}},"28":{"start":{"line":60,"column":10},"end":{"line":62,"column":null}},"29":{"start":{"line":61,"column":12},"end":{"line":61,"column":null}},"30":{"start":{"line":63,"column":10},"end":{"line":88,"column":null}},"31":{"start":{"line":64,"column":12},"end":{"line":64,"column":null}},"32":{"start":{"line":65,"column":12},"end":{"line":74,"column":null}},"33":{"start":{"line":66,"column":14},"end":{"line":66,"column":null}},"34":{"start":{"line":66,"column":71},"end":{"line":66,"column":null}},"35":{"start":{"line":67,"column":27},"end":{"line":67,"column":null}},"36":{"start":{"line":71,"column":14},"end":{"line":73,"column":null}},"37":{"start":{"line":71,"column":44},"end":{"line":71,"column":null}},"38":{"start":{"line":72,"column":19},"end":{"line":73,"column":null}},"39":{"start":{"line":72,"column":45},"end":{"line":72,"column":null}},"40":{"start":{"line":73,"column":19},"end":{"line":73,"column":null}},"41":{"start":{"line":73,"column":46},"end":{"line":73,"column":null}},"42":{"start":{"line":75,"column":12},"end":{"line":78,"column":null}},"43":{"start":{"line":76,"column":14},"end":{"line":76,"column":null}},"44":{"start":{"line":76,"column":71},"end":{"line":76,"column":null}},"45":{"start":{"line":77,"column":14},"end":{"line":77,"column":null}},"46":{"start":{"line":79,"column":12},"end":{"line":87,"column":null}},"47":{"start":{"line":90,"column":10},"end":{"line":93,"column":null}},"48":{"start":{"line":91,"column":12},"end":{"line":91,"column":null}},"49":{"start":{"line":92,"column":12},"end":{"line":92,"column":null}},"50":{"start":{"line":94,"column":10},"end":{"line":94,"column":null}},"51":{"start":{"line":98,"column":8},"end":{"line":98,"column":null}},"52":{"start":{"line":99,"column":8},"end":{"line":99,"column":null}},"53":{"start":{"line":100,"column":8},"end":{"line":100,"column":null}},"54":{"start":{"line":101,"column":8},"end":{"line":101,"column":null}},"55":{"start":{"line":102,"column":8},"end":{"line":102,"column":null}},"56":{"start":{"line":103,"column":8},"end":{"line":103,"column":null}},"57":{"start":{"line":106,"column":8},"end":{"line":106,"column":null}},"58":{"start":{"line":118,"column":8},"end":{"line":118,"column":null}},"59":{"start":{"line":121,"column":8},"end":{"line":121,"column":null}},"60":{"start":{"line":126,"column":8},"end":{"line":126,"column":null}},"61":{"start":{"line":126,"column":45},"end":{"line":126,"column":null}},"62":{"start":{"line":127,"column":8},"end":{"line":127,"column":null}},"63":{"start":{"line":127,"column":40},"end":{"line":127,"column":null}},"64":{"start":{"line":128,"column":8},"end":{"line":128,"column":null}},"65":{"start":{"line":131,"column":8},"end":{"line":131,"column":null}},"66":{"start":{"line":131,"column":45},"end":{"line":131,"column":null}},"67":{"start":{"line":132,"column":8},"end":{"line":132,"column":null}},"68":{"start":{"line":132,"column":41},"end":{"line":132,"column":null}},"69":{"start":{"line":133,"column":8},"end":{"line":133,"column":null}}},"fnMap":{"0":{"name":"emit","decl":{"start":{"line":13,"column":2},"end":{"line":13,"column":7}},"loc":{"start":{"line":13,"column":38},"end":{"line":15,"column":null}},"line":13},"1":{"name":"subscribe","decl":{"start":{"line":17,"column":2},"end":{"line":17,"column":12}},"loc":{"start":{"line":17,"column":52},"end":{"line":20,"column":null}},"line":17},"2":{"name":"(anonymous_2)","decl":{"start":{"line":19,"column":4},"end":{"line":19,"column":17}},"loc":{"start":{"line":19,"column":17},"end":{"line":19,"column":null}},"line":19},"3":{"name":"isDemoFile","decl":{"start":{"line":28,"column":9},"end":{"line":28,"column":20}},"loc":{"start":{"line":28,"column":41},"end":{"line":31,"column":null}},"line":28},"4":{"name":"createBrowserBackend","decl":{"start":{"line":33,"column":16},"end":{"line":33,"column":56}},"loc":{"start":{"line":33,"column":56},"end":{"line":137,"column":null}},"line":33},"5":{"name":"parseDemo","decl":{"start":{"line":36,"column":12},"end":{"line":36,"column":22}},"loc":{"start":{"line":36,"column":59},"end":{"line":96,"column":null}},"line":36},"6":{"name":"(anonymous_6)","decl":{"start":{"line":63,"column":27},"end":{"line":63,"column":44}},"loc":{"start":{"line":63,"column":64},"end":{"line":88,"column":11}},"line":63},"7":{"name":"(anonymous_7)","decl":{"start":{"line":65,"column":19},"end":{"line":65,"column":32}},"loc":{"start":{"line":65,"column":56},"end":{"line":74,"column":null}},"line":65},"8":{"name":"(anonymous_8)","decl":{"start":{"line":75,"column":19},"end":{"line":75,"column":30}},"loc":{"start":{"line":75,"column":40},"end":{"line":78,"column":null}},"line":75},"9":{"name":"cancelParse","decl":{"start":{"line":97,"column":12},"end":{"line":97,"column":41}},"loc":{"start":{"line":97,"column":41},"end":{"line":104,"column":null}},"line":97},"10":{"name":"onProgress","decl":{"start":{"line":105,"column":12},"end":{"line":105,"column":23}},"loc":{"start":{"line":105,"column":72},"end":{"line":107,"column":null}},"line":105},"11":{"name":"getDebugInfo","decl":{"start":{"line":117,"column":12},"end":{"line":117,"column":27}},"loc":{"start":{"line":117,"column":27},"end":{"line":119,"column":null}},"line":117},"12":{"name":"writeDebugLog","decl":{"start":{"line":120,"column":12},"end":{"line":120,"column":26}},"loc":{"start":{"line":120,"column":59},"end":{"line":122,"column":null}},"line":120},"13":{"name":"enterMatchFullscreen","decl":{"start":{"line":125,"column":12},"end":{"line":125,"column":35}},"loc":{"start":{"line":125,"column":35},"end":{"line":129,"column":null}},"line":125},"14":{"name":"exitMatchFullscreen","decl":{"start":{"line":130,"column":12},"end":{"line":130,"column":34}},"loc":{"start":{"line":130,"column":34},"end":{"line":134,"column":null}},"line":130}},"branchMap":{"0":{"loc":{"start":{"line":30,"column":9},"end":{"line":30,"column":null}},"type":"binary-expr","locations":[{"start":{"line":30,"column":9},"end":{"line":30,"column":35}},{"start":{"line":30,"column":35},"end":{"line":30,"column":65}},{"start":{"line":30,"column":65},"end":{"line":30,"column":null}}],"line":30},"1":{"loc":{"start":{"line":43,"column":8},"end":{"line":45,"column":null}},"type":"if","locations":[{"start":{"line":43,"column":8},"end":{"line":45,"column":null}},{"start":{},"end":{}}],"line":43},"2":{"loc":{"start":{"line":51,"column":8},"end":{"line":53,"column":null}},"type":"if","locations":[{"start":{"line":51,"column":8},"end":{"line":53,"column":null}},{"start":{},"end":{}}],"line":51},"3":{"loc":{"start":{"line":60,"column":10},"end":{"line":62,"column":null}},"type":"if","locations":[{"start":{"line":60,"column":10},"end":{"line":62,"column":null}},{"start":{},"end":{}}],"line":60},"4":{"loc":{"start":{"line":60,"column":14},"end":{"line":60,"column":67}},"type":"binary-expr","locations":[{"start":{"line":60,"column":14},"end":{"line":60,"column":42}},{"start":{"line":60,"column":42},"end":{"line":60,"column":67}}],"line":60},"5":{"loc":{"start":{"line":66,"column":14},"end":{"line":66,"column":null}},"type":"if","locations":[{"start":{"line":66,"column":14},"end":{"line":66,"column":null}},{"start":{},"end":{}}],"line":66},"6":{"loc":{"start":{"line":66,"column":18},"end":{"line":66,"column":71}},"type":"binary-expr","locations":[{"start":{"line":66,"column":18},"end":{"line":66,"column":46}},{"start":{"line":66,"column":46},"end":{"line":66,"column":71}}],"line":66},"7":{"loc":{"start":{"line":71,"column":14},"end":{"line":73,"column":null}},"type":"if","locations":[{"start":{"line":71,"column":14},"end":{"line":73,"column":null}},{"start":{"line":72,"column":19},"end":{"line":73,"column":null}}],"line":71},"8":{"loc":{"start":{"line":72,"column":19},"end":{"line":73,"column":null}},"type":"if","locations":[{"start":{"line":72,"column":19},"end":{"line":73,"column":null}},{"start":{"line":73,"column":19},"end":{"line":73,"column":null}}],"line":72},"9":{"loc":{"start":{"line":73,"column":19},"end":{"line":73,"column":null}},"type":"if","locations":[{"start":{"line":73,"column":19},"end":{"line":73,"column":null}},{"start":{},"end":{}}],"line":73},"10":{"loc":{"start":{"line":76,"column":14},"end":{"line":76,"column":null}},"type":"if","locations":[{"start":{"line":76,"column":14},"end":{"line":76,"column":null}},{"start":{},"end":{}}],"line":76},"11":{"loc":{"start":{"line":76,"column":18},"end":{"line":76,"column":71}},"type":"binary-expr","locations":[{"start":{"line":76,"column":18},"end":{"line":76,"column":46}},{"start":{"line":76,"column":46},"end":{"line":76,"column":71}}],"line":76},"12":{"loc":{"start":{"line":90,"column":10},"end":{"line":93,"column":null}},"type":"if","locations":[{"start":{"line":90,"column":10},"end":{"line":93,"column":null}},{"start":{},"end":{}}],"line":90},"13":{"loc":{"start":{"line":126,"column":8},"end":{"line":126,"column":null}},"type":"if","locations":[{"start":{"line":126,"column":8},"end":{"line":126,"column":null}},{"start":{},"end":{}}],"line":126},"14":{"loc":{"start":{"line":127,"column":8},"end":{"line":127,"column":null}},"type":"if","locations":[{"start":{"line":127,"column":8},"end":{"line":127,"column":null}},{"start":{},"end":{}}],"line":127},"15":{"loc":{"start":{"line":131,"column":8},"end":{"line":131,"column":null}},"type":"if","locations":[{"start":{"line":131,"column":8},"end":{"line":131,"column":null}},{"start":{},"end":{}}],"line":131},"16":{"loc":{"start":{"line":132,"column":8},"end":{"line":132,"column":null}},"type":"if","locations":[{"start":{"line":132,"column":8},"end":{"line":132,"column":null}},{"start":{},"end":{}}],"line":132}},"s":{"0":4,"1":13,"2":6,"3":2,"4":2,"5":1,"6":4,"7":4,"8":4,"9":4,"10":6,"11":6,"12":1,"13":6,"14":6,"15":6,"16":6,"17":6,"18":6,"19":6,"20":1,"21":5,"22":5,"23":1,"24":4,"25":4,"26":4,"27":4,"28":4,"29":0,"30":4,"31":4,"32":4,"33":3,"34":0,"35":3,"36":3,"37":1,"38":2,"39":1,"40":1,"41":1,"42":4,"43":1,"44":0,"45":1,"46":4,"47":4,"48":3,"49":3,"50":4,"51":7,"52":7,"53":7,"54":7,"55":7,"56":7,"57":2,"58":1,"59":1,"60":1,"61":0,"62":1,"63":0,"64":1,"65":1,"66":0,"67":1,"68":0,"69":1},"f":{"0":13,"1":2,"2":1,"3":6,"4":1,"5":6,"6":4,"7":3,"8":1,"9":7,"10":2,"11":1,"12":1,"13":1,"14":1},"b":{"0":[6,3,2],"1":[1,5],"2":[1,4],"3":[0,4],"4":[4,4],"5":[0,3],"6":[3,3],"7":[1,2],"8":[1,1],"9":[1,0],"10":[0,1],"11":[1,1],"12":[3,1],"13":[0,1],"14":[0,1],"15":[0,1],"16":[0,1]},"meta":{"lastBranch":17,"lastFunction":15,"lastStatement":70,"seen":{"s:11:22:11:Infinity":0,"f:13:2:13:7":0,"s:14:4:14:Infinity":1,"s:14:43:14:Infinity":2,"f:17:2:17:12":1,"s:18:4:18:Infinity":3,"s:19:4:19:Infinity":4,"f:19:4:19:17":2,"s:19:17:19:Infinity":5,"s:23:20:23:Infinity":6,"s:24:34:24:Infinity":7,"s:25:52:25:Infinity":8,"s:26:21:26:Infinity":9,"f:28:9:28:20":3,"s:29:16:29:Infinity":10,"s:30:2:30:Infinity":11,"b:30:9:30:35:30:35:30:65:30:65:30:Infinity":0,"f:33:16:33:56":4,"s:34:2:136:Infinity":12,"f:36:12:36:22":5,"s:37:8:37:Infinity":13,"s:38:8:38:Infinity":14,"s:39:8:39:Infinity":15,"s:40:8:40:Infinity":16,"s:41:22:41:Infinity":17,"s:42:8:42:Infinity":18,"b:43:8:45:Infinity:undefined:undefined:undefined:undefined":1,"s:43:8:45:Infinity":19,"s:44:10:44:Infinity":20,"s:46:8:50:Infinity":21,"b:51:8:53:Infinity:undefined:undefined:undefined:undefined":2,"s:51:8:53:Infinity":22,"s:52:10:52:Infinity":23,"s:54:23:56:Infinity":24,"s:57:8:57:Infinity":25,"s:58:8:95:Infinity":26,"s:59:25:59:Infinity":27,"b:60:10:62:Infinity:undefined:undefined:undefined:undefined":3,"s:60:10:62:Infinity":28,"b:60:14:60:42:60:42:60:67":4,"s:61:12:61:Infinity":29,"s:63:10:88:Infinity":30,"f:63:27:63:44":6,"s:64:12:64:Infinity":31,"s:65:12:74:Infinity":32,"f:65:19:65:32":7,"b:66:14:66:Infinity:undefined:undefined:undefined:undefined":5,"s:66:14:66:Infinity":33,"b:66:18:66:46:66:46:66:71":6,"s:66:71:66:Infinity":34,"s:67:27:67:Infinity":35,"b:71:14:73:Infinity:72:19:73:Infinity":7,"s:71:14:73:Infinity":36,"s:71:44:71:Infinity":37,"b:72:19:73:Infinity:73:19:73:Infinity":8,"s:72:19:73:Infinity":38,"s:72:45:72:Infinity":39,"b:73:19:73:Infinity:undefined:undefined:undefined:undefined":9,"s:73:19:73:Infinity":40,"s:73:46:73:Infinity":41,"s:75:12:78:Infinity":42,"f:75:19:75:30":8,"b:76:14:76:Infinity:undefined:undefined:undefined:undefined":10,"s:76:14:76:Infinity":43,"b:76:18:76:46:76:46:76:71":11,"s:76:71:76:Infinity":44,"s:77:14:77:Infinity":45,"s:79:12:87:Infinity":46,"b:90:10:93:Infinity:undefined:undefined:undefined:undefined":12,"s:90:10:93:Infinity":47,"s:91:12:91:Infinity":48,"s:92:12:92:Infinity":49,"s:94:10:94:Infinity":50,"f:97:12:97:41":9,"s:98:8:98:Infinity":51,"s:99:8:99:Infinity":52,"s:100:8:100:Infinity":53,"s:101:8:101:Infinity":54,"s:102:8:102:Infinity":55,"s:103:8:103:Infinity":56,"f:105:12:105:23":10,"s:106:8:106:Infinity":57,"f:117:12:117:27":11,"s:118:8:118:Infinity":58,"f:120:12:120:26":12,"s:121:8:121:Infinity":59,"f:125:12:125:35":13,"b:126:8:126:Infinity:undefined:undefined:undefined:undefined":13,"s:126:8:126:Infinity":60,"s:126:45:126:Infinity":61,"b:127:8:127:Infinity:undefined:undefined:undefined:undefined":14,"s:127:8:127:Infinity":62,"s:127:40:127:Infinity":63,"s:128:8:128:Infinity":64,"f:130:12:130:34":14,"b:131:8:131:Infinity:undefined:undefined:undefined:undefined":15,"s:131:8:131:Infinity":65,"s:131:45:131:Infinity":66,"b:132:8:132:Infinity:undefined:undefined:undefined:undefined":16,"s:132:8:132:Infinity":67,"s:132:41:132:Infinity":68,"s:133:8:133:Infinity":69},"fnNames":{}}}
,"/Users/julescavanier/Desktop/gotvanalyser/desktop/src/lib/backends/index.ts": {"path":"/Users/julescavanier/Desktop/gotvanalyser/desktop/src/lib/backends/index.ts","statementMap":{"0":{"start":{"line":4,"column":38},"end":{"line":4,"column":null}},"1":{"start":{"line":7,"column":2},"end":{"line":7,"column":null}},"2":{"start":{"line":7,"column":15},"end":{"line":7,"column":null}},"3":{"start":{"line":8,"column":2},"end":{"line":8,"column":null}},"4":{"start":{"line":9,"column":2},"end":{"line":9,"column":null}}},"fnMap":{"0":{"name":"getBackend","decl":{"start":{"line":6,"column":16},"end":{"line":6,"column":46}},"loc":{"start":{"line":6,"column":46},"end":{"line":10,"column":null}},"line":6}},"branchMap":{"0":{"loc":{"start":{"line":7,"column":2},"end":{"line":7,"column":null}},"type":"if","locations":[{"start":{"line":7,"column":2},"end":{"line":7,"column":null}},{"start":{},"end":{}}],"line":7}},"s":{"0":4,"1":2,"2":1,"3":1,"4":1},"f":{"0":2},"b":{"0":[1,1]},"meta":{"lastBranch":1,"lastFunction":1,"lastStatement":5,"seen":{"s:4:38:4:Infinity":0,"f:6:16:6:46":0,"b:7:2:7:Infinity:undefined:undefined:undefined:undefined":0,"s:7:2:7:Infinity":1,"s:7:15:7:Infinity":2,"s:8:2:8:Infinity":3,"s:9:2:9:Infinity":4},"fnNames":{}}}
}
