TN:
SF:src/app/page.tsx
FN:51,formatDuration
FN:58,parseSourceSize
FN:62,sourceIsZstd
FN:67,boundedNumber
FN:73,loadWebParseEstimate
FN:91,loadLegacyParseEstimate
FN:97,webEstimateForBytes
FN:106,estimateForSource
FN:119,saveParseEstimate
FN:154,browserSupportError
FN:166,demoFileSizeError
FN:171,Home
FN:183,(anonymous_12)
FN:220,(anonymous_13)
FN:222,(anonymous_14)
FN:225,(anonymous_15)
FN:231,(anonymous_16)
FN:255,(anonymous_17)
FN:258,(anonymous_18)
FN:284,(anonymous_19)
FN:286,(anonymous_20)
FN:287,(anonymous_21)
FN:290,(anonymous_22)
FN:293,(anonymous_23)
FN:297,(anonymous_24)
FN:302,(anonymous_25)
FN:306,(anonymous_26)
FN:309,(anonymous_27)
FN:315,(anonymous_28)
FN:317,(anonymous_29)
FN:318,(anonymous_30)
FN:323,(anonymous_31)
FN:334,(anonymous_32)
FN:350,(anonymous_33)
FN:356,(anonymous_34)
FN:373,(anonymous_35)
FN:386,(anonymous_36)
FN:394,(anonymous_37)
FN:402,(anonymous_38)
FN:403,(anonymous_39)
FN:413,(anonymous_40)
FN:418,(anonymous_41)
FN:426,(anonymous_42)
FN:426,(anonymous_43)
FN:432,(anonymous_44)
FN:436,(anonymous_45)
FN:442,(anonymous_46)
FN:442,(anonymous_47)
FN:502,(anonymous_48)
FN:542,(anonymous_49)
FN:546,(anonymous_50)
FN:550,(anonymous_51)
FN:611,(anonymous_52)
FN:616,(anonymous_53)
FN:617,(anonymous_54)
FN:618,(anonymous_55)
FN:627,(anonymous_56)
FN:631,(anonymous_57)
FN:632,(anonymous_58)
FN:649,(anonymous_59)
FN:652,(anonymous_60)
FN:660,(anonymous_61)
FN:666,(anonymous_62)
FN:671,(anonymous_63)
FN:681,(anonymous_64)
FN:689,(anonymous_65)
FN:690,(anonymous_66)
FN:710,(anonymous_67)
FN:714,(anonymous_68)
FN:724,Modal
FN:736,(anonymous_70)
FN:744,(anonymous_71)
FN:760,(anonymous_72)
FN:771,MatchRow
FN:811,(anonymous_74)
FN:826,(anonymous_75)
FN:846,isDemoPath
FN:851,isDemoFile
FNF:78
FNH:40
FNDA:4,formatDuration
FNDA:3,parseSourceSize
FNDA:5,sourceIsZstd
FNDA:7,boundedNumber
FNDA:3,loadWebParseEstimate
FNDA:0,loadLegacyParseEstimate
FNDA:1,webEstimateForBytes
FNDA:1,estimateForSource
FNDA:1,saveParseEstimate
FNDA:2,browserSupportError
FNDA:1,demoFileSizeError
FNDA:23,Home
FNDA:3,(anonymous_12)
FNDA:3,(anonymous_13)
FNDA:3,(anonymous_14)
FNDA:0,(anonymous_15)
FNDA:1,(anonymous_16)
FNDA:0,(anonymous_17)
FNDA:1,(anonymous_18)
FNDA:5,(anonymous_19)
FNDA:0,(anonymous_20)
FNDA:1,(anonymous_21)
FNDA:3,(anonymous_22)
FNDA:0,(anonymous_23)
FNDA:0,(anonymous_24)
FNDA:3,(anonymous_25)
FNDA:0,(anonymous_26)
FNDA:3,(anonymous_27)
FNDA:3,(anonymous_28)
FNDA:3,(anonymous_29)
FNDA:3,(anonymous_30)
FNDA:0,(anonymous_31)
FNDA:2,(anonymous_32)
FNDA:0,(anonymous_33)
FNDA:0,(anonymous_34)
FNDA:2,(anonymous_35)
FNDA:0,(anonymous_36)
FNDA:1,(anonymous_37)
FNDA:1,(anonymous_38)
FNDA:1,(anonymous_39)
FNDA:0,(anonymous_40)
FNDA:0,(anonymous_41)
FNDA:0,(anonymous_42)
FNDA:0,(anonymous_43)
FNDA:0,(anonymous_44)
FNDA:0,(anonymous_45)
FNDA:0,(anonymous_46)
FNDA:0,(anonymous_47)
FNDA:0,(anonymous_48)
FNDA:0,(anonymous_49)
FNDA:0,(anonymous_50)
FNDA:0,(anonymous_51)
FNDA:18,(anonymous_52)
FNDA:1,(anonymous_53)
FNDA:0,(anonymous_54)
FNDA:0,(anonymous_55)
FNDA:0,(anonymous_56)
FNDA:0,(anonymous_57)
FNDA:0,(anonymous_58)
FNDA:0,(anonymous_59)
FNDA:0,(anonymous_60)
FNDA:0,(anonymous_61)
FNDA:0,(anonymous_62)
FNDA:0,(anonymous_63)
FNDA:0,(anonymous_64)
FNDA:12,(anonymous_65)
FNDA:0,(anonymous_66)
FNDA:0,(anonymous_67)
FNDA:1,(anonymous_68)
FNDA:13,Modal
FNDA:1,(anonymous_70)
FNDA:12,(anonymous_71)
FNDA:2,(anonymous_72)
FNDA:18,MatchRow
FNDA:0,(anonymous_74)
FNDA:0,(anonymous_75)
FNDA:2,isDemoPath
FNDA:2,isDemoFile
DA:1,1
DA:38,1
DA:39,1
DA:40,1
DA:41,1
DA:42,1
DA:43,1
DA:44,1
DA:45,1
DA:46,1
DA:47,1
DA:48,1
DA:49,1
DA:52,4
DA:53,4
DA:54,4
DA:55,4
DA:59,3
DA:63,5
DA:64,5
DA:68,7
DA:74,3
DA:75,3
DA:76,3
DA:77,3
DA:78,3
DA:82,3
DA:87,0
DA:92,0
DA:93,0
DA:94,0
DA:98,1
DA:99,0
DA:101,1
DA:102,1
DA:103,1
DA:107,1
DA:108,1
DA:109,1
DA:111,1
DA:116,1
DA:120,1
DA:121,1
DA:122,1
DA:123,1
DA:124,1
DA:125,1
DA:126,1
DA:127,1
DA:128,1
DA:130,1
DA:133,1
DA:134,1
DA:137,1
DA:145,0
DA:146,0
DA:147,0
DA:155,2
DA:156,2
DA:157,2
DA:158,2
DA:159,2
DA:160,2
DA:161,2
DA:162,2
DA:163,0
DA:167,1
DA:168,0
DA:172,23
DA:173,23
DA:174,23
DA:175,23
DA:176,23
DA:177,23
DA:182,23
DA:183,23
DA:184,23
DA:187,23
DA:188,23
DA:189,23
DA:193,23
DA:194,23
DA:195,23
DA:196,23
DA:197,23
DA:198,23
DA:199,23
DA:200,23
DA:201,23
DA:207,23
DA:208,23
DA:210,23
DA:213,23
DA:215,23
DA:218,23
DA:220,23
DA:221,3
DA:223,3
DA:226,0
DA:230,23
DA:232,1
DA:233,1
DA:234,1
DA:235,0
DA:236,0
DA:238,1
DA:239,1
DA:240,1
DA:241,1
DA:242,1
DA:243,1
DA:244,1
DA:245,1
DA:246,1
DA:247,1
DA:248,1
DA:249,1
DA:250,1
DA:251,1
DA:255,1
DA:256,1
DA:258,1
DA:268,1
DA:269,1
DA:271,0
DA:272,0
DA:274,1
DA:275,1
DA:276,1
DA:277,1
DA:278,1
DA:284,23
DA:285,5
DA:286,1
DA:287,1
DA:290,23
DA:291,3
DA:293,3
DA:294,0
DA:295,0
DA:296,0
DA:297,0
DA:299,0
DA:303,3
DA:304,3
DA:309,3
DA:310,3
DA:311,3
DA:315,23
DA:316,3
DA:317,3
DA:318,3
DA:319,3
DA:323,23
DA:324,0
DA:325,0
DA:326,0
DA:327,0
DA:328,0
DA:330,0
DA:331,0
DA:334,23
DA:335,2
DA:336,2
DA:337,2
DA:338,2
DA:339,2
DA:340,0
DA:341,0
DA:343,2
DA:344,1
DA:345,1
DA:347,1
DA:350,23
DA:351,0
DA:352,0
DA:353,0
DA:356,23
DA:357,0
DA:358,0
DA:359,0
DA:360,0
DA:361,0
DA:362,0
DA:363,0
DA:365,0
DA:366,0
DA:367,0
DA:368,0
DA:370,0
DA:373,23
DA:374,2
DA:375,2
DA:378,2
DA:379,2
DA:383,2
DA:386,23
DA:387,0
DA:388,0
DA:390,0
DA:394,23
DA:395,1
DA:396,1
DA:397,1
DA:398,1
DA:399,1
DA:400,1
DA:401,1
DA:402,1
DA:403,1
DA:406,0
DA:407,0
DA:410,1
DA:413,23
DA:414,0
DA:415,0
DA:418,23
DA:419,0
DA:420,0
DA:421,0
DA:422,0
DA:423,0
DA:424,0
DA:425,0
DA:426,0
DA:428,0
DA:432,23
DA:433,0
DA:436,23
DA:437,0
DA:438,0
DA:439,0
DA:440,0
DA:441,0
DA:442,0
DA:444,0
DA:448,23
DA:502,0
DA:543,0
DA:544,0
DA:547,0
DA:548,0
DA:551,0
DA:552,0
DA:612,18
DA:616,1
DA:617,0
DA:618,0
DA:627,0
DA:631,0
DA:633,0
DA:634,0
DA:635,0
DA:636,0
DA:638,0
DA:639,0
DA:640,0
DA:641,0
DA:649,0
DA:652,0
DA:660,0
DA:666,0
DA:671,0
DA:681,0
DA:689,12
DA:691,0
DA:692,0
DA:693,0
DA:694,0
DA:696,0
DA:697,0
DA:698,0
DA:699,0
DA:710,0
DA:714,1
DA:733,13
DA:734,13
DA:736,13
DA:737,1
DA:740,13
DA:745,12
DA:746,12
DA:747,0
DA:748,0
DA:760,2
DA:784,18
DA:785,18
DA:811,0
DA:826,0
DA:847,2
DA:848,2
DA:852,2
LF:292
LH:186
BRDA:55,0,0,0
BRDA:55,0,1,4
BRDA:64,1,0,5
BRDA:64,1,1,5
BRDA:68,2,0,0
BRDA:68,2,1,7
BRDA:68,3,0,7
BRDA:68,3,1,1
BRDA:68,3,2,1
BRDA:68,3,3,0
BRDA:74,4,0,0
BRDA:74,4,1,3
BRDA:76,5,0,3
BRDA:76,5,1,3
BRDA:77,6,0,0
BRDA:77,6,1,3
BRDA:77,7,0,3
BRDA:77,7,1,3
BRDA:77,7,2,3
BRDA:92,8,0,0
BRDA:92,8,1,0
BRDA:94,9,0,0
BRDA:94,9,1,0
BRDA:94,10,0,0
BRDA:94,10,1,0
BRDA:97,11,0,1
BRDA:98,12,0,0
BRDA:98,12,1,1
BRDA:102,13,0,1
BRDA:102,13,1,1
BRDA:108,14,0,0
BRDA:108,14,1,1
BRDA:111,15,0,0
BRDA:111,15,1,1
BRDA:111,16,0,1
BRDA:111,16,1,0
BRDA:113,17,0,0
BRDA:113,17,1,1
BRDA:116,18,0,0
BRDA:116,18,1,1
BRDA:120,19,0,0
BRDA:120,19,1,1
BRDA:122,20,0,1
BRDA:122,20,1,0
BRDA:122,21,0,1
BRDA:122,21,1,1
BRDA:124,22,0,1
BRDA:124,22,1,0
BRDA:127,23,0,1
BRDA:127,23,1,1
BRDA:127,23,2,1
BRDA:128,24,0,0
BRDA:128,24,1,1
BRDA:130,25,0,0
BRDA:130,25,1,1
BRDA:130,26,0,1
BRDA:130,26,1,0
BRDA:130,26,2,0
BRDA:130,26,3,0
BRDA:133,27,0,1
BRDA:133,27,1,1
BRDA:133,27,2,1
BRDA:134,28,0,0
BRDA:134,28,1,1
BRDA:141,29,0,0
BRDA:141,29,1,1
BRDA:146,30,0,0
BRDA:146,30,1,0
BRDA:146,31,0,0
BRDA:146,31,1,0
BRDA:155,32,0,0
BRDA:155,32,1,2
BRDA:157,33,0,0
BRDA:157,33,1,2
BRDA:158,34,0,0
BRDA:158,34,1,2
BRDA:159,35,0,0
BRDA:159,35,1,2
BRDA:160,36,0,0
BRDA:160,36,1,2
BRDA:160,37,0,2
BRDA:160,37,1,2
BRDA:161,38,0,0
BRDA:161,38,1,2
BRDA:162,39,0,2
BRDA:162,39,1,0
BRDA:167,40,0,1
BRDA:167,40,1,0
BRDA:199,41,0,1
BRDA:199,41,1,22
BRDA:200,42,0,23
BRDA:200,42,1,22
BRDA:201,43,0,1
BRDA:201,43,1,22
BRDA:207,44,0,0
BRDA:207,44,1,23
BRDA:208,45,0,1
BRDA:208,45,1,22
BRDA:210,46,0,0
BRDA:210,46,1,23
BRDA:210,47,0,23
BRDA:210,47,1,1
BRDA:210,47,2,1
BRDA:213,48,0,23
BRDA:213,48,1,23
BRDA:215,49,0,1
BRDA:215,49,1,22
BRDA:215,50,0,23
BRDA:215,50,1,1
BRDA:218,51,0,23
BRDA:218,51,1,1
BRDA:218,51,2,1
BRDA:218,51,3,0
BRDA:223,52,0,3
BRDA:223,52,1,0
BRDA:226,53,0,0
BRDA:226,53,1,0
BRDA:226,54,0,0
BRDA:226,54,1,0
BRDA:232,55,0,0
BRDA:232,55,1,1
BRDA:234,56,0,0
BRDA:234,56,1,1
BRDA:246,57,0,0
BRDA:246,57,1,1
BRDA:258,58,0,1
BRDA:258,58,1,0
BRDA:271,59,0,0
BRDA:271,59,1,0
BRDA:272,60,0,0
BRDA:272,60,1,0
BRDA:285,61,0,4
BRDA:285,61,1,1
BRDA:294,62,0,0
BRDA:294,62,1,0
BRDA:295,63,0,0
BRDA:295,63,1,0
BRDA:295,64,0,0
BRDA:295,64,1,0
BRDA:297,65,0,0
BRDA:297,65,1,0
BRDA:303,66,0,0
BRDA:303,66,1,3
BRDA:324,67,0,0
BRDA:324,67,1,0
BRDA:326,68,0,0
BRDA:326,68,1,0
BRDA:335,69,0,2
BRDA:335,69,1,0
BRDA:337,70,0,0
BRDA:337,70,1,2
BRDA:337,71,0,2
BRDA:337,71,1,2
BRDA:339,72,0,0
BRDA:339,72,1,2
BRDA:343,73,0,1
BRDA:343,73,1,1
BRDA:351,74,0,0
BRDA:351,74,1,0
BRDA:351,75,0,0
BRDA:351,75,1,0
BRDA:359,76,0,0
BRDA:359,76,1,0
BRDA:361,77,0,0
BRDA:361,77,1,0
BRDA:366,78,0,0
BRDA:366,78,1,0
BRDA:373,79,0,2
BRDA:374,80,0,0
BRDA:374,80,1,2
BRDA:383,81,0,0
BRDA:383,81,1,2
BRDA:390,82,0,0
BRDA:390,82,1,0
BRDA:396,83,0,0
BRDA:396,83,1,1
BRDA:399,84,0,1
BRDA:399,84,1,0
BRDA:399,85,0,1
BRDA:399,85,1,1
BRDA:403,86,0,1
BRDA:403,86,1,0
BRDA:406,87,0,0
BRDA:406,87,1,0
BRDA:410,88,0,1
BRDA:410,88,1,0
BRDA:420,89,0,0
BRDA:420,89,1,0
BRDA:423,90,0,0
BRDA:423,90,1,0
BRDA:423,91,0,0
BRDA:423,91,1,0
BRDA:426,92,0,0
BRDA:426,92,1,0
BRDA:428,93,0,0
BRDA:428,93,1,0
BRDA:438,94,0,0
BRDA:438,94,1,0
BRDA:444,95,0,0
BRDA:444,95,1,0
BRDA:453,96,0,23
BRDA:453,96,1,2
BRDA:466,97,0,23
BRDA:466,97,1,1
BRDA:491,98,0,1
BRDA:491,98,1,0
BRDA:496,99,0,0
BRDA:496,99,1,1
BRDA:561,100,0,1
BRDA:561,100,1,22
BRDA:563,101,0,0
BRDA:563,101,1,22
BRDA:568,102,0,1
BRDA:568,102,1,22
BRDA:580,103,0,0
BRDA:580,103,1,1
BRDA:589,104,0,0
BRDA:589,104,1,22
BRDA:599,105,0,23
BRDA:599,105,1,2
BRDA:605,106,0,23
BRDA:605,106,1,18
BRDA:626,107,0,23
BRDA:626,107,1,0
BRDA:633,108,0,0
BRDA:633,108,1,0
BRDA:638,109,0,0
BRDA:638,109,1,0
BRDA:659,110,0,23
BRDA:659,110,1,0
BRDA:680,111,0,23
BRDA:680,111,1,13
BRDA:691,112,0,0
BRDA:691,112,1,0
BRDA:696,113,0,0
BRDA:696,113,1,0
BRDA:746,114,0,0
BRDA:746,114,1,12
BRDA:790,115,0,18
BRDA:790,115,1,0
BRDA:848,116,0,2
BRDA:848,116,1,1
BRDA:848,116,2,1
BRF:243
BRH:121
end_of_record
TN:
SF:src/app/match/MatchViewer.tsx
FN:45,assertRenderableRound
FN:52,clamp
FN:56,clampMapPan
FN:64,projectileDebugEnabled
FN:72,logFrontendRoundReceived
FN:75,(anonymous_5)
FN:76,(anonymous_6)
FN:77,(anonymous_7)
FN:93,(anonymous_8)
FN:96,projectileSamplesForHabits
FN:100,habitProjectileKind
FN:110,simplifyTimedHabitPoints
FN:122,playerAtOrBefore
FN:126,(anonymous_13)
FN:132,effectKind
FN:139,habitEffectMatchRadius
FN:145,buildHabitReplayRound
FN:153,(anonymous_17)
FN:154,(anonymous_18)
FN:167,(anonymous_19)
FN:188,(anonymous_20)
FN:196,(anonymous_21)
FN:197,(anonymous_22)
FN:225,(anonymous_23)
FN:242,MatchViewer
FN:243,(anonymous_25)
FN:244,(anonymous_26)
FN:245,(anonymous_27)
FN:246,(anonymous_28)
FN:248,(anonymous_29)
FN:249,(anonymous_30)
FN:250,(anonymous_31)
FN:251,(anonymous_32)
FN:252,(anonymous_33)
FN:253,(anonymous_34)
FN:254,(anonymous_35)
FN:255,(anonymous_36)
FN:277,(anonymous_37)
FN:280,(anonymous_38)
FN:283,(anonymous_39)
FN:290,(anonymous_40)
FN:294,(anonymous_41)
FN:299,(anonymous_42)
FN:310,(anonymous_43)
FN:312,(anonymous_44)
FN:318,(anonymous_45)
FN:326,(anonymous_46)
FN:327,(anonymous_47)
FN:329,(anonymous_48)
FN:332,(anonymous_49)
FN:335,(anonymous_50)
FN:338,(anonymous_51)
FN:341,(anonymous_52)
FN:344,(anonymous_53)
FN:356,(anonymous_54)
FN:370,(anonymous_55)
FN:375,(anonymous_56)
FN:379,(anonymous_57)
FN:383,(anonymous_58)
FN:385,(anonymous_59)
FN:395,(anonymous_60)
FN:402,(anonymous_61)
FN:409,(anonymous_62)
FN:411,(anonymous_63)
FN:422,(anonymous_64)
FN:429,(anonymous_65)
FN:434,(anonymous_66)
FN:440,(anonymous_67)
FN:448,(anonymous_68)
FN:453,(anonymous_69)
FN:465,(anonymous_70)
FN:472,(anonymous_71)
FN:476,(anonymous_72)
FN:489,(anonymous_73)
FN:494,(anonymous_74)
FN:495,(anonymous_75)
FN:516,(anonymous_76)
FN:519,(anonymous_77)
FN:525,(anonymous_78)
FN:531,(anonymous_79)
FN:533,(anonymous_80)
FN:553,(anonymous_81)
FN:566,(anonymous_82)
FN:567,(anonymous_83)
FN:568,(anonymous_84)
FN:569,(anonymous_85)
FN:569,(anonymous_86)
FN:570,(anonymous_87)
FN:632,(anonymous_88)
FN:637,(anonymous_89)
FN:640,(anonymous_90)
FN:675,(anonymous_91)
FN:679,(anonymous_92)
FN:709,(anonymous_93)
FN:713,(anonymous_94)
FN:729,(anonymous_95)
FN:740,(anonymous_96)
FN:758,(anonymous_97)
FN:764,(anonymous_98)
FN:891,VisualTestPanel
FN:905,(anonymous_100)
FN:907,(anonymous_101)
FN:917,(anonymous_102)
FNF:103
FNH:70
FNDA:2,assertRenderableRound
FNDA:29,clamp
FNDA:14,clampMapPan
FNDA:4,projectileDebugEnabled
FNDA:2,logFrontendRoundReceived
FNDA:0,(anonymous_5)
FNDA:0,(anonymous_6)
FNDA:0,(anonymous_7)
FNDA:0,(anonymous_8)
FNDA:1,projectileSamplesForHabits
FNDA:0,habitProjectileKind
FNDA:1,simplifyTimedHabitPoints
FNDA:0,playerAtOrBefore
FNDA:0,(anonymous_13)
FNDA:0,effectKind
FNDA:0,habitEffectMatchRadius
FNDA:1,buildHabitReplayRound
FNDA:1,(anonymous_17)
FNDA:1,(anonymous_18)
FNDA:1,(anonymous_19)
FNDA:0,(anonymous_20)
FNDA:0,(anonymous_21)
FNDA:0,(anonymous_22)
FNDA:1,(anonymous_23)
FNDA:12,MatchViewer
FNDA:47,(anonymous_25)
FNDA:47,(anonymous_26)
FNDA:47,(anonymous_27)
FNDA:47,(anonymous_28)
FNDA:47,(anonymous_29)
FNDA:47,(anonymous_30)
FNDA:47,(anonymous_31)
FNDA:47,(anonymous_32)
FNDA:47,(anonymous_33)
FNDA:47,(anonymous_34)
FNDA:47,(anonymous_35)
FNDA:47,(anonymous_36)
FNDA:2,(anonymous_37)
FNDA:2,(anonymous_38)
FNDA:2,(anonymous_39)
FNDA:6,(anonymous_40)
FNDA:5,(anonymous_41)
FNDA:3,(anonymous_42)
FNDA:3,(anonymous_43)
FNDA:0,(anonymous_44)
FNDA:3,(anonymous_45)
FNDA:0,(anonymous_46)
FNDA:0,(anonymous_47)
FNDA:1,(anonymous_48)
FNDA:1,(anonymous_49)
FNDA:0,(anonymous_50)
FNDA:0,(anonymous_51)
FNDA:0,(anonymous_52)
FNDA:0,(anonymous_53)
FNDA:0,(anonymous_54)
FNDA:0,(anonymous_55)
FNDA:2,(anonymous_56)
FNDA:2,(anonymous_57)
FNDA:2,(anonymous_58)
FNDA:2,(anonymous_59)
FNDA:2,(anonymous_60)
FNDA:1,(anonymous_61)
FNDA:2,(anonymous_62)
FNDA:2,(anonymous_63)
FNDA:2,(anonymous_64)
FNDA:2,(anonymous_65)
FNDA:6,(anonymous_66)
FNDA:2,(anonymous_67)
FNDA:2,(anonymous_68)
FNDA:6,(anonymous_69)
FNDA:0,(anonymous_70)
FNDA:6,(anonymous_71)
FNDA:5,(anonymous_72)
FNDA:5,(anonymous_73)
FNDA:3,(anonymous_74)
FNDA:1,(anonymous_75)
FNDA:3,(anonymous_76)
FNDA:2,(anonymous_77)
FNDA:0,(anonymous_78)
FNDA:4,(anonymous_79)
FNDA:1,(anonymous_80)
FNDA:1,(anonymous_81)
FNDA:1,(anonymous_82)
FNDA:1,(anonymous_83)
FNDA:1,(anonymous_84)
FNDA:0,(anonymous_85)
FNDA:0,(anonymous_86)
FNDA:0,(anonymous_87)
FNDA:20,(anonymous_88)
FNDA:18,(anonymous_89)
FNDA:20,(anonymous_90)
FNDA:20,(anonymous_91)
FNDA:1,(anonymous_92)
FNDA:30,(anonymous_93)
FNDA:0,(anonymous_94)
FNDA:0,(anonymous_95)
FNDA:1,(anonymous_96)
FNDA:0,(anonymous_97)
FNDA:4,(anonymous_98)
FNDA:0,VisualTestPanel
FNDA:0,(anonymous_100)
FNDA:0,(anonymous_101)
FNDA:0,(anonymous_102)
DA:1,1
DA:24,1
DA:25,1
DA:26,1
DA:27,1
DA:28,1
DA:29,1
DA:30,1
DA:31,1
DA:37,1
DA:46,2
DA:47,0
DA:49,2
DA:53,29
DA:57,14
DA:58,14
DA:65,4
DA:66,4
DA:73,2
DA:74,0
DA:75,2
DA:76,2
DA:77,2
DA:78,0
DA:81,2
DA:97,1
DA:101,0
DA:102,0
DA:103,0
DA:104,0
DA:105,0
DA:106,0
DA:107,0
DA:111,1
DA:112,0
DA:113,0
DA:114,0
DA:115,0
DA:117,0
DA:118,0
DA:119,0
DA:123,0
DA:124,0
DA:125,0
DA:126,0
DA:127,0
DA:129,0
DA:133,0
DA:134,0
DA:136,0
DA:140,0
DA:141,0
DA:142,0
DA:151,1
DA:154,1
DA:155,1
DA:167,1
DA:171,1
DA:173,1
DA:177,1
DA:178,1
DA:179,0
DA:180,0
DA:181,0
DA:182,0
DA:183,0
DA:187,1
DA:188,0
DA:196,0
DA:197,1
DA:199,1
DA:200,1
DA:201,0
DA:202,0
DA:203,0
DA:204,0
DA:205,0
DA:207,0
DA:208,0
DA:209,0
DA:210,0
DA:211,0
DA:212,0
DA:213,0
DA:214,0
DA:215,0
DA:216,0
DA:217,0
DA:218,0
DA:222,0
DA:225,1
DA:226,1
DA:228,1
DA:243,47
DA:244,47
DA:245,47
DA:246,47
DA:247,12
DA:248,47
DA:249,47
DA:250,47
DA:251,47
DA:252,47
DA:253,47
DA:254,47
DA:255,47
DA:257,12
DA:258,12
DA:259,12
DA:260,12
DA:261,12
DA:262,12
DA:264,12
DA:265,12
DA:266,12
DA:267,12
DA:268,12
DA:269,12
DA:270,12
DA:271,12
DA:272,12
DA:273,12
DA:274,12
DA:275,12
DA:277,12
DA:278,2
DA:279,2
DA:280,2
DA:281,2
DA:282,2
DA:283,2
DA:284,2
DA:285,2
DA:286,2
DA:290,12
DA:291,6
DA:294,12
DA:295,5
DA:296,3
DA:297,3
DA:298,3
DA:299,3
DA:300,3
DA:301,3
DA:302,3
DA:303,3
DA:304,3
DA:305,3
DA:306,3
DA:307,3
DA:308,3
DA:309,3
DA:310,3
DA:312,3
DA:313,0
DA:314,0
DA:316,3
DA:317,3
DA:318,3
DA:319,3
DA:320,3
DA:324,12
DA:325,12
DA:326,12
DA:327,0
DA:329,12
DA:330,1
DA:331,1
DA:332,1
DA:335,12
DA:336,0
DA:337,0
DA:341,0
DA:344,12
DA:345,0
DA:346,0
DA:347,0
DA:356,12
DA:357,0
DA:358,0
DA:370,12
DA:371,0
DA:372,0
DA:375,12
DA:377,2
DA:378,2
DA:379,2
DA:380,2
DA:381,2
DA:382,2
DA:383,2
DA:384,2
DA:386,2
DA:388,2
DA:389,2
DA:394,12
DA:396,2
DA:401,12
DA:403,1
DA:404,0
DA:409,12
DA:410,2
DA:411,2
DA:412,2
DA:413,2
DA:414,2
DA:415,2
DA:416,2
DA:417,0
DA:419,2
DA:420,0
DA:422,2
DA:423,2
DA:425,0
DA:426,0
DA:429,2
DA:430,2
DA:434,12
DA:435,6
DA:436,5
DA:437,5
DA:439,2
DA:440,2
DA:441,2
DA:442,2
DA:444,0
DA:448,2
DA:449,2
DA:453,12
DA:454,6
DA:455,0
DA:456,0
DA:457,0
DA:458,0
DA:472,12
DA:473,6
DA:474,5
DA:475,5
DA:476,5
DA:477,5
DA:478,10
DA:479,10
DA:480,10
DA:481,0
DA:482,0
DA:489,5
DA:490,5
DA:494,12
DA:495,3
DA:496,1
DA:497,1
DA:498,1
DA:499,1
DA:500,1
DA:501,1
DA:502,1
DA:503,1
DA:504,1
DA:505,1
DA:506,0
DA:507,0
DA:508,0
DA:509,0
DA:510,0
DA:511,0
DA:512,0
DA:513,0
DA:515,3
DA:516,3
DA:519,12
DA:520,2
DA:521,2
DA:522,2
DA:525,12
DA:526,0
DA:527,0
DA:528,0
DA:531,12
DA:533,12
DA:534,1
DA:535,1
DA:536,1
DA:537,1
DA:538,1
DA:539,0
DA:540,0
DA:541,0
DA:542,0
DA:544,1
DA:545,1
DA:546,1
DA:547,1
DA:548,1
DA:549,1
DA:550,1
DA:551,1
DA:552,1
DA:553,1
DA:554,1
DA:555,1
DA:556,1
DA:557,1
DA:558,1
DA:559,1
DA:560,1
DA:561,1
DA:563,1
DA:564,1
DA:565,1
DA:566,1
DA:568,1
DA:569,1
DA:570,1
DA:571,1
DA:572,1
DA:575,1
DA:576,1
DA:577,1
DA:580,0
DA:581,0
DA:584,1
DA:585,1
DA:590,12
DA:591,2
DA:605,10
DA:606,0
DA:626,10
DA:627,10
DA:628,10
DA:629,10
DA:630,10
DA:631,10
DA:632,20
DA:636,10
DA:637,18
DA:640,20
DA:642,12
DA:676,20
DA:680,1
DA:681,1
DA:683,1
DA:684,1
DA:685,1
DA:686,1
DA:687,1
DA:710,30
DA:713,0
DA:729,0
DA:740,1
DA:759,0
DA:760,0
DA:765,4
DA:898,0
DA:899,0
DA:905,0
DA:907,0
DA:910,0
DA:918,0
LF:358
LH:251
BRDA:46,0,0,0
BRDA:46,0,1,2
BRDA:65,1,0,0
BRDA:65,1,1,4
BRDA:67,2,0,4
BRDA:67,2,1,4
BRDA:68,3,0,4
BRDA:68,3,1,4
BRDA:73,4,0,2
BRDA:73,4,1,0
BRDA:74,5,0,0
BRDA:74,5,1,0
BRDA:75,6,0,0
BRDA:75,6,1,0
BRDA:76,7,0,0
BRDA:76,7,1,0
BRDA:78,8,0,0
BRDA:78,8,1,0
BRDA:91,9,0,2
BRDA:91,9,1,0
BRDA:97,10,0,0
BRDA:97,10,1,1
BRDA:102,11,0,0
BRDA:102,11,1,0
BRDA:103,12,0,0
BRDA:103,12,1,0
BRDA:103,13,0,0
BRDA:103,13,1,0
BRDA:103,13,2,0
BRDA:103,13,3,0
BRDA:104,14,0,0
BRDA:104,14,1,0
BRDA:105,15,0,0
BRDA:105,15,1,0
BRDA:106,16,0,0
BRDA:106,16,1,0
BRDA:106,17,0,0
BRDA:106,17,1,0
BRDA:106,17,2,0
BRDA:110,18,0,1
BRDA:111,19,0,1
BRDA:111,19,1,0
BRDA:115,20,0,0
BRDA:115,20,1,0
BRDA:118,21,0,0
BRDA:118,21,1,0
BRDA:125,22,0,0
BRDA:125,22,1,0
BRDA:127,23,0,0
BRDA:127,23,1,0
BRDA:133,24,0,0
BRDA:133,24,1,0
BRDA:133,25,0,0
BRDA:133,25,1,0
BRDA:133,25,2,0
BRDA:133,25,3,0
BRDA:133,25,4,0
BRDA:140,26,0,0
BRDA:140,26,1,0
BRDA:141,27,0,0
BRDA:141,27,1,0
BRDA:155,28,0,1
BRDA:155,28,1,0
BRDA:171,29,0,0
BRDA:171,29,1,1
BRDA:178,30,0,1
BRDA:178,30,1,1
BRDA:180,31,0,0
BRDA:180,31,1,0
BRDA:180,32,0,0
BRDA:180,32,1,0
BRDA:181,33,0,0
BRDA:181,33,1,0
BRDA:200,34,0,1
BRDA:200,34,1,0
BRDA:202,35,0,0
BRDA:202,35,1,0
BRDA:202,36,0,0
BRDA:202,36,1,0
BRDA:208,37,0,0
BRDA:208,37,1,0
BRDA:211,38,0,0
BRDA:211,38,1,0
BRDA:212,39,0,0
BRDA:212,39,1,0
BRDA:216,40,0,0
BRDA:216,40,1,0
BRDA:222,41,0,0
BRDA:222,41,1,0
BRDA:222,42,0,0
BRDA:222,42,1,0
BRDA:225,43,0,1
BRDA:225,43,1,1
BRDA:226,44,0,0
BRDA:226,44,1,1
BRDA:234,45,0,0
BRDA:234,45,1,1
BRDA:234,46,0,1
BRDA:234,46,1,0
BRDA:242,47,0,12
BRDA:247,48,0,11
BRDA:247,48,1,1
BRDA:295,49,0,2
BRDA:295,49,1,3
BRDA:297,50,0,0
BRDA:297,50,1,3
BRDA:308,51,0,3
BRDA:308,51,1,0
BRDA:325,52,0,12
BRDA:325,52,1,12
BRDA:336,53,0,0
BRDA:336,53,1,0
BRDA:345,54,0,0
BRDA:345,54,1,0
BRDA:345,55,0,0
BRDA:345,55,1,0
BRDA:357,56,0,0
BRDA:357,56,1,0
BRDA:357,57,0,0
BRDA:357,57,1,0
BRDA:371,58,0,0
BRDA:371,58,1,0
BRDA:371,59,0,0
BRDA:371,59,1,0
BRDA:378,60,0,0
BRDA:378,60,1,2
BRDA:403,61,0,1
BRDA:403,61,1,0
BRDA:414,62,0,0
BRDA:414,62,1,2
BRDA:416,63,0,0
BRDA:416,63,1,2
BRDA:419,64,0,0
BRDA:419,64,1,2
BRDA:420,65,0,0
BRDA:420,65,1,0
BRDA:425,66,0,0
BRDA:425,66,1,0
BRDA:435,67,0,1
BRDA:435,67,1,5
BRDA:437,68,0,3
BRDA:437,68,1,2
BRDA:437,69,0,5
BRDA:437,69,1,5
BRDA:444,70,0,0
BRDA:444,70,1,0
BRDA:444,71,0,0
BRDA:444,71,1,0
BRDA:454,72,0,6
BRDA:454,72,1,0
BRDA:454,73,0,6
BRDA:454,73,1,0
BRDA:454,73,2,0
BRDA:473,74,0,1
BRDA:473,74,1,5
BRDA:478,75,0,0
BRDA:478,75,1,10
BRDA:480,76,0,10
BRDA:480,76,1,0
BRDA:480,77,0,10
BRDA:480,77,1,0
BRDA:497,78,0,0
BRDA:497,78,1,1
BRDA:497,79,0,1
BRDA:497,79,1,1
BRDA:500,80,0,0
BRDA:500,80,1,1
BRDA:500,81,0,1
BRDA:500,81,1,1
BRDA:501,82,0,1
BRDA:501,82,1,1
BRDA:503,83,0,1
BRDA:503,83,1,0
BRDA:506,84,0,0
BRDA:506,84,1,0
BRDA:506,85,0,0
BRDA:506,85,1,0
BRDA:507,86,0,0
BRDA:507,86,1,0
BRDA:508,87,0,0
BRDA:508,87,1,0
BRDA:508,88,0,0
BRDA:508,88,1,0
BRDA:509,89,0,0
BRDA:509,89,1,0
BRDA:510,90,0,0
BRDA:510,90,1,0
BRDA:512,91,0,0
BRDA:512,91,1,0
BRDA:512,92,0,0
BRDA:512,92,1,0
BRDA:513,93,0,0
BRDA:513,93,1,0
BRDA:513,94,0,0
BRDA:513,94,1,0
BRDA:535,95,0,0
BRDA:535,95,1,1
BRDA:537,96,0,1
BRDA:537,96,1,0
BRDA:538,97,0,0
BRDA:538,97,1,1
BRDA:553,98,0,1
BRDA:553,98,1,0
BRDA:556,99,0,0
BRDA:556,99,1,1
BRDA:559,100,0,0
BRDA:559,100,1,1
BRDA:561,101,0,1
BRDA:561,101,1,0
BRDA:563,102,0,1
BRDA:563,102,1,0
BRDA:571,103,0,0
BRDA:571,103,1,1
BRDA:576,104,0,1
BRDA:576,104,1,0
BRDA:580,105,0,0
BRDA:580,105,1,0
BRDA:581,106,0,0
BRDA:581,106,1,0
BRDA:584,107,0,1
BRDA:584,107,1,0
BRDA:590,108,0,2
BRDA:590,108,1,10
BRDA:590,109,0,12
BRDA:590,109,1,10
BRDA:590,109,2,10
BRDA:605,110,0,0
BRDA:605,110,1,10
BRDA:605,111,0,10
BRDA:605,111,1,10
BRDA:617,112,0,0
BRDA:617,112,1,0
BRDA:634,113,0,20
BRDA:634,113,1,0
BRDA:637,114,0,2
BRDA:637,114,1,8
BRDA:639,115,0,8
BRDA:639,115,1,0
BRDA:646,116,0,12
BRDA:646,116,1,0
BRDA:649,117,0,0
BRDA:649,117,1,0
BRDA:652,118,0,12
BRDA:652,118,1,0
BRDA:681,119,0,0
BRDA:681,119,1,1
BRDA:685,120,0,1
BRDA:685,120,1,0
BRDA:686,121,0,1
BRDA:686,121,1,0
BRDA:693,122,0,10
BRDA:693,122,1,10
BRDA:703,123,0,12
BRDA:703,123,1,10
BRDA:716,124,0,10
BRDA:716,124,1,20
BRDA:751,125,0,0
BRDA:751,125,1,10
BRDA:753,126,0,0
BRDA:753,126,1,10
BRDA:755,127,0,12
BRDA:755,127,1,2
BRDA:771,128,0,12
BRDA:771,128,1,2
BRDA:771,128,2,0
BRDA:771,128,3,2
BRDA:775,129,0,1
BRDA:775,129,1,1
BRDA:776,130,0,1
BRDA:776,130,1,0
BRDA:777,131,0,1
BRDA:777,131,1,0
BRDA:782,132,0,1
BRDA:782,132,1,1
BRDA:783,133,0,1
BRDA:783,133,1,0
BRDA:784,134,0,1
BRDA:784,134,1,0
BRDA:786,135,0,1
BRDA:786,135,1,0
BRDA:787,136,0,1
BRDA:787,136,1,0
BRDA:795,137,0,12
BRDA:795,137,1,8
BRDA:803,138,0,12
BRDA:803,138,1,8
BRDA:804,139,0,12
BRDA:804,139,1,8
BRDA:810,140,0,2
BRDA:810,140,1,8
BRDA:819,141,0,4
BRDA:819,141,1,6
BRDA:819,142,0,12
BRDA:819,142,1,10
BRDA:819,143,0,0
BRDA:819,143,1,4
BRDA:851,144,0,12
BRDA:851,144,1,8
BRDA:868,145,0,12
BRDA:868,145,1,8
BRDA:874,146,0,12
BRDA:874,146,1,8
BRDA:902,147,0,0
BRDA:902,147,1,0
BRDA:903,148,0,0
BRDA:903,148,1,0
BRDA:904,149,0,0
BRDA:904,149,1,0
BRDA:905,150,0,0
BRDA:905,150,1,0
BRDA:906,151,0,0
BRDA:906,151,1,0
BRDA:907,152,0,0
BRDA:907,152,1,0
BRDA:919,153,0,0
BRDA:919,153,1,0
BRDA:919,154,0,0
BRDA:919,154,1,0
BRF:318
BRH:127
end_of_record
TN:
SF:src/components/replay/Controls.tsx
FN:10,Controls
FN:11,(anonymous_1)
FN:12,(anonymous_2)
FN:13,(anonymous_3)
FN:14,(anonymous_4)
FN:15,(anonymous_5)
FN:16,(anonymous_6)
FN:17,(anonymous_7)
FN:18,(anonymous_8)
FN:19,(anonymous_9)
FN:23,(anonymous_10)
FN:33,(anonymous_11)
FN:52,(anonymous_12)
FN:61,(anonymous_13)
FN:64,(anonymous_14)
FNF:15
FNH:15
FNDA:17,Controls
FNDA:68,(anonymous_1)
FNDA:68,(anonymous_2)
FNDA:68,(anonymous_3)
FNDA:68,(anonymous_4)
FNDA:68,(anonymous_5)
FNDA:68,(anonymous_6)
FNDA:68,(anonymous_7)
FNDA:68,(anonymous_8)
FNDA:68,(anonymous_9)
FNDA:2,(anonymous_10)
FNDA:1,(anonymous_11)
FNDA:1,(anonymous_12)
FNDA:85,(anonymous_13)
FNDA:1,(anonymous_14)
DA:1,2
DA:8,2
DA:11,68
DA:12,68
DA:13,68
DA:14,68
DA:15,68
DA:16,68
DA:17,68
DA:18,68
DA:19,68
DA:20,17
DA:21,17
DA:23,17
DA:24,2
DA:25,2
DA:28,17
DA:33,1
DA:52,1
DA:62,85
DA:64,1
LF:21
LH:21
BRDA:16,0,0,17
BRDA:16,0,1,0
BRDA:24,1,0,0
BRDA:24,1,1,2
BRDA:24,2,0,2
BRDA:24,2,1,2
BRDA:25,3,0,2
BRDA:25,3,1,2
BRDA:35,4,0,12
BRDA:35,4,1,5
BRDA:44,5,0,12
BRDA:44,5,1,5
BRDA:47,6,0,7
BRDA:47,6,1,10
BRDA:54,7,0,12
BRDA:54,7,1,5
BRDA:68,8,0,17
BRDA:68,8,1,68
BRF:18
BRH:16
end_of_record
TN:
SF:src/components/replay/DrawingLayer.tsx
FN:24,DrawingLayer
FN:35,(anonymous_1)
FN:53,(anonymous_2)
FN:61,(anonymous_3)
FN:68,(anonymous_4)
FN:80,(anonymous_5)
FN:90,(anonymous_6)
FN:114,drawStroke
FN:125,(anonymous_8)
FN:172,findHit
FNF:10
FNH:8
FNDA:4,DrawingLayer
FNDA:4,(anonymous_1)
FNDA:2,(anonymous_2)
FNDA:1,(anonymous_3)
FNDA:0,(anonymous_4)
FNDA:1,(anonymous_5)
FNDA:1,(anonymous_6)
FNDA:2,drawStroke
FNDA:3,(anonymous_8)
FNDA:0,findHit
DA:1,1
DA:32,4
DA:33,4
DA:35,4
DA:36,4
DA:37,4
DA:38,4
DA:39,4
DA:40,4
DA:41,4
DA:42,4
DA:43,4
DA:44,4
DA:45,4
DA:46,4
DA:47,4
DA:48,4
DA:51,4
DA:53,4
DA:54,2
DA:55,2
DA:56,2
DA:57,2
DA:58,2
DA:61,4
DA:62,1
DA:63,1
DA:64,1
DA:65,1
DA:67,0
DA:68,0
DA:69,0
DA:71,1
DA:80,4
DA:81,1
DA:82,1
DA:83,1
DA:84,1
DA:86,0
DA:90,4
DA:91,1
DA:92,1
DA:93,1
DA:96,4
DA:119,2
DA:120,2
DA:121,2
DA:122,2
DA:123,2
DA:125,3
DA:126,2
DA:128,2
DA:129,2
DA:130,2
DA:131,2
DA:132,2
DA:133,0
DA:134,0
DA:135,0
DA:136,0
DA:137,0
DA:138,0
DA:139,0
DA:140,0
DA:141,0
DA:142,0
DA:143,0
DA:147,0
DA:151,0
DA:152,0
DA:153,0
DA:154,0
DA:155,0
DA:156,0
DA:157,0
DA:158,0
DA:159,0
DA:168,0
DA:177,0
DA:178,0
DA:179,0
DA:180,0
DA:181,0
DA:182,0
DA:185,0
LF:85
LH:52
BRDA:37,0,0,0
BRDA:37,0,1,4
BRDA:38,1,0,4
BRDA:38,1,1,0
BRDA:44,2,0,0
BRDA:44,2,1,4
BRDA:47,3,0,2
BRDA:47,3,1,2
BRDA:56,4,0,2
BRDA:56,4,1,0
BRDA:57,5,0,2
BRDA:57,5,1,0
BRDA:58,6,0,2
BRDA:58,6,1,0
BRDA:58,7,0,2
BRDA:58,7,1,0
BRDA:62,8,0,0
BRDA:62,8,1,1
BRDA:65,9,0,0
BRDA:65,9,1,1
BRDA:68,10,0,0
BRDA:68,10,1,0
BRDA:81,11,0,0
BRDA:81,11,1,1
BRDA:83,12,0,1
BRDA:83,12,1,0
BRDA:91,13,0,0
BRDA:91,13,1,1
BRDA:107,14,0,0
BRDA:107,14,1,4
BRDA:108,15,0,0
BRDA:108,15,1,4
BRDA:126,16,0,0
BRDA:126,16,1,2
BRDA:128,17,0,2
BRDA:128,17,1,0
BRDA:133,18,0,0
BRDA:133,18,1,0
BRDA:133,19,0,0
BRDA:133,19,1,0
BRDA:153,20,0,0
BRDA:153,20,1,0
BRDA:153,21,0,0
BRDA:153,21,1,0
BRDA:156,22,0,0
BRDA:156,22,1,0
BRDA:156,23,0,0
BRDA:156,23,1,0
BRDA:182,24,0,0
BRDA:182,24,1,0
BRF:50
BRH:18
end_of_record
TN:
SF:src/components/replay/DrawingToolbar.tsx
FN:25,DrawingToolbar
FN:36,(anonymous_1)
FN:39,(anonymous_2)
FN:54,(anonymous_3)
FN:57,(anonymous_4)
FN:72,(anonymous_5)
FN:82,(anonymous_6)
FNF:7
FNH:5
FNDA:9,DrawingToolbar
FNDA:27,(anonymous_1)
FNDA:1,(anonymous_2)
FNDA:54,(anonymous_3)
FNDA:1,(anonymous_4)
FNDA:0,(anonymous_5)
FNDA:0,(anonymous_6)
DA:1,2
DA:8,2
DA:19,2
DA:33,9
DA:37,27
DA:39,1
DA:55,54
DA:57,1
DA:72,0
DA:82,0
LF:10
LH:8
BRDA:43,0,0,9
BRDA:43,0,1,18
BRDA:63,1,0,9
BRDA:63,1,1,45
BRF:4
BRH:4
end_of_record
TN:
SF:src/components/replay/KillFeed.tsx
FN:9,KillFeed
FN:10,(anonymous_1)
FN:11,(anonymous_2)
FN:12,(anonymous_3)
FN:18,(anonymous_4)
FN:23,(anonymous_5)
FN:24,(anonymous_6)
FN:29,(anonymous_7)
FN:33,(anonymous_8)
FN:91,displayName
FNF:10
FNH:10
FNDA:10,KillFeed
FNDA:39,(anonymous_1)
FNDA:39,(anonymous_2)
FNDA:39,(anonymous_3)
FNDA:6,(anonymous_4)
FNDA:2,(anonymous_5)
FNDA:2,(anonymous_6)
FNDA:2,(anonymous_7)
FNDA:1,(anonymous_8)
FNDA:2,displayName
DA:1,2
DA:7,2
DA:10,39
DA:11,39
DA:12,39
DA:13,10
DA:14,10
DA:15,10
DA:17,10
DA:18,6
DA:21,10
DA:23,2
DA:24,1
DA:25,2
DA:26,2
DA:27,2
DA:29,2
DA:31,1
DA:34,1
DA:35,1
DA:36,1
DA:37,1
DA:38,1
DA:39,1
DA:92,2
LF:25
LH:25
BRDA:12,0,0,10
BRDA:12,0,1,0
BRDA:13,1,0,0
BRDA:13,1,1,10
BRDA:15,2,0,0
BRDA:15,2,1,10
BRDA:17,3,0,10
BRDA:17,3,1,0
BRDA:18,4,0,6
BRDA:18,4,1,6
BRDA:18,4,2,2
BRDA:21,5,0,9
BRDA:21,5,1,1
BRDA:25,6,0,0
BRDA:25,6,1,2
BRDA:27,7,0,1
BRDA:27,7,1,1
BRDA:27,8,0,1
BRDA:27,8,1,0
BRDA:29,9,0,2
BRDA:29,9,1,0
BRDA:29,10,0,2
BRDA:29,10,1,0
BRDA:52,11,0,0
BRDA:52,11,1,1
BRDA:52,12,0,1
BRDA:52,12,1,0
BRDA:57,13,0,1
BRDA:57,13,1,1
BRDA:74,14,0,1
BRDA:74,14,1,1
BRDA:79,15,0,1
BRDA:79,15,1,0
BRDA:79,16,0,0
BRDA:79,16,1,0
BRDA:92,17,0,0
BRDA:92,17,1,2
BRF:37
BRH:23
end_of_record
TN:
SF:src/components/replay/MapRenderer.tsx
FN:105,loadSvgTextureDirect
FN:128,loadIconTexture
FN:140,(anonymous_2)
FN:144,(anonymous_3)
FN:155,cachedIconTexture
FN:159,addPreloadPath
FN:163,preloadIconPathSet
FN:165,(anonymous_7)
FN:169,yieldToMainThread
FN:170,(anonymous_9)
FN:173,collectRoundIconPreloadPaths
FN:230,preloadRoundIconTextures
FN:239,sampleFrame
FN:296,playerPositionAtOrBefore
FN:306,(anonymous_14)
FN:312,nearestFrame
FN:326,framePair
FN:347,projectileSamples
FN:369,projectileDebugEnabled
FN:382,projectileDebugLog
FN:386,(anonymous_20)
FN:389,projectileDebugLogForced
FN:392,(anonymous_22)
FN:395,formatProjectileDebugNumber
FN:399,projectileDebugDistance
FN:403,projectileDebugTick
FN:407,fireEffectDebugPayload
FN:428,fireClampDebugPayload
FN:450,projectileTrackWindowFromCache
FN:460,projectileSampleSourceDebug
FN:462,(anonymous_30)
FN:463,(anonymous_31)
FN:474,projectilePositionSuspicion
FN:481,(anonymous_33)
FN:490,sampleProjectiles
FN:495,(anonymous_35)
FN:524,projectileHistory
FN:535,(anonymous_37)
FN:556,projectileHistoryFromTrack
FN:589,drawSmoothTrail
FN:654,habitTrailColor
FN:664,drawHabitOverlayTrail
FN:670,(anonymous_42)
FN:681,sampleHabitPosition
FN:700,habitRadarLayerPositions
FN:713,habitTimedPoints
FN:731,sampleHabitProjectile
FN:742,habitProjectileGroundZ
FN:744,(anonymous_48)
FN:747,drawHabitGhostLabel
FN:770,drawHabitGhostPlayer
FN:813,drawHabitProjectile
FN:827,(anonymous_52)
FN:833,(anonymous_53)
FN:835,(anonymous_54)
FN:836,(anonymous_55)
FN:839,(anonymous_56)
FN:840,(anonymous_57)
FN:897,drawHabitEffect
FN:909,drawHabitReplayOverlay
FN:923,fireVariantFromProjectiles
FN:954,circleOverlapArea
FN:970,fireRadiusWorld
FN:975,fireIsSmoked
FN:978,(anonymous_64)
FN:987,lastKnownTeams
FN:996,projectileTypeToEffect
FN:1006,effectSuppressionRadius
FN:1012,projectileHideStart
FN:1028,projectileTypeForEffect
FN:1037,projectileTouchesEffect
FN:1052,(anonymous_71)
FN:1070,projectileSeenNearEffect
FN:1099,projectileResolvedByEffect
FN:1107,(anonymous_74)
FN:1113,projectileEffectHandoff
FN:1136,liveProjectileForEffect
FN:1162,lastProjectileBeforeEffect
FN:1192,effectHandoffProjectile
FN:1214,decoyProjectileTracks
FN:1234,(anonymous_80)
FN:1248,decoyLandingStart
FN:1268,resolveDecoyEffect
FN:1279,resolveFireEffect
FN:1289,resolveEffects
FN:1290,(anonymous_85)
FN:1293,buildProjectileTracks
FN:1322,getRoundRenderCache
FN:1331,(anonymous_88)
FN:1332,(anonymous_89)
FN:1342,sampleProjectilesFixed
FN:1351,isSameVisualProjectile
FN:1361,visibleProjectiles
FN:1371,(anonymous_93)
FN:1381,(anonymous_94)
FN:1389,(anonymous_95)
FN:1396,summarizeProjectileRound
FN:1502,projectileEffectMatchDebug
FN:1536,projectileHiddenReasonDebug
FN:1551,(anonymous_99)
FN:1557,projectileRenderIssueDebug
FN:1564,(anonymous_101)
FN:1565,(anonymous_102)
FN:1574,fitSprite
FN:1591,fitSpriteBox
FN:1608,heldWeaponBox
FN:1631,isUtilityWeapon
FN:1636,isBombWeapon
FN:1640,playerCarriesBomb
FN:1648,roundFramesWithBombFallback
FN:1649,(anonymous_110)
FN:1654,(anonymous_111)
FN:1656,(anonymous_112)
FN:1661,(anonymous_113)
FN:1712,isKnifeWeapon
FN:1717,isPistolWeapon
FN:1726,teamColor
FN:1732,teamDarkColor
FN:1738,clamp01
FN:1742,easeOutCubic
FN:1747,mixColor
FN:1762,activeDefuse
FN:1783,(anonymous_122)
FN:1785,(anonymous_123)
FN:1788,(anonymous_124)
FN:1797,(anonymous_125)
FN:1805,recentlyDefusedBomb
FN:1824,activeBombPlantTime
FN:1837,plantedBombAt
FN:1846,recentBombExplosion
FN:1857,bombPulseProgress
FN:1865,displayName
FN:1899,queueLayerChildrenForDestroy
FN:1903,drainDestroyQueue
FN:1912,heightLift
FN:1916,projectileGroundZ
FN:1918,(anonymous_136)
FN:1921,projectileHeightAboveGround
FN:1925,drawUtilityIcon
FN:1947,(anonymous_139)
FN:1952,(anonymous_140)
FN:1955,drawFireMarker
FN:1971,drawTimerArc
FN:1988,drawCountdownLabel
FN:2001,(anonymous_144)
FN:2010,(anonymous_145)
FN:2013,(anonymous_146)
FN:2028,drawEffect
FN:2133,drawProjectile
FN:2180,drawWeaponFire
FN:2252,(anonymous_150)
FN:2270,(anonymous_151)
FN:2275,drawDeathMarker
FN:2288,MapRenderer
FN:2325,(anonymous_154)
FN:2327,(anonymous_155)
FN:2328,(anonymous_156)
FN:2330,(anonymous_157)
FN:2336,(anonymous_158)
FN:2341,(anonymous_159)
FN:2352,(anonymous_160)
FN:2391,(anonymous_161)
FN:2406,(anonymous_162)
FN:2413,(anonymous_163)
FN:2420,(anonymous_164)
FN:2422,(anonymous_165)
FN:2423,(anonymous_166)
FN:2425,(anonymous_167)
FN:2432,(anonymous_168)
FN:2434,(anonymous_169)
FN:2436,(anonymous_170)
FN:2438,(anonymous_171)
FN:2449,(anonymous_172)
FN:2458,(anonymous_173)
FN:2463,(anonymous_174)
FN:2466,(anonymous_175)
FN:2469,(anonymous_176)
FN:2482,(anonymous_177)
FN:2488,(anonymous_178)
FN:2491,(anonymous_179)
FN:2520,(anonymous_180)
FN:2545,(anonymous_181)
FN:2597,(anonymous_182)
FN:2652,(anonymous_183)
FN:2655,(anonymous_184)
FN:2738,(anonymous_185)
FN:2743,(anonymous_186)
FN:2764,(anonymous_187)
FN:2766,(anonymous_188)
FN:2768,(anonymous_189)
FN:2779,(anonymous_190)
FN:2822,(anonymous_191)
FN:3028,(anonymous_192)
FN:3239,(anonymous_193)
FN:3245,(anonymous_194)
FN:3264,(anonymous_195)
FN:3273,(anonymous_196)
FN:3341,(anonymous_197)
FNF:198
FNH:0
FNDA:0,loadSvgTextureDirect
FNDA:0,loadIconTexture
FNDA:0,(anonymous_2)
FNDA:0,(anonymous_3)
FNDA:0,cachedIconTexture
FNDA:0,addPreloadPath
FNDA:0,preloadIconPathSet
FNDA:0,(anonymous_7)
FNDA:0,yieldToMainThread
FNDA:0,(anonymous_9)
FNDA:0,collectRoundIconPreloadPaths
FNDA:0,preloadRoundIconTextures
FNDA:0,sampleFrame
FNDA:0,playerPositionAtOrBefore
FNDA:0,(anonymous_14)
FNDA:0,nearestFrame
FNDA:0,framePair
FNDA:0,projectileSamples
FNDA:0,projectileDebugEnabled
FNDA:0,projectileDebugLog
FNDA:0,(anonymous_20)
FNDA:0,projectileDebugLogForced
FNDA:0,(anonymous_22)
FNDA:0,formatProjectileDebugNumber
FNDA:0,projectileDebugDistance
FNDA:0,projectileDebugTick
FNDA:0,fireEffectDebugPayload
FNDA:0,fireClampDebugPayload
FNDA:0,projectileTrackWindowFromCache
FNDA:0,projectileSampleSourceDebug
FNDA:0,(anonymous_30)
FNDA:0,(anonymous_31)
FNDA:0,projectilePositionSuspicion
FNDA:0,(anonymous_33)
FNDA:0,sampleProjectiles
FNDA:0,(anonymous_35)
FNDA:0,projectileHistory
FNDA:0,(anonymous_37)
FNDA:0,projectileHistoryFromTrack
FNDA:0,drawSmoothTrail
FNDA:0,habitTrailColor
FNDA:0,drawHabitOverlayTrail
FNDA:0,(anonymous_42)
FNDA:0,sampleHabitPosition
FNDA:0,habitRadarLayerPositions
FNDA:0,habitTimedPoints
FNDA:0,sampleHabitProjectile
FNDA:0,habitProjectileGroundZ
FNDA:0,(anonymous_48)
FNDA:0,drawHabitGhostLabel
FNDA:0,drawHabitGhostPlayer
FNDA:0,drawHabitProjectile
FNDA:0,(anonymous_52)
FNDA:0,(anonymous_53)
FNDA:0,(anonymous_54)
FNDA:0,(anonymous_55)
FNDA:0,(anonymous_56)
FNDA:0,(anonymous_57)
FNDA:0,drawHabitEffect
FNDA:0,drawHabitReplayOverlay
FNDA:0,fireVariantFromProjectiles
FNDA:0,circleOverlapArea
FNDA:0,fireRadiusWorld
FNDA:0,fireIsSmoked
FNDA:0,(anonymous_64)
FNDA:0,lastKnownTeams
FNDA:0,projectileTypeToEffect
FNDA:0,effectSuppressionRadius
FNDA:0,projectileHideStart
FNDA:0,projectileTypeForEffect
FNDA:0,projectileTouchesEffect
FNDA:0,(anonymous_71)
FNDA:0,projectileSeenNearEffect
FNDA:0,projectileResolvedByEffect
FNDA:0,(anonymous_74)
FNDA:0,projectileEffectHandoff
FNDA:0,liveProjectileForEffect
FNDA:0,lastProjectileBeforeEffect
FNDA:0,effectHandoffProjectile
FNDA:0,decoyProjectileTracks
FNDA:0,(anonymous_80)
FNDA:0,decoyLandingStart
FNDA:0,resolveDecoyEffect
FNDA:0,resolveFireEffect
FNDA:0,resolveEffects
FNDA:0,(anonymous_85)
FNDA:0,buildProjectileTracks
FNDA:0,getRoundRenderCache
FNDA:0,(anonymous_88)
FNDA:0,(anonymous_89)
FNDA:0,sampleProjectilesFixed
FNDA:0,isSameVisualProjectile
FNDA:0,visibleProjectiles
FNDA:0,(anonymous_93)
FNDA:0,(anonymous_94)
FNDA:0,(anonymous_95)
FNDA:0,summarizeProjectileRound
FNDA:0,projectileEffectMatchDebug
FNDA:0,projectileHiddenReasonDebug
FNDA:0,(anonymous_99)
FNDA:0,projectileRenderIssueDebug
FNDA:0,(anonymous_101)
FNDA:0,(anonymous_102)
FNDA:0,fitSprite
FNDA:0,fitSpriteBox
FNDA:0,heldWeaponBox
FNDA:0,isUtilityWeapon
FNDA:0,isBombWeapon
FNDA:0,playerCarriesBomb
FNDA:0,roundFramesWithBombFallback
FNDA:0,(anonymous_110)
FNDA:0,(anonymous_111)
FNDA:0,(anonymous_112)
FNDA:0,(anonymous_113)
FNDA:0,isKnifeWeapon
FNDA:0,isPistolWeapon
FNDA:0,teamColor
FNDA:0,teamDarkColor
FNDA:0,clamp01
FNDA:0,easeOutCubic
FNDA:0,mixColor
FNDA:0,activeDefuse
FNDA:0,(anonymous_122)
FNDA:0,(anonymous_123)
FNDA:0,(anonymous_124)
FNDA:0,(anonymous_125)
FNDA:0,recentlyDefusedBomb
FNDA:0,activeBombPlantTime
FNDA:0,plantedBombAt
FNDA:0,recentBombExplosion
FNDA:0,bombPulseProgress
FNDA:0,displayName
FNDA:0,queueLayerChildrenForDestroy
FNDA:0,drainDestroyQueue
FNDA:0,heightLift
FNDA:0,projectileGroundZ
FNDA:0,(anonymous_136)
FNDA:0,projectileHeightAboveGround
FNDA:0,drawUtilityIcon
FNDA:0,(anonymous_139)
FNDA:0,(anonymous_140)
FNDA:0,drawFireMarker
FNDA:0,drawTimerArc
FNDA:0,drawCountdownLabel
FNDA:0,(anonymous_144)
FNDA:0,(anonymous_145)
FNDA:0,(anonymous_146)
FNDA:0,drawEffect
FNDA:0,drawProjectile
FNDA:0,drawWeaponFire
FNDA:0,(anonymous_150)
FNDA:0,(anonymous_151)
FNDA:0,drawDeathMarker
FNDA:0,MapRenderer
FNDA:0,(anonymous_154)
FNDA:0,(anonymous_155)
FNDA:0,(anonymous_156)
FNDA:0,(anonymous_157)
FNDA:0,(anonymous_158)
FNDA:0,(anonymous_159)
FNDA:0,(anonymous_160)
FNDA:0,(anonymous_161)
FNDA:0,(anonymous_162)
FNDA:0,(anonymous_163)
FNDA:0,(anonymous_164)
FNDA:0,(anonymous_165)
FNDA:0,(anonymous_166)
FNDA:0,(anonymous_167)
FNDA:0,(anonymous_168)
FNDA:0,(anonymous_169)
FNDA:0,(anonymous_170)
FNDA:0,(anonymous_171)
FNDA:0,(anonymous_172)
FNDA:0,(anonymous_173)
FNDA:0,(anonymous_174)
FNDA:0,(anonymous_175)
FNDA:0,(anonymous_176)
FNDA:0,(anonymous_177)
FNDA:0,(anonymous_178)
FNDA:0,(anonymous_179)
FNDA:0,(anonymous_180)
FNDA:0,(anonymous_181)
FNDA:0,(anonymous_182)
FNDA:0,(anonymous_183)
FNDA:0,(anonymous_184)
FNDA:0,(anonymous_185)
FNDA:0,(anonymous_186)
FNDA:0,(anonymous_187)
FNDA:0,(anonymous_188)
FNDA:0,(anonymous_189)
FNDA:0,(anonymous_190)
FNDA:0,(anonymous_191)
FNDA:0,(anonymous_192)
FNDA:0,(anonymous_193)
FNDA:0,(anonymous_194)
FNDA:0,(anonymous_195)
FNDA:0,(anonymous_196)
FNDA:0,(anonymous_197)
DA:1,0
DA:14,0
DA:15,0
DA:16,0
DA:18,0
DA:19,0
DA:20,0
DA:21,0
DA:22,0
DA:23,0
DA:24,0
DA:26,0
DA:106,0
DA:107,0
DA:108,0
DA:109,0
DA:110,0
DA:111,0
DA:112,0
DA:113,0
DA:114,0
DA:115,0
DA:116,0
DA:117,0
DA:118,0
DA:119,0
DA:120,0
DA:121,0
DA:122,0
DA:124,0
DA:129,0
DA:130,0
DA:131,0
DA:132,0
DA:133,0
DA:134,0
DA:139,0
DA:141,0
DA:142,0
DA:145,0
DA:146,0
DA:147,0
DA:148,0
DA:150,0
DA:152,0
DA:156,0
DA:160,0
DA:164,0
DA:165,0
DA:170,0
DA:174,0
DA:175,0
DA:176,0
DA:188,0
DA:189,0
DA:190,0
DA:191,0
DA:192,0
DA:193,0
DA:194,0
DA:195,0
DA:198,0
DA:199,0
DA:201,0
DA:204,0
DA:205,0
DA:206,0
DA:207,0
DA:208,0
DA:209,0
DA:211,0
DA:214,0
DA:215,0
DA:216,0
DA:217,0
DA:220,0
DA:221,0
DA:222,0
DA:225,0
DA:226,0
DA:227,0
DA:231,0
DA:232,0
DA:233,0
DA:234,0
DA:235,0
DA:240,0
DA:241,0
DA:242,0
DA:243,0
DA:244,0
DA:245,0
DA:246,0
DA:247,0
DA:248,0
DA:250,0
DA:251,0
DA:252,0
DA:253,0
DA:254,0
DA:255,0
DA:256,0
DA:257,0
DA:258,0
DA:259,0
DA:260,0
DA:261,0
DA:265,0
DA:266,0
DA:267,0
DA:269,0
DA:270,0
DA:271,0
DA:276,0
DA:277,0
DA:278,0
DA:284,0
DA:293,0
DA:297,0
DA:298,0
DA:299,0
DA:300,0
DA:301,0
DA:302,0
DA:303,0
DA:305,0
DA:306,0
DA:307,0
DA:309,0
DA:313,0
DA:314,0
DA:315,0
DA:316,0
DA:317,0
DA:318,0
DA:319,0
DA:320,0
DA:321,0
DA:323,0
DA:327,0
DA:328,0
DA:329,0
DA:330,0
DA:331,0
DA:333,0
DA:334,0
DA:335,0
DA:336,0
DA:337,0
DA:338,0
DA:340,0
DA:341,0
DA:342,0
DA:348,0
DA:367,0
DA:370,0
DA:371,0
DA:372,0
DA:373,0
DA:379,0
DA:383,0
DA:384,0
DA:385,0
DA:386,0
DA:390,0
DA:391,0
DA:392,0
DA:396,0
DA:400,0
DA:404,0
DA:408,0
DA:409,0
DA:429,0
DA:430,0
DA:451,0
DA:452,0
DA:461,0
DA:462,0
DA:463,0
DA:464,0
DA:480,0
DA:481,0
DA:482,0
DA:483,0
DA:484,0
DA:485,0
DA:486,0
DA:487,0
DA:491,0
DA:492,0
DA:493,0
DA:494,0
DA:495,0
DA:496,0
DA:497,0
DA:498,0
DA:499,0
DA:500,0
DA:501,0
DA:503,0
DA:504,0
DA:505,0
DA:507,0
DA:510,0
DA:511,0
DA:512,0
DA:514,0
DA:521,0
DA:530,0
DA:531,0
DA:533,0
DA:534,0
DA:535,0
DA:536,0
DA:537,0
DA:538,0
DA:539,0
DA:540,0
DA:541,0
DA:542,0
DA:543,0
DA:544,0
DA:546,0
DA:547,0
DA:550,0
DA:551,0
DA:552,0
DA:553,0
DA:562,0
DA:563,0
DA:564,0
DA:565,0
DA:567,0
DA:568,0
DA:569,0
DA:570,0
DA:571,0
DA:572,0
DA:573,0
DA:574,0
DA:575,0
DA:576,0
DA:577,0
DA:579,0
DA:580,0
DA:583,0
DA:584,0
DA:585,0
DA:586,0
DA:590,0
DA:591,0
DA:592,0
DA:593,0
DA:594,0
DA:595,0
DA:596,0
DA:597,0
DA:598,0
DA:599,0
DA:600,0
DA:602,0
DA:608,0
DA:613,0
DA:617,0
DA:618,0
DA:619,0
DA:620,0
DA:621,0
DA:622,0
DA:623,0
DA:624,0
DA:625,0
DA:626,0
DA:628,0
DA:629,0
DA:630,0
DA:631,0
DA:632,0
DA:633,0
DA:634,0
DA:635,0
DA:636,0
DA:637,0
DA:638,0
DA:639,0
DA:642,0
DA:643,0
DA:644,0
DA:645,0
DA:648,0
DA:649,0
DA:655,0
DA:656,0
DA:657,0
DA:658,0
DA:659,0
DA:660,0
DA:661,0
DA:669,0
DA:670,0
DA:671,0
DA:672,0
DA:673,0
DA:674,0
DA:675,0
DA:676,0
DA:677,0
DA:678,0
DA:682,0
DA:683,0
DA:684,0
DA:685,0
DA:686,0
DA:687,0
DA:688,0
DA:701,0
DA:702,0
DA:703,0
DA:704,0
DA:705,0
DA:707,0
DA:708,0
DA:710,0
DA:720,0
DA:721,0
DA:722,0
DA:723,0
DA:724,0
DA:725,0
DA:726,0
DA:728,0
DA:732,0
DA:733,0
DA:734,0
DA:735,0
DA:743,0
DA:744,0
DA:748,0
DA:759,0
DA:760,0
DA:761,0
DA:762,0
DA:763,0
DA:764,0
DA:765,0
DA:766,0
DA:767,0
DA:776,0
DA:777,0
DA:778,0
DA:779,0
DA:780,0
DA:781,0
DA:782,0
DA:784,0
DA:786,0
DA:787,0
DA:788,0
DA:789,0
DA:790,0
DA:791,0
DA:792,0
DA:794,0
DA:795,0
DA:796,0
DA:798,0
DA:799,0
DA:800,0
DA:801,0
DA:809,0
DA:810,0
DA:820,0
DA:821,0
DA:822,0
DA:823,0
DA:824,0
DA:825,0
DA:829,0
DA:834,0
DA:835,0
DA:836,0
DA:837,0
DA:839,0
DA:840,0
DA:842,0
DA:843,0
DA:844,0
DA:845,0
DA:846,0
DA:853,0
DA:854,0
DA:855,0
DA:856,0
DA:857,0
DA:858,0
DA:859,0
DA:860,0
DA:862,0
DA:863,0
DA:864,0
DA:865,0
DA:866,0
DA:867,0
DA:868,0
DA:869,0
DA:870,0
DA:871,0
DA:875,0
DA:878,0
DA:879,0
DA:880,0
DA:881,0
DA:882,0
DA:883,0
DA:884,0
DA:885,0
DA:886,0
DA:887,0
DA:888,0
DA:890,0
DA:891,0
DA:892,0
DA:893,0
DA:905,0
DA:906,0
DA:916,0
DA:917,0
DA:918,0
DA:920,0
DA:924,0
DA:925,0
DA:934,0
DA:935,0
DA:936,0
DA:937,0
DA:938,0
DA:939,0
DA:940,0
DA:941,0
DA:942,0
DA:943,0
DA:944,0
DA:947,0
DA:948,0
DA:955,0
DA:956,0
DA:957,0
DA:958,0
DA:961,0
DA:963,0
DA:964,0
DA:967,0
DA:971,0
DA:972,0
DA:976,0
DA:977,0
DA:978,0
DA:979,0
DA:980,0
DA:981,0
DA:982,0
DA:983,0
DA:988,0
DA:989,0
DA:990,0
DA:991,0
DA:993,0
DA:997,0
DA:998,0
DA:999,0
DA:1000,0
DA:1001,0
DA:1002,0
DA:1003,0
DA:1007,0
DA:1008,0
DA:1009,0
DA:1016,0
DA:1017,0
DA:1018,0
DA:1019,0
DA:1020,0
DA:1029,0
DA:1030,0
DA:1031,0
DA:1032,0
DA:1033,0
DA:1034,0
DA:1043,0
DA:1044,0
DA:1045,0
DA:1046,0
DA:1047,0
DA:1049,0
DA:1050,0
DA:1051,0
DA:1052,0
DA:1053,0
DA:1054,0
DA:1055,0
DA:1056,0
DA:1057,0
DA:1063,0
DA:1065,0
DA:1066,0
DA:1067,0
DA:1075,0
DA:1076,0
DA:1077,0
DA:1078,0
DA:1079,0
DA:1080,0
DA:1081,0
DA:1082,0
DA:1084,0
DA:1085,0
DA:1086,0
DA:1087,0
DA:1088,0
DA:1089,0
DA:1090,0
DA:1091,0
DA:1092,0
DA:1096,0
DA:1105,0
DA:1106,0
DA:1107,0
DA:1108,0
DA:1109,0
DA:1119,0
DA:1120,0
DA:1121,0
DA:1123,0
DA:1124,0
DA:1125,0
DA:1126,0
DA:1127,0
DA:1129,0
DA:1130,0
DA:1133,0
DA:1142,0
DA:1143,0
DA:1144,0
DA:1145,0
DA:1146,0
DA:1148,0
DA:1149,0
DA:1150,0
DA:1151,0
DA:1152,0
DA:1153,0
DA:1154,0
DA:1155,0
DA:1156,0
DA:1159,0
DA:1166,0
DA:1167,0
DA:1168,0
DA:1169,0
DA:1170,0
DA:1172,0
DA:1173,0
DA:1174,0
DA:1175,0
DA:1176,0
DA:1177,0
DA:1178,0
DA:1179,0
DA:1180,0
DA:1181,0
DA:1182,0
DA:1183,0
DA:1184,0
DA:1189,0
DA:1198,0
DA:1199,0
DA:1200,0
DA:1201,0
DA:1202,0
DA:1203,0
DA:1204,0
DA:1215,0
DA:1217,0
DA:1218,0
DA:1219,0
DA:1220,0
DA:1221,0
DA:1222,0
DA:1223,0
DA:1225,0
DA:1226,0
DA:1227,0
DA:1228,0
DA:1229,0
DA:1230,0
DA:1234,0
DA:1249,0
DA:1250,0
DA:1251,0
DA:1252,0
DA:1254,0
DA:1255,0
DA:1256,0
DA:1257,0
DA:1258,0
DA:1259,0
DA:1260,0
DA:1261,0
DA:1262,0
DA:1265,0
DA:1269,0
DA:1270,0
DA:1271,0
DA:1272,0
DA:1280,0
DA:1281,0
DA:1282,0
DA:1283,0
DA:1290,0
DA:1294,0
DA:1295,0
DA:1296,0
DA:1297,0
DA:1298,0
DA:1299,0
DA:1306,0
DA:1308,0
DA:1309,0
DA:1310,0
DA:1311,0
DA:1313,0
DA:1314,0
DA:1315,0
DA:1316,0
DA:1319,0
DA:1323,0
DA:1324,0
DA:1325,0
DA:1326,0
DA:1331,0
DA:1333,0
DA:1334,0
DA:1338,0
DA:1339,0
DA:1343,0
DA:1344,0
DA:1345,0
DA:1346,0
DA:1347,0
DA:1348,0
DA:1352,0
DA:1353,0
DA:1354,0
DA:1355,0
DA:1356,0
DA:1357,0
DA:1358,0
DA:1367,0
DA:1368,0
DA:1369,0
DA:1370,0
DA:1371,0
DA:1372,0
DA:1375,0
DA:1376,0
DA:1377,0
DA:1378,0
DA:1379,0
DA:1381,0
DA:1382,0
DA:1386,0
DA:1387,0
DA:1388,0
DA:1389,0
DA:1390,0
DA:1393,0
DA:1397,0
DA:1413,0
DA:1420,0
DA:1421,0
DA:1422,0
DA:1423,0
DA:1424,0
DA:1425,0
DA:1426,0
DA:1427,0
DA:1440,0
DA:1442,0
DA:1443,0
DA:1444,0
DA:1445,0
DA:1446,0
DA:1447,0
DA:1448,0
DA:1450,0
DA:1452,0
DA:1457,0
DA:1458,0
DA:1459,0
DA:1460,0
DA:1461,0
DA:1462,0
DA:1463,0
DA:1464,0
DA:1465,0
DA:1466,0
DA:1467,0
DA:1468,0
DA:1477,0
DA:1481,0
DA:1482,0
DA:1483,0
DA:1484,0
DA:1487,0
DA:1508,0
DA:1509,0
DA:1517,0
DA:1519,0
DA:1520,0
DA:1521,0
DA:1522,0
DA:1523,0
DA:1533,0
DA:1544,0
DA:1545,0
DA:1547,0
DA:1548,0
DA:1549,0
DA:1551,0
DA:1552,0
DA:1554,0
DA:1564,0
DA:1565,0
DA:1566,0
DA:1567,0
DA:1568,0
DA:1569,0
DA:1570,0
DA:1571,0
DA:1575,0
DA:1576,0
DA:1577,0
DA:1578,0
DA:1579,0
DA:1581,0
DA:1582,0
DA:1583,0
DA:1584,0
DA:1586,0
DA:1587,0
DA:1592,0
DA:1593,0
DA:1594,0
DA:1595,0
DA:1596,0
DA:1598,0
DA:1599,0
DA:1600,0
DA:1601,0
DA:1603,0
DA:1604,0
DA:1609,0
DA:1610,0
DA:1611,0
DA:1613,0
DA:1614,0
DA:1616,0
DA:1617,0
DA:1619,0
DA:1620,0
DA:1622,0
DA:1623,0
DA:1625,0
DA:1626,0
DA:1628,0
DA:1632,0
DA:1633,0
DA:1637,0
DA:1641,0
DA:1649,0
DA:1650,0
DA:1651,0
DA:1653,0
DA:1654,0
DA:1656,0
DA:1657,0
DA:1658,0
DA:1659,0
DA:1661,0
DA:1662,0
DA:1663,0
DA:1664,0
DA:1665,0
DA:1666,0
DA:1667,0
DA:1668,0
DA:1669,0
DA:1670,0
DA:1671,0
DA:1673,0
DA:1674,0
DA:1675,0
DA:1677,0
DA:1681,0
DA:1682,0
DA:1684,0
DA:1685,0
DA:1686,0
DA:1693,0
DA:1694,0
DA:1695,0
DA:1701,0
DA:1705,0
DA:1708,0
DA:1709,0
DA:1713,0
DA:1714,0
DA:1718,0
DA:1719,0
DA:1722,0
DA:1723,0
DA:1724,0
DA:1727,0
DA:1728,0
DA:1729,0
DA:1733,0
DA:1734,0
DA:1735,0
DA:1739,0
DA:1743,0
DA:1744,0
DA:1748,0
DA:1749,0
DA:1750,0
DA:1751,0
DA:1752,0
DA:1753,0
DA:1754,0
DA:1755,0
DA:1768,0
DA:1769,0
DA:1770,0
DA:1771,0
DA:1772,0
DA:1773,0
DA:1779,0
DA:1782,0
DA:1783,0
DA:1784,0
DA:1785,0
DA:1786,0
DA:1788,0
DA:1789,0
DA:1790,0
DA:1791,0
DA:1792,0
DA:1793,0
DA:1796,0
DA:1797,0
DA:1798,0
DA:1799,0
DA:1800,0
DA:1802,0
DA:1806,0
DA:1807,0
DA:1808,0
DA:1809,0
DA:1810,0
DA:1811,0
DA:1812,0
DA:1815,0
DA:1816,0
DA:1817,0
DA:1818,0
DA:1819,0
DA:1821,0
DA:1825,0
DA:1826,0
DA:1827,0
DA:1828,0
DA:1829,0
DA:1830,0
DA:1831,0
DA:1834,0
DA:1838,0
DA:1839,0
DA:1840,0
DA:1841,0
DA:1843,0
DA:1847,0
DA:1848,0
DA:1849,0
DA:1850,0
DA:1852,0
DA:1853,0
DA:1854,0
DA:1858,0
DA:1859,0
DA:1860,0
DA:1861,0
DA:1862,0
DA:1866,0
DA:1900,0
DA:1904,0
DA:1905,0
DA:1906,0
DA:1907,0
DA:1908,0
DA:1913,0
DA:1917,0
DA:1918,0
DA:1922,0
DA:1933,0
DA:1934,0
DA:1935,0
DA:1936,0
DA:1937,0
DA:1938,0
DA:1939,0
DA:1940,0
DA:1941,0
DA:1942,0
DA:1943,0
DA:1944,0
DA:1946,0
DA:1948,0
DA:1949,0
DA:1950,0
DA:1956,0
DA:1957,0
DA:1958,0
DA:1963,0
DA:1967,0
DA:1968,0
DA:1980,0
DA:1981,0
DA:1982,0
DA:1983,0
DA:1984,0
DA:1985,0
DA:1989,0
DA:2001,0
DA:2002,0
DA:2003,0
DA:2004,0
DA:2005,0
DA:2006,0
DA:2007,0
DA:2008,0
DA:2009,0
DA:2010,0
DA:2011,0
DA:2013,0
DA:2014,0
DA:2015,0
DA:2016,0
DA:2017,0
DA:2018,0
DA:2019,0
DA:2020,0
DA:2021,0
DA:2022,0
DA:2025,0
DA:2036,0
DA:2037,0
DA:2038,0
DA:2039,0
DA:2040,0
DA:2041,0
DA:2043,0
DA:2044,0
DA:2045,0
DA:2046,0
DA:2047,0
DA:2048,0
DA:2049,0
DA:2053,0
DA:2054,0
DA:2055,0
DA:2056,0
DA:2057,0
DA:2060,0
DA:2061,0
DA:2062,0
DA:2064,0
DA:2065,0
DA:2067,0
DA:2068,0
DA:2069,0
DA:2070,0
DA:2071,0
DA:2076,0
DA:2077,0
DA:2080,0
DA:2082,0
DA:2083,0
DA:2085,0
DA:2086,0
DA:2087,0
DA:2088,0
DA:2091,0
DA:2092,0
DA:2093,0
DA:2094,0
DA:2095,0
DA:2097,0
DA:2098,0
DA:2099,0
DA:2100,0
DA:2103,0
DA:2104,0
DA:2105,0
DA:2106,0
DA:2107,0
DA:2108,0
DA:2109,0
DA:2110,0
DA:2111,0
DA:2112,0
DA:2115,0
DA:2116,0
DA:2117,0
DA:2118,0
DA:2119,0
DA:2120,0
DA:2123,0
DA:2124,0
DA:2125,0
DA:2126,0
DA:2127,0
DA:2128,0
DA:2129,0
DA:2142,0
DA:2143,0
DA:2144,0
DA:2145,0
DA:2146,0
DA:2147,0
DA:2148,0
DA:2151,0
DA:2152,0
DA:2153,0
DA:2154,0
DA:2160,0
DA:2161,0
DA:2164,0
DA:2165,0
DA:2166,0
DA:2167,0
DA:2168,0
DA:2169,0
DA:2171,0
DA:2172,0
DA:2174,0
DA:2177,0
DA:2187,0
DA:2188,0
DA:2189,0
DA:2190,0
DA:2191,0
DA:2196,0
DA:2199,0
DA:2200,0
DA:2204,0
DA:2205,0
DA:2208,0
DA:2209,0
DA:2210,0
DA:2216,0
DA:2217,0
DA:2218,0
DA:2219,0
DA:2220,0
DA:2222,0
DA:2223,0
DA:2224,0
DA:2225,0
DA:2226,0
DA:2227,0
DA:2233,0
DA:2234,0
DA:2240,0
DA:2242,0
DA:2245,0
DA:2246,0
DA:2247,0
DA:2248,0
DA:2249,0
DA:2250,0
DA:2252,0
DA:2253,0
DA:2254,0
DA:2255,0
DA:2258,0
DA:2259,0
DA:2264,0
DA:2265,0
DA:2266,0
DA:2268,0
DA:2271,0
DA:2276,0
DA:2277,0
DA:2278,0
DA:2279,0
DA:2280,0
DA:2285,0
DA:2299,0
DA:2300,0
DA:2301,0
DA:2302,0
DA:2303,0
DA:2304,0
DA:2305,0
DA:2306,0
DA:2307,0
DA:2308,0
DA:2309,0
DA:2310,0
DA:2311,0
DA:2312,0
DA:2313,0
DA:2314,0
DA:2315,0
DA:2316,0
DA:2317,0
DA:2318,0
DA:2319,0
DA:2320,0
DA:2321,0
DA:2322,0
DA:2323,0
DA:2324,0
DA:2325,0
DA:2326,0
DA:2327,0
DA:2328,0
DA:2330,0
DA:2331,0
DA:2332,0
DA:2333,0
DA:2336,0
DA:2337,0
DA:2341,0
DA:2342,0
DA:2343,0
DA:2344,0
DA:2346,0
DA:2347,0
DA:2348,0
DA:2349,0
DA:2351,0
DA:2352,0
DA:2353,0
DA:2361,0
DA:2362,0
DA:2363,0
DA:2365,0
DA:2366,0
DA:2367,0
DA:2368,0
DA:2369,0
DA:2370,0
DA:2371,0
DA:2372,0
DA:2373,0
DA:2374,0
DA:2375,0
DA:2376,0
DA:2377,0
DA:2378,0
DA:2379,0
DA:2380,0
DA:2381,0
DA:2382,0
DA:2383,0
DA:2384,0
DA:2385,0
DA:2386,0
DA:2387,0
DA:2388,0
DA:2391,0
DA:2392,0
DA:2393,0
DA:2394,0
DA:2395,0
DA:2397,0
DA:2398,0
DA:2399,0
DA:2400,0
DA:2401,0
DA:2402,0
DA:2406,0
DA:2407,0
DA:2408,0
DA:2409,0
DA:2410,0
DA:2413,0
DA:2414,0
DA:2415,0
DA:2416,0
DA:2420,0
DA:2421,0
DA:2422,0
DA:2423,0
DA:2425,0
DA:2426,0
DA:2427,0
DA:2432,0
DA:2434,0
DA:2435,0
DA:2436,0
DA:2437,0
DA:2438,0
DA:2440,0
DA:2441,0
DA:2442,0
DA:2443,0
DA:2444,0
DA:2445,0
DA:2446,0
DA:2447,0
DA:2448,0
DA:2449,0
DA:2450,0
DA:2451,0
DA:2453,0
DA:2454,0
DA:2457,0
DA:2458,0
DA:2459,0
DA:2463,0
DA:2464,0
DA:2465,0
DA:2466,0
DA:2468,0
DA:2469,0
DA:2471,0
DA:2472,0
DA:2473,0
DA:2474,0
DA:2475,0
DA:2476,0
DA:2478,0
DA:2481,0
DA:2482,0
DA:2483,0
DA:2488,0
DA:2489,0
DA:2490,0
DA:2491,0
DA:2492,0
DA:2493,0
DA:2494,0
DA:2495,0
DA:2496,0
DA:2497,0
DA:2498,0
DA:2499,0
DA:2500,0
DA:2501,0
DA:2502,0
DA:2503,0
DA:2504,0
DA:2505,0
DA:2506,0
DA:2507,0
DA:2509,0
DA:2510,0
DA:2511,0
DA:2513,0
DA:2516,0
DA:2517,0
DA:2518,0
DA:2519,0
DA:2520,0
DA:2521,0
DA:2522,0
DA:2523,0
DA:2524,0
DA:2525,0
DA:2526,0
DA:2533,0
DA:2534,0
DA:2535,0
DA:2536,0
DA:2537,0
DA:2538,0
DA:2539,0
DA:2540,0
DA:2541,0
DA:2542,0
DA:2543,0
DA:2545,0
DA:2546,0
DA:2547,0
DA:2550,0
DA:2551,0
DA:2552,0
DA:2553,0
DA:2554,0
DA:2555,0
DA:2556,0
DA:2557,0
DA:2559,0
DA:2560,0
DA:2561,0
DA:2562,0
DA:2563,0
DA:2564,0
DA:2565,0
DA:2566,0
DA:2567,0
DA:2568,0
DA:2569,0
DA:2570,0
DA:2577,0
DA:2578,0
DA:2579,0
DA:2580,0
DA:2581,0
DA:2582,0
DA:2583,0
DA:2585,0
DA:2586,0
DA:2587,0
DA:2588,0
DA:2589,0
DA:2590,0
DA:2594,0
DA:2596,0
DA:2597,0
DA:2598,0
DA:2599,0
DA:2600,0
DA:2601,0
DA:2602,0
DA:2603,0
DA:2605,0
DA:2606,0
DA:2607,0
DA:2608,0
DA:2609,0
DA:2610,0
DA:2613,0
DA:2614,0
DA:2616,0
DA:2617,0
DA:2618,0
DA:2620,0
DA:2621,0
DA:2622,0
DA:2623,0
DA:2624,0
DA:2625,0
DA:2626,0
DA:2627,0
DA:2628,0
DA:2629,0
DA:2630,0
DA:2641,0
DA:2643,0
DA:2646,0
DA:2647,0
DA:2648,0
DA:2649,0
DA:2652,0
DA:2653,0
DA:2655,0
DA:2656,0
DA:2657,0
DA:2658,0
DA:2659,0
DA:2660,0
DA:2663,0
DA:2664,0
DA:2665,0
DA:2666,0
DA:2667,0
DA:2668,0
DA:2670,0
DA:2672,0
DA:2674,0
DA:2675,0
DA:2676,0
DA:2677,0
DA:2678,0
DA:2679,0
DA:2681,0
DA:2682,0
DA:2685,0
DA:2686,0
DA:2687,0
DA:2688,0
DA:2689,0
DA:2690,0
DA:2691,0
DA:2692,0
DA:2695,0
DA:2696,0
DA:2697,0
DA:2698,0
DA:2700,0
DA:2701,0
DA:2702,0
DA:2703,0
DA:2704,0
DA:2706,0
DA:2708,0
DA:2709,0
DA:2710,0
DA:2711,0
DA:2712,0
DA:2713,0
DA:2714,0
DA:2715,0
DA:2716,0
DA:2717,0
DA:2718,0
DA:2719,0
DA:2720,0
DA:2722,0
DA:2723,0
DA:2726,0
DA:2727,0
DA:2728,0
DA:2729,0
DA:2730,0
DA:2731,0
DA:2732,0
DA:2733,0
DA:2734,0
DA:2735,0
DA:2736,0
DA:2737,0
DA:2739,0
DA:2740,0
DA:2741,0
DA:2744,0
DA:2747,0
DA:2748,0
DA:2749,0
DA:2750,0
DA:2751,0
DA:2752,0
DA:2753,0
DA:2754,0
DA:2761,0
DA:2762,0
DA:2763,0
DA:2764,0
DA:2766,0
DA:2767,0
DA:2768,0
DA:2770,0
DA:2771,0
DA:2772,0
DA:2779,0
DA:2780,0
DA:2781,0
DA:2782,0
DA:2783,0
DA:2784,0
DA:2785,0
DA:2786,0
DA:2787,0
DA:2788,0
DA:2789,0
DA:2790,0
DA:2791,0
DA:2792,0
DA:2793,0
DA:2794,0
DA:2797,0
DA:2798,0
DA:2799,0
DA:2800,0
DA:2801,0
DA:2802,0
DA:2803,0
DA:2804,0
DA:2819,0
DA:2820,0
DA:2821,0
DA:2822,0
DA:2823,0
DA:2824,0
DA:2825,0
DA:2826,0
DA:2827,0
DA:2829,0
DA:2830,0
DA:2831,0
DA:2832,0
DA:2833,0
DA:2834,0
DA:2865,0
DA:2866,0
DA:2867,0
DA:2868,0
DA:2869,0
DA:2874,0
DA:2875,0
DA:2876,0
DA:2877,0
DA:2878,0
DA:2883,0
DA:2884,0
DA:2885,0
DA:2886,0
DA:2887,0
DA:2910,0
DA:2911,0
DA:2912,0
DA:2913,0
DA:2914,0
DA:2935,0
DA:2936,0
DA:2937,0
DA:2938,0
DA:2939,0
DA:2959,0
DA:2960,0
DA:2961,0
DA:2962,0
DA:2963,0
DA:2964,0
DA:2965,0
DA:2966,0
DA:2967,0
DA:2968,0
DA:2969,0
DA:2984,0
DA:2987,0
DA:2997,0
DA:2998,0
DA:2999,0
DA:3019,0
DA:3020,0
DA:3021,0
DA:3022,0
DA:3023,0
DA:3025,0
DA:3026,0
DA:3027,0
DA:3028,0
DA:3031,0
DA:3032,0
DA:3033,0
DA:3034,0
DA:3037,0
DA:3038,0
DA:3039,0
DA:3040,0
DA:3050,0
DA:3051,0
DA:3053,0
DA:3063,0
DA:3064,0
DA:3066,0
DA:3067,0
DA:3068,0
DA:3069,0
DA:3071,0
DA:3072,0
DA:3073,0
DA:3074,0
DA:3075,0
DA:3078,0
DA:3079,0
DA:3080,0
DA:3081,0
DA:3082,0
DA:3083,0
DA:3084,0
DA:3085,0
DA:3086,0
DA:3087,0
DA:3088,0
DA:3089,0
DA:3090,0
DA:3091,0
DA:3092,0
DA:3093,0
DA:3094,0
DA:3095,0
DA:3096,0
DA:3097,0
DA:3098,0
DA:3099,0
DA:3100,0
DA:3102,0
DA:3103,0
DA:3104,0
DA:3105,0
DA:3106,0
DA:3107,0
DA:3108,0
DA:3109,0
DA:3130,0
DA:3133,0
DA:3137,0
DA:3138,0
DA:3139,0
DA:3140,0
DA:3143,0
DA:3144,0
DA:3154,0
DA:3155,0
DA:3156,0
DA:3157,0
DA:3158,0
DA:3159,0
DA:3160,0
DA:3161,0
DA:3162,0
DA:3168,0
DA:3169,0
DA:3175,0
DA:3181,0
DA:3184,0
DA:3187,0
DA:3188,0
DA:3189,0
DA:3190,0
DA:3191,0
DA:3192,0
DA:3193,0
DA:3194,0
DA:3195,0
DA:3196,0
DA:3197,0
DA:3198,0
DA:3199,0
DA:3201,0
DA:3203,0
DA:3205,0
DA:3206,0
DA:3207,0
DA:3208,0
DA:3209,0
DA:3211,0
DA:3212,0
DA:3213,0
DA:3214,0
DA:3216,0
DA:3217,0
DA:3220,0
DA:3221,0
DA:3222,0
DA:3223,0
DA:3224,0
DA:3225,0
DA:3226,0
DA:3227,0
DA:3230,0
DA:3231,0
DA:3232,0
DA:3233,0
DA:3234,0
DA:3235,0
DA:3237,0
DA:3238,0
DA:3240,0
DA:3241,0
DA:3242,0
DA:3243,0
DA:3247,0
DA:3248,0
DA:3250,0
DA:3251,0
DA:3252,0
DA:3253,0
DA:3254,0
DA:3255,0
DA:3256,0
DA:3257,0
DA:3258,0
DA:3259,0
DA:3261,0
DA:3262,0
DA:3263,0
DA:3265,0
DA:3266,0
DA:3267,0
DA:3268,0
DA:3269,0
DA:3270,0
DA:3271,0
DA:3275,0
DA:3276,0
DA:3277,0
DA:3279,0
DA:3280,0
DA:3281,0
DA:3282,0
DA:3283,0
DA:3284,0
DA:3285,0
DA:3286,0
DA:3287,0
DA:3288,0
DA:3289,0
DA:3290,0
DA:3291,0
DA:3295,0
DA:3296,0
DA:3297,0
DA:3298,0
DA:3299,0
DA:3301,0
DA:3302,0
DA:3303,0
DA:3304,0
DA:3305,0
DA:3306,0
DA:3307,0
DA:3308,0
DA:3309,0
DA:3310,0
DA:3311,0
DA:3312,0
DA:3313,0
DA:3314,0
DA:3316,0
DA:3317,0
DA:3319,0
DA:3320,0
DA:3321,0
DA:3322,0
DA:3324,0
DA:3325,0
DA:3327,0
DA:3328,0
DA:3329,0
DA:3332,0
DA:3333,0
DA:3334,0
DA:3335,0
DA:3336,0
DA:3340,0
DA:3341,0
DA:3344,0
LF:1742
LH:0
BRDA:107,0,0,0
BRDA:107,0,1,0
BRDA:117,1,0,0
BRDA:117,1,1,0
BRDA:117,1,2,0
BRDA:118,2,0,0
BRDA:118,2,1,0
BRDA:118,2,2,0
BRDA:120,3,0,0
BRDA:120,3,1,0
BRDA:130,4,0,0
BRDA:130,4,1,0
BRDA:132,5,0,0
BRDA:132,5,1,0
BRDA:134,6,0,0
BRDA:134,6,1,0
BRDA:160,7,0,0
BRDA:160,7,1,0
BRDA:160,8,0,0
BRDA:160,8,1,0
BRDA:165,9,0,0
BRDA:165,9,1,0
BRDA:175,10,0,0
BRDA:175,10,1,0
BRDA:189,11,0,0
BRDA:189,11,1,0
BRDA:193,12,0,0
BRDA:193,12,1,0
BRDA:194,13,0,0
BRDA:194,13,1,0
BRDA:195,14,0,0
BRDA:195,14,1,0
BRDA:198,15,0,0
BRDA:198,15,1,0
BRDA:201,16,0,0
BRDA:201,16,1,0
BRDA:204,17,0,0
BRDA:204,17,1,0
BRDA:206,18,0,0
BRDA:206,18,1,0
BRDA:211,19,0,0
BRDA:211,19,1,0
BRDA:214,20,0,0
BRDA:214,20,1,0
BRDA:215,21,0,0
BRDA:215,21,1,0
BRDA:216,22,0,0
BRDA:216,22,1,0
BRDA:220,23,0,0
BRDA:220,23,1,0
BRDA:221,24,0,0
BRDA:221,24,1,0
BRDA:221,25,0,0
BRDA:221,25,1,0
BRDA:233,26,0,0
BRDA:233,26,1,0
BRDA:240,27,0,0
BRDA:240,27,1,0
BRDA:240,28,0,0
BRDA:240,28,1,0
BRDA:241,29,0,0
BRDA:241,29,1,0
BRDA:242,30,0,0
BRDA:242,30,1,0
BRDA:247,31,0,0
BRDA:247,31,1,0
BRDA:252,32,0,0
BRDA:252,32,1,0
BRDA:259,33,0,0
BRDA:259,33,1,0
BRDA:269,34,0,0
BRDA:269,34,1,0
BRDA:270,35,0,0
BRDA:270,35,1,0
BRDA:271,36,0,0
BRDA:271,36,1,0
BRDA:271,37,0,0
BRDA:271,37,1,0
BRDA:273,38,0,0
BRDA:273,38,1,0
BRDA:278,39,0,0
BRDA:278,39,1,0
BRDA:278,40,0,0
BRDA:278,40,1,0
BRDA:278,40,2,0
BRDA:278,40,3,0
BRDA:297,41,0,0
BRDA:297,41,1,0
BRDA:297,42,0,0
BRDA:297,42,1,0
BRDA:302,43,0,0
BRDA:302,43,1,0
BRDA:307,44,0,0
BRDA:307,44,1,0
BRDA:313,45,0,0
BRDA:313,45,1,0
BRDA:313,46,0,0
BRDA:313,46,1,0
BRDA:314,47,0,0
BRDA:314,47,1,0
BRDA:315,48,0,0
BRDA:315,48,1,0
BRDA:320,49,0,0
BRDA:320,49,1,0
BRDA:323,50,0,0
BRDA:323,50,1,0
BRDA:327,51,0,0
BRDA:327,51,1,0
BRDA:327,52,0,0
BRDA:327,52,1,0
BRDA:328,53,0,0
BRDA:328,53,1,0
BRDA:329,54,0,0
BRDA:329,54,1,0
BRDA:337,55,0,0
BRDA:337,55,1,0
BRDA:342,56,0,0
BRDA:342,56,1,0
BRDA:348,57,0,0
BRDA:348,57,1,0
BRDA:370,58,0,0
BRDA:370,58,1,0
BRDA:372,59,0,0
BRDA:372,59,1,0
BRDA:376,60,0,0
BRDA:376,60,1,0
BRDA:377,61,0,0
BRDA:377,61,1,0
BRDA:383,62,0,0
BRDA:383,62,1,0
BRDA:396,63,0,0
BRDA:396,63,1,0
BRDA:411,64,0,0
BRDA:411,64,1,0
BRDA:413,65,0,0
BRDA:413,65,1,0
BRDA:424,66,0,0
BRDA:424,66,1,0
BRDA:432,67,0,0
BRDA:432,67,1,0
BRDA:434,68,0,0
BRDA:434,68,1,0
BRDA:453,69,0,0
BRDA:453,69,1,0
BRDA:454,70,0,0
BRDA:454,70,1,0
BRDA:455,71,0,0
BRDA:455,71,1,0
BRDA:456,72,0,0
BRDA:456,72,1,0
BRDA:465,73,0,0
BRDA:465,73,1,0
BRDA:466,74,0,0
BRDA:466,74,1,0
BRDA:467,75,0,0
BRDA:467,75,1,0
BRDA:470,76,0,0
BRDA:470,76,1,0
BRDA:470,77,0,0
BRDA:470,77,1,0
BRDA:481,78,0,0
BRDA:481,78,1,0
BRDA:482,79,0,0
BRDA:482,79,1,0
BRDA:482,80,0,0
BRDA:482,80,1,0
BRDA:483,81,0,0
BRDA:483,81,1,0
BRDA:483,82,0,0
BRDA:483,82,1,0
BRDA:483,82,2,0
BRDA:484,83,0,0
BRDA:484,83,1,0
BRDA:484,84,0,0
BRDA:484,84,1,0
BRDA:485,85,0,0
BRDA:485,85,1,0
BRDA:485,86,0,0
BRDA:485,86,1,0
BRDA:486,87,0,0
BRDA:486,87,1,0
BRDA:486,88,0,0
BRDA:486,88,1,0
BRDA:491,89,0,0
BRDA:491,89,1,0
BRDA:491,90,0,0
BRDA:491,90,1,0
BRDA:493,91,0,0
BRDA:493,91,1,0
BRDA:495,92,0,0
BRDA:495,92,1,0
BRDA:497,93,0,0
BRDA:497,93,1,0
BRDA:499,94,0,0
BRDA:499,94,1,0
BRDA:507,95,0,0
BRDA:507,95,1,0
BRDA:507,95,2,0
BRDA:510,96,0,0
BRDA:510,96,1,0
BRDA:534,97,0,0
BRDA:534,97,1,0
BRDA:536,98,0,0
BRDA:536,98,1,0
BRDA:539,99,0,0
BRDA:539,99,1,0
BRDA:540,100,0,0
BRDA:540,100,1,0
BRDA:546,101,0,0
BRDA:546,101,1,0
BRDA:546,102,0,0
BRDA:546,102,1,0
BRDA:552,103,0,0
BRDA:552,103,1,0
BRDA:552,104,0,0
BRDA:552,104,1,0
BRDA:562,105,0,0
BRDA:562,105,1,0
BRDA:568,106,0,0
BRDA:568,106,1,0
BRDA:572,107,0,0
BRDA:572,107,1,0
BRDA:573,108,0,0
BRDA:573,108,1,0
BRDA:579,109,0,0
BRDA:579,109,1,0
BRDA:579,110,0,0
BRDA:579,110,1,0
BRDA:585,111,0,0
BRDA:585,111,1,0
BRDA:585,112,0,0
BRDA:585,112,1,0
BRDA:590,113,0,0
BRDA:590,113,1,0
BRDA:624,114,0,0
BRDA:624,114,1,0
BRDA:629,115,0,0
BRDA:629,115,1,0
BRDA:631,116,0,0
BRDA:631,116,1,0
BRDA:637,117,0,0
BRDA:637,117,1,0
BRDA:643,118,0,0
BRDA:643,118,1,0
BRDA:656,119,0,0
BRDA:656,119,1,0
BRDA:657,120,0,0
BRDA:657,120,1,0
BRDA:658,121,0,0
BRDA:658,121,1,0
BRDA:659,122,0,0
BRDA:659,122,1,0
BRDA:660,123,0,0
BRDA:660,123,1,0
BRDA:669,124,0,0
BRDA:669,124,1,0
BRDA:683,125,0,0
BRDA:683,125,1,0
BRDA:703,126,0,0
BRDA:703,126,1,0
BRDA:703,127,0,0
BRDA:703,127,1,0
BRDA:708,128,0,0
BRDA:708,128,1,0
BRDA:708,129,0,0
BRDA:708,129,1,0
BRDA:722,130,0,0
BRDA:722,130,1,0
BRDA:722,131,0,0
BRDA:722,131,1,0
BRDA:723,132,0,0
BRDA:723,132,1,0
BRDA:726,133,0,0
BRDA:726,133,1,0
BRDA:726,134,0,0
BRDA:726,134,1,0
BRDA:733,135,0,0
BRDA:733,135,1,0
BRDA:743,136,0,0
BRDA:743,136,1,0
BRDA:757,137,0,0
BRDA:757,137,1,0
BRDA:777,138,0,0
BRDA:777,138,1,0
BRDA:778,139,0,0
BRDA:778,139,1,0
BRDA:778,140,0,0
BRDA:778,140,1,0
BRDA:784,141,0,0
BRDA:784,141,1,0
BRDA:784,142,0,0
BRDA:784,142,1,0
BRDA:789,143,0,0
BRDA:789,143,1,0
BRDA:818,144,0,0
BRDA:822,145,0,0
BRDA:822,145,1,0
BRDA:822,146,0,0
BRDA:822,146,1,0
BRDA:822,146,2,0
BRDA:825,147,0,0
BRDA:825,147,1,0
BRDA:829,148,0,0
BRDA:829,148,1,0
BRDA:829,148,2,0
BRDA:835,149,0,0
BRDA:835,149,1,0
BRDA:837,150,0,0
BRDA:837,150,1,0
BRDA:842,151,0,0
BRDA:842,151,1,0
BRDA:843,152,0,0
BRDA:843,152,1,0
BRDA:843,153,0,0
BRDA:843,153,1,0
BRDA:844,154,0,0
BRDA:844,154,1,0
BRDA:845,155,0,0
BRDA:845,155,1,0
BRDA:845,155,2,0
BRDA:846,156,0,0
BRDA:846,156,1,0
BRDA:846,157,0,0
BRDA:846,157,1,0
BRDA:848,158,0,0
BRDA:848,158,1,0
BRDA:850,159,0,0
BRDA:850,159,1,0
BRDA:853,160,0,0
BRDA:853,160,1,0
BRDA:853,161,0,0
BRDA:853,161,1,0
BRDA:857,162,0,0
BRDA:857,162,1,0
BRDA:860,163,0,0
BRDA:860,163,1,0
BRDA:860,164,0,0
BRDA:860,164,1,0
BRDA:862,165,0,0
BRDA:862,165,1,0
BRDA:862,166,0,0
BRDA:862,166,1,0
BRDA:865,167,0,0
BRDA:865,167,1,0
BRDA:865,168,0,0
BRDA:865,168,1,0
BRDA:866,169,0,0
BRDA:866,169,1,0
BRDA:866,170,0,0
BRDA:866,170,1,0
BRDA:869,171,0,0
BRDA:869,171,1,0
BRDA:875,172,0,0
BRDA:875,172,1,0
BRDA:878,173,0,0
BRDA:878,173,1,0
BRDA:883,174,0,0
BRDA:883,174,1,0
BRDA:883,175,0,0
BRDA:883,175,1,0
BRDA:892,176,0,0
BRDA:892,176,1,0
BRDA:892,177,0,0
BRDA:892,177,1,0
BRDA:892,177,2,0
BRDA:905,178,0,0
BRDA:905,178,1,0
BRDA:905,179,0,0
BRDA:905,179,1,0
BRDA:924,180,0,0
BRDA:924,180,1,0
BRDA:924,181,0,0
BRDA:924,181,1,0
BRDA:925,182,0,0
BRDA:925,182,1,0
BRDA:938,183,0,0
BRDA:938,183,1,0
BRDA:938,184,0,0
BRDA:938,184,1,0
BRDA:942,185,0,0
BRDA:942,185,1,0
BRDA:947,186,0,0
BRDA:947,186,1,0
BRDA:947,187,0,0
BRDA:947,187,1,0
BRDA:950,188,0,0
BRDA:950,188,1,0
BRDA:955,189,0,0
BRDA:955,189,1,0
BRDA:956,190,0,0
BRDA:956,190,1,0
BRDA:971,191,0,0
BRDA:971,191,1,0
BRDA:971,191,2,0
BRDA:972,192,0,0
BRDA:972,192,1,0
BRDA:979,193,0,0
BRDA:979,193,1,0
BRDA:990,194,0,0
BRDA:990,194,1,0
BRDA:998,195,0,0
BRDA:998,195,1,0
BRDA:999,196,0,0
BRDA:999,196,1,0
BRDA:999,197,0,0
BRDA:999,197,1,0
BRDA:999,197,2,0
BRDA:999,197,3,0
BRDA:1000,198,0,0
BRDA:1000,198,1,0
BRDA:1001,199,0,0
BRDA:1001,199,1,0
BRDA:1002,200,0,0
BRDA:1002,200,1,0
BRDA:1002,201,0,0
BRDA:1002,201,1,0
BRDA:1002,201,2,0
BRDA:1002,201,3,0
BRDA:1007,202,0,0
BRDA:1007,202,1,0
BRDA:1007,203,0,0
BRDA:1007,203,1,0
BRDA:1008,204,0,0
BRDA:1008,204,1,0
BRDA:1016,205,0,0
BRDA:1016,205,1,0
BRDA:1016,206,0,0
BRDA:1016,206,1,0
BRDA:1017,207,0,0
BRDA:1017,207,1,0
BRDA:1018,208,0,0
BRDA:1018,208,1,0
BRDA:1019,209,0,0
BRDA:1019,209,1,0
BRDA:1029,210,0,0
BRDA:1029,210,1,0
BRDA:1030,211,0,0
BRDA:1030,211,1,0
BRDA:1031,212,0,0
BRDA:1031,212,1,0
BRDA:1032,213,0,0
BRDA:1032,213,1,0
BRDA:1033,214,0,0
BRDA:1033,214,1,0
BRDA:1033,215,0,0
BRDA:1033,215,1,0
BRDA:1044,216,0,0
BRDA:1044,216,1,0
BRDA:1044,217,0,0
BRDA:1044,217,1,0
BRDA:1050,218,0,0
BRDA:1050,218,1,0
BRDA:1051,219,0,0
BRDA:1051,219,1,0
BRDA:1053,220,0,0
BRDA:1053,220,1,0
BRDA:1057,221,0,0
BRDA:1057,221,1,0
BRDA:1063,222,0,0
BRDA:1063,222,1,0
BRDA:1063,223,0,0
BRDA:1063,223,1,0
BRDA:1076,224,0,0
BRDA:1076,224,1,0
BRDA:1076,225,0,0
BRDA:1076,225,1,0
BRDA:1079,226,0,0
BRDA:1079,226,1,0
BRDA:1082,227,0,0
BRDA:1082,227,1,0
BRDA:1085,228,0,0
BRDA:1085,228,1,0
BRDA:1086,229,0,0
BRDA:1086,229,1,0
BRDA:1087,230,0,0
BRDA:1087,230,1,0
BRDA:1088,231,0,0
BRDA:1088,231,1,0
BRDA:1089,232,0,0
BRDA:1089,232,1,0
BRDA:1089,233,0,0
BRDA:1089,233,1,0
BRDA:1092,234,0,0
BRDA:1092,234,1,0
BRDA:1106,235,0,0
BRDA:1106,235,1,0
BRDA:1108,236,0,0
BRDA:1108,236,1,0
BRDA:1108,237,0,0
BRDA:1108,237,1,0
BRDA:1109,238,0,0
BRDA:1109,238,1,0
BRDA:1120,239,0,0
BRDA:1120,239,1,0
BRDA:1124,240,0,0
BRDA:1124,240,1,0
BRDA:1125,241,0,0
BRDA:1125,241,1,0
BRDA:1125,242,0,0
BRDA:1125,242,1,0
BRDA:1126,243,0,0
BRDA:1126,243,1,0
BRDA:1126,244,0,0
BRDA:1126,244,1,0
BRDA:1130,245,0,0
BRDA:1130,245,1,0
BRDA:1130,246,0,0
BRDA:1130,246,1,0
BRDA:1133,247,0,0
BRDA:1133,247,1,0
BRDA:1143,248,0,0
BRDA:1143,248,1,0
BRDA:1149,249,0,0
BRDA:1149,249,1,0
BRDA:1150,250,0,0
BRDA:1150,250,1,0
BRDA:1154,251,0,0
BRDA:1154,251,1,0
BRDA:1154,252,0,0
BRDA:1154,252,1,0
BRDA:1166,253,0,0
BRDA:1166,253,1,0
BRDA:1173,254,0,0
BRDA:1173,254,1,0
BRDA:1174,255,0,0
BRDA:1174,255,1,0
BRDA:1175,256,0,0
BRDA:1175,256,1,0
BRDA:1176,257,0,0
BRDA:1176,257,1,0
BRDA:1180,258,0,0
BRDA:1180,258,1,0
BRDA:1181,259,0,0
BRDA:1181,259,1,0
BRDA:1181,260,0,0
BRDA:1181,260,1,0
BRDA:1181,260,2,0
BRDA:1189,261,0,0
BRDA:1189,261,1,0
BRDA:1198,262,0,0
BRDA:1198,262,1,0
BRDA:1199,263,0,0
BRDA:1199,263,1,0
BRDA:1201,264,0,0
BRDA:1201,264,1,0
BRDA:1201,265,0,0
BRDA:1201,265,1,0
BRDA:1201,265,2,0
BRDA:1206,266,0,0
BRDA:1206,266,1,0
BRDA:1218,267,0,0
BRDA:1218,267,1,0
BRDA:1219,268,0,0
BRDA:1219,268,1,0
BRDA:1221,269,0,0
BRDA:1221,269,1,0
BRDA:1227,270,0,0
BRDA:1227,270,1,0
BRDA:1227,271,0,0
BRDA:1227,271,1,0
BRDA:1227,271,2,0
BRDA:1237,272,0,0
BRDA:1237,272,1,0
BRDA:1240,273,0,0
BRDA:1240,273,1,0
BRDA:1249,274,0,0
BRDA:1249,274,1,0
BRDA:1255,275,0,0
BRDA:1255,275,1,0
BRDA:1260,276,0,0
BRDA:1260,276,1,0
BRDA:1260,277,0,0
BRDA:1260,277,1,0
BRDA:1265,278,0,0
BRDA:1265,278,1,0
BRDA:1269,279,0,0
BRDA:1269,279,1,0
BRDA:1271,280,0,0
BRDA:1271,280,1,0
BRDA:1271,281,0,0
BRDA:1271,281,1,0
BRDA:1280,282,0,0
BRDA:1280,282,1,0
BRDA:1282,283,0,0
BRDA:1282,283,1,0
BRDA:1296,284,0,0
BRDA:1296,284,1,0
BRDA:1298,285,0,0
BRDA:1298,285,1,0
BRDA:1309,286,0,0
BRDA:1309,286,1,0
BRDA:1311,287,0,0
BRDA:1311,287,1,0
BRDA:1314,288,0,0
BRDA:1314,288,1,0
BRDA:1324,289,0,0
BRDA:1324,289,1,0
BRDA:1329,290,0,0
BRDA:1329,290,1,0
BRDA:1330,291,0,0
BRDA:1330,291,1,0
BRDA:1331,292,0,0
BRDA:1331,292,1,0
BRDA:1333,293,0,0
BRDA:1333,293,1,0
BRDA:1334,294,0,0
BRDA:1334,294,1,0
BRDA:1345,295,0,0
BRDA:1345,295,1,0
BRDA:1352,296,0,0
BRDA:1352,296,1,0
BRDA:1354,297,0,0
BRDA:1354,297,1,0
BRDA:1354,298,0,0
BRDA:1354,298,1,0
BRDA:1369,299,0,0
BRDA:1369,299,1,0
BRDA:1370,300,0,0
BRDA:1370,300,1,0
BRDA:1371,301,0,0
BRDA:1371,301,1,0
BRDA:1376,302,0,0
BRDA:1376,302,1,0
BRDA:1376,303,0,0
BRDA:1376,303,1,0
BRDA:1376,303,2,0
BRDA:1377,304,0,0
BRDA:1377,304,1,0
BRDA:1378,305,0,0
BRDA:1378,305,1,0
BRDA:1378,306,0,0
BRDA:1378,306,1,0
BRDA:1379,307,0,0
BRDA:1379,307,1,0
BRDA:1381,308,0,0
BRDA:1381,308,1,0
BRDA:1388,309,0,0
BRDA:1388,309,1,0
BRDA:1389,310,0,0
BRDA:1389,310,1,0
BRDA:1415,311,0,0
BRDA:1415,311,1,0
BRDA:1416,312,0,0
BRDA:1416,312,1,0
BRDA:1421,313,0,0
BRDA:1421,313,1,0
BRDA:1422,314,0,0
BRDA:1422,314,1,0
BRDA:1426,315,0,0
BRDA:1426,315,1,0
BRDA:1430,316,0,0
BRDA:1430,316,1,0
BRDA:1434,317,0,0
BRDA:1434,317,1,0
BRDA:1435,318,0,0
BRDA:1435,318,1,0
BRDA:1437,319,0,0
BRDA:1437,319,1,0
BRDA:1438,320,0,0
BRDA:1438,320,1,0
BRDA:1444,321,0,0
BRDA:1444,321,1,0
BRDA:1446,322,0,0
BRDA:1446,322,1,0
BRDA:1448,323,0,0
BRDA:1448,323,1,0
BRDA:1461,324,0,0
BRDA:1461,324,1,0
BRDA:1462,325,0,0
BRDA:1462,325,1,0
BRDA:1464,326,0,0
BRDA:1464,326,1,0
BRDA:1465,327,0,0
BRDA:1465,327,1,0
BRDA:1466,328,0,0
BRDA:1466,328,1,0
BRDA:1467,329,0,0
BRDA:1467,329,1,0
BRDA:1473,330,0,0
BRDA:1473,330,1,0
BRDA:1474,331,0,0
BRDA:1474,331,1,0
BRDA:1483,332,0,0
BRDA:1483,332,1,0
BRDA:1483,333,0,0
BRDA:1483,333,1,0
BRDA:1484,334,0,0
BRDA:1484,334,1,0
BRDA:1509,335,0,0
BRDA:1509,335,1,0
BRDA:1520,336,0,0
BRDA:1520,336,1,0
BRDA:1522,337,0,0
BRDA:1522,337,1,0
BRDA:1522,338,0,0
BRDA:1522,338,1,0
BRDA:1544,339,0,0
BRDA:1544,339,1,0
BRDA:1548,340,0,0
BRDA:1548,340,1,0
BRDA:1548,341,0,0
BRDA:1548,341,1,0
BRDA:1548,341,2,0
BRDA:1548,341,3,0
BRDA:1551,342,0,0
BRDA:1551,342,1,0
BRDA:1564,343,0,0
BRDA:1564,343,1,0
BRDA:1565,344,0,0
BRDA:1565,344,1,0
BRDA:1565,345,0,0
BRDA:1565,345,1,0
BRDA:1566,346,0,0
BRDA:1566,346,1,0
BRDA:1567,347,0,0
BRDA:1567,347,1,0
BRDA:1567,348,0,0
BRDA:1567,348,1,0
BRDA:1567,348,2,0
BRDA:1567,348,3,0
BRDA:1568,349,0,0
BRDA:1568,349,1,0
BRDA:1569,350,0,0
BRDA:1569,350,1,0
BRDA:1570,351,0,0
BRDA:1570,351,1,0
BRDA:1576,352,0,0
BRDA:1576,352,1,0
BRDA:1576,353,0,0
BRDA:1576,353,1,0
BRDA:1576,353,2,0
BRDA:1582,354,0,0
BRDA:1582,354,1,0
BRDA:1593,355,0,0
BRDA:1593,355,1,0
BRDA:1593,356,0,0
BRDA:1593,356,1,0
BRDA:1593,356,2,0
BRDA:1599,357,0,0
BRDA:1599,357,1,0
BRDA:1609,358,0,0
BRDA:1609,358,1,0
BRDA:1610,359,0,0
BRDA:1610,359,1,0
BRDA:1613,360,0,0
BRDA:1613,360,1,0
BRDA:1616,361,0,0
BRDA:1616,361,1,0
BRDA:1619,362,0,0
BRDA:1619,362,1,0
BRDA:1622,363,0,0
BRDA:1622,363,1,0
BRDA:1625,364,0,0
BRDA:1625,364,1,0
BRDA:1632,365,0,0
BRDA:1632,365,1,0
BRDA:1637,366,0,0
BRDA:1637,366,1,0
BRDA:1642,367,0,0
BRDA:1642,367,1,0
BRDA:1642,367,2,0
BRDA:1649,368,0,0
BRDA:1649,368,1,0
BRDA:1651,369,0,0
BRDA:1651,369,1,0
BRDA:1653,370,0,0
BRDA:1653,370,1,0
BRDA:1662,371,0,0
BRDA:1662,371,1,0
BRDA:1664,372,0,0
BRDA:1664,372,1,0
BRDA:1667,373,0,0
BRDA:1667,373,1,0
BRDA:1667,373,2,0
BRDA:1668,374,0,0
BRDA:1668,374,1,0
BRDA:1668,374,2,0
BRDA:1669,375,0,0
BRDA:1669,375,1,0
BRDA:1669,375,2,0
BRDA:1670,376,0,0
BRDA:1670,376,1,0
BRDA:1670,377,0,0
BRDA:1670,377,1,0
BRDA:1670,377,2,0
BRDA:1673,378,0,0
BRDA:1673,378,1,0
BRDA:1673,379,0,0
BRDA:1673,379,1,0
BRDA:1681,380,0,0
BRDA:1681,380,1,0
BRDA:1681,381,0,0
BRDA:1681,381,1,0
BRDA:1685,382,0,0
BRDA:1685,382,1,0
BRDA:1694,383,0,0
BRDA:1694,383,1,0
BRDA:1705,384,0,0
BRDA:1705,384,1,0
BRDA:1713,385,0,0
BRDA:1713,385,1,0
BRDA:1718,386,0,0
BRDA:1718,386,1,0
BRDA:1727,387,0,0
BRDA:1727,387,1,0
BRDA:1728,388,0,0
BRDA:1728,388,1,0
BRDA:1733,389,0,0
BRDA:1733,389,1,0
BRDA:1734,390,0,0
BRDA:1734,390,1,0
BRDA:1770,391,0,0
BRDA:1770,391,1,0
BRDA:1771,392,0,0
BRDA:1771,392,1,0
BRDA:1772,393,0,0
BRDA:1772,393,1,0
BRDA:1773,394,0,0
BRDA:1773,394,1,0
BRDA:1774,395,0,0
BRDA:1774,395,1,0
BRDA:1774,395,2,0
BRDA:1774,395,3,0
BRDA:1782,396,0,0
BRDA:1782,396,1,0
BRDA:1784,397,0,0
BRDA:1784,397,1,0
BRDA:1786,398,0,0
BRDA:1786,398,1,0
BRDA:1786,398,2,0
BRDA:1789,399,0,0
BRDA:1789,399,1,0
BRDA:1789,400,0,0
BRDA:1789,400,1,0
BRDA:1789,400,2,0
BRDA:1796,401,0,0
BRDA:1796,401,1,0
BRDA:1798,402,0,0
BRDA:1798,402,1,0
BRDA:1798,403,0,0
BRDA:1798,403,1,0
BRDA:1798,403,2,0
BRDA:1799,404,0,0
BRDA:1799,404,1,0
BRDA:1808,405,0,0
BRDA:1808,405,1,0
BRDA:1809,406,0,0
BRDA:1809,406,1,0
BRDA:1811,407,0,0
BRDA:1811,407,1,0
BRDA:1811,408,0,0
BRDA:1811,408,1,0
BRDA:1815,409,0,0
BRDA:1815,409,1,0
BRDA:1818,410,0,0
BRDA:1818,410,1,0
BRDA:1819,411,0,0
BRDA:1819,411,1,0
BRDA:1827,412,0,0
BRDA:1827,412,1,0
BRDA:1828,413,0,0
BRDA:1828,413,1,0
BRDA:1830,414,0,0
BRDA:1830,414,1,0
BRDA:1830,415,0,0
BRDA:1830,415,1,0
BRDA:1840,416,0,0
BRDA:1840,416,1,0
BRDA:1841,417,0,0
BRDA:1841,417,1,0
BRDA:1849,418,0,0
BRDA:1849,418,1,0
BRDA:1850,419,0,0
BRDA:1850,419,1,0
BRDA:1852,420,0,0
BRDA:1852,420,1,0
BRDA:1852,421,0,0
BRDA:1852,421,1,0
BRDA:1854,422,0,0
BRDA:1854,422,1,0
BRDA:1866,423,0,0
BRDA:1866,423,1,0
BRDA:1866,424,0,0
BRDA:1866,424,1,0
BRDA:1903,425,0,0
BRDA:1903,426,0,0
BRDA:1905,427,0,0
BRDA:1905,427,1,0
BRDA:1906,428,0,0
BRDA:1906,428,1,0
BRDA:1908,429,0,0
BRDA:1908,429,1,0
BRDA:1908,430,0,0
BRDA:1908,430,1,0
BRDA:1917,431,0,0
BRDA:1917,431,1,0
BRDA:1917,432,0,0
BRDA:1917,432,1,0
BRDA:1931,433,0,0
BRDA:1934,434,0,0
BRDA:1934,434,1,0
BRDA:1941,435,0,0
BRDA:1941,435,1,0
BRDA:1948,436,0,0
BRDA:1948,436,1,0
BRDA:1980,437,0,0
BRDA:1980,437,1,0
BRDA:1988,438,0,0
BRDA:2002,439,0,0
BRDA:2002,439,1,0
BRDA:2016,440,0,0
BRDA:2016,440,1,0
BRDA:2017,441,0,0
BRDA:2017,441,1,0
BRDA:2018,442,0,0
BRDA:2018,442,1,0
BRDA:2019,443,0,0
BRDA:2019,443,1,0
BRDA:2020,444,0,0
BRDA:2020,444,1,0
BRDA:2021,445,0,0
BRDA:2021,445,1,0
BRDA:2022,446,0,0
BRDA:2022,446,1,0
BRDA:2034,447,0,0
BRDA:2043,448,0,0
BRDA:2043,448,1,0
BRDA:2045,449,0,0
BRDA:2045,449,1,0
BRDA:2060,450,0,0
BRDA:2060,450,1,0
BRDA:2064,451,0,0
BRDA:2064,451,1,0
BRDA:2080,452,0,0
BRDA:2080,452,1,0
BRDA:2085,453,0,0
BRDA:2085,453,1,0
BRDA:2103,454,0,0
BRDA:2103,454,1,0
BRDA:2105,455,0,0
BRDA:2105,455,1,0
BRDA:2115,456,0,0
BRDA:2115,456,1,0
BRDA:2123,457,0,0
BRDA:2123,457,1,0
BRDA:2140,458,0,0
BRDA:2142,459,0,0
BRDA:2142,459,1,0
BRDA:2145,460,0,0
BRDA:2145,460,1,0
BRDA:2148,461,0,0
BRDA:2148,461,1,0
BRDA:2148,462,0,0
BRDA:2148,462,1,0
BRDA:2153,463,0,0
BRDA:2153,463,1,0
BRDA:2161,464,0,0
BRDA:2161,464,1,0
BRDA:2168,465,0,0
BRDA:2168,465,1,0
BRDA:2172,466,0,0
BRDA:2172,466,1,0
BRDA:2174,467,0,0
BRDA:2174,467,1,0
BRDA:2174,468,0,0
BRDA:2174,468,1,0
BRDA:2187,469,0,0
BRDA:2187,469,1,0
BRDA:2189,470,0,0
BRDA:2189,470,1,0
BRDA:2190,471,0,0
BRDA:2190,471,1,0
BRDA:2190,472,0,0
BRDA:2190,472,1,0
BRDA:2196,473,0,0
BRDA:2196,473,1,0
BRDA:2199,474,0,0
BRDA:2199,474,1,0
BRDA:2208,475,0,0
BRDA:2208,475,1,0
BRDA:2209,476,0,0
BRDA:2209,476,1,0
BRDA:2209,477,0,0
BRDA:2209,477,1,0
BRDA:2210,478,0,0
BRDA:2210,478,1,0
BRDA:2210,479,0,0
BRDA:2210,479,1,0
BRDA:2219,480,0,0
BRDA:2219,480,1,0
BRDA:2222,481,0,0
BRDA:2222,481,1,0
BRDA:2226,482,0,0
BRDA:2226,482,1,0
BRDA:2253,483,0,0
BRDA:2253,483,1,0
BRDA:2264,484,0,0
BRDA:2264,484,1,0
BRDA:2289,485,0,0
BRDA:2290,486,0,0
BRDA:2291,487,0,0
BRDA:2331,488,0,0
BRDA:2331,488,1,0
BRDA:2342,489,0,0
BRDA:2342,489,1,0
BRDA:2343,490,0,0
BRDA:2343,490,1,0
BRDA:2349,491,0,0
BRDA:2349,491,1,0
BRDA:2358,492,0,0
BRDA:2358,492,1,0
BRDA:2361,493,0,0
BRDA:2361,493,1,0
BRDA:2393,494,0,0
BRDA:2393,494,1,0
BRDA:2409,495,0,0
BRDA:2409,495,1,0
BRDA:2414,496,0,0
BRDA:2414,496,1,0
BRDA:2421,497,0,0
BRDA:2421,497,1,0
BRDA:2437,498,0,0
BRDA:2437,498,1,0
BRDA:2441,499,0,0
BRDA:2441,499,1,0
BRDA:2441,500,0,0
BRDA:2441,500,1,0
BRDA:2444,501,0,0
BRDA:2444,501,1,0
BRDA:2444,502,0,0
BRDA:2444,502,1,0
BRDA:2445,503,0,0
BRDA:2445,503,1,0
BRDA:2447,504,0,0
BRDA:2447,504,1,0
BRDA:2449,505,0,0
BRDA:2464,506,0,0
BRDA:2464,506,1,0
BRDA:2468,507,0,0
BRDA:2468,507,1,0
BRDA:2471,508,0,0
BRDA:2471,508,1,0
BRDA:2471,509,0,0
BRDA:2471,509,1,0
BRDA:2472,510,0,0
BRDA:2472,510,1,0
BRDA:2474,511,0,0
BRDA:2474,511,1,0
BRDA:2474,512,0,0
BRDA:2474,512,1,0
BRDA:2503,513,0,0
BRDA:2503,513,1,0
BRDA:2503,514,0,0
BRDA:2503,514,1,0
BRDA:2503,514,2,0
BRDA:2503,514,3,0
BRDA:2503,514,4,0
BRDA:2505,515,0,0
BRDA:2505,515,1,0
BRDA:2507,516,0,0
BRDA:2507,516,1,0
BRDA:2513,517,0,0
BRDA:2513,517,1,0
BRDA:2513,518,0,0
BRDA:2513,518,1,0
BRDA:2513,518,2,0
BRDA:2517,519,0,0
BRDA:2517,519,1,0
BRDA:2521,520,0,0
BRDA:2521,520,1,0
BRDA:2524,521,0,0
BRDA:2524,521,1,0
BRDA:2525,522,0,0
BRDA:2525,522,1,0
BRDA:2525,523,0,0
BRDA:2525,523,1,0
BRDA:2525,523,2,0
BRDA:2534,524,0,0
BRDA:2534,524,1,0
BRDA:2545,525,0,0
BRDA:2554,526,0,0
BRDA:2554,526,1,0
BRDA:2555,527,0,0
BRDA:2555,527,1,0
BRDA:2560,528,0,0
BRDA:2560,528,1,0
BRDA:2578,529,0,0
BRDA:2578,529,1,0
BRDA:2579,530,0,0
BRDA:2579,530,1,0
BRDA:2579,531,0,0
BRDA:2579,531,1,0
BRDA:2580,532,0,0
BRDA:2580,532,1,0
BRDA:2581,533,0,0
BRDA:2581,533,1,0
BRDA:2586,534,0,0
BRDA:2586,534,1,0
BRDA:2587,535,0,0
BRDA:2587,535,1,0
BRDA:2588,536,0,0
BRDA:2588,536,1,0
BRDA:2597,537,0,0
BRDA:2597,537,1,0
BRDA:2599,538,0,0
BRDA:2599,538,1,0
BRDA:2607,539,0,0
BRDA:2607,539,1,0
BRDA:2609,540,0,0
BRDA:2609,540,1,0
BRDA:2609,541,0,0
BRDA:2609,541,1,0
BRDA:2616,542,0,0
BRDA:2616,542,1,0
BRDA:2616,543,0,0
BRDA:2616,543,1,0
BRDA:2616,543,2,0
BRDA:2622,544,0,0
BRDA:2622,544,1,0
BRDA:2622,545,0,0
BRDA:2622,545,1,0
BRDA:2623,546,0,0
BRDA:2623,546,1,0
BRDA:2625,547,0,0
BRDA:2625,547,1,0
BRDA:2627,548,0,0
BRDA:2627,548,1,0
BRDA:2627,549,0,0
BRDA:2627,549,1,0
BRDA:2628,550,0,0
BRDA:2628,550,1,0
BRDA:2634,551,0,0
BRDA:2634,551,1,0
BRDA:2635,552,0,0
BRDA:2635,552,1,0
BRDA:2635,553,0,0
BRDA:2635,553,1,0
BRDA:2641,554,0,0
BRDA:2641,554,1,0
BRDA:2647,555,0,0
BRDA:2647,555,1,0
BRDA:2652,556,0,0
BRDA:2652,556,1,0
BRDA:2653,557,0,0
BRDA:2653,557,1,0
BRDA:2658,558,0,0
BRDA:2658,558,1,0
BRDA:2660,559,0,0
BRDA:2660,559,1,0
BRDA:2663,560,0,0
BRDA:2663,560,1,0
BRDA:2685,561,0,0
BRDA:2685,561,1,0
BRDA:2685,562,0,0
BRDA:2685,562,1,0
BRDA:2688,563,0,0
BRDA:2688,563,1,0
BRDA:2688,564,0,0
BRDA:2688,564,1,0
BRDA:2689,565,0,0
BRDA:2689,565,1,0
BRDA:2697,566,0,0
BRDA:2697,566,1,0
BRDA:2700,567,0,0
BRDA:2700,567,1,0
BRDA:2701,568,0,0
BRDA:2701,568,1,0
BRDA:2703,569,0,0
BRDA:2703,569,1,0
BRDA:2703,570,0,0
BRDA:2703,570,1,0
BRDA:2703,570,2,0
BRDA:2703,570,3,0
BRDA:2709,571,0,0
BRDA:2709,571,1,0
BRDA:2727,572,0,0
BRDA:2727,572,1,0
BRDA:2727,573,0,0
BRDA:2727,573,1,0
BRDA:2739,574,0,0
BRDA:2739,574,1,0
BRDA:2739,575,0,0
BRDA:2739,575,1,0
BRDA:2744,576,0,0
BRDA:2744,576,1,0
BRDA:2744,577,0,0
BRDA:2744,577,1,0
BRDA:2747,578,0,0
BRDA:2747,578,1,0
BRDA:2747,579,0,0
BRDA:2747,579,1,0
BRDA:2753,580,0,0
BRDA:2753,580,1,0
BRDA:2764,581,0,0
BRDA:2764,581,1,0
BRDA:2771,582,0,0
BRDA:2771,582,1,0
BRDA:2781,583,0,0
BRDA:2781,583,1,0
BRDA:2781,584,0,0
BRDA:2781,584,1,0
BRDA:2785,585,0,0
BRDA:2785,585,1,0
BRDA:2786,586,0,0
BRDA:2786,586,1,0
BRDA:2791,587,0,0
BRDA:2791,587,1,0
BRDA:2792,588,0,0
BRDA:2792,588,1,0
BRDA:2797,589,0,0
BRDA:2797,589,1,0
BRDA:2800,590,0,0
BRDA:2800,590,1,0
BRDA:2802,591,0,0
BRDA:2802,591,1,0
BRDA:2808,592,0,0
BRDA:2808,592,1,0
BRDA:2819,593,0,0
BRDA:2819,593,1,0
BRDA:2821,594,0,0
BRDA:2821,594,1,0
BRDA:2825,595,0,0
BRDA:2825,595,1,0
BRDA:2830,596,0,0
BRDA:2830,596,1,0
BRDA:2831,597,0,0
BRDA:2831,597,1,0
BRDA:2838,598,0,0
BRDA:2838,598,1,0
BRDA:2841,599,0,0
BRDA:2841,599,1,0
BRDA:2842,600,0,0
BRDA:2842,600,1,0
BRDA:2845,601,0,0
BRDA:2845,601,1,0
BRDA:2852,602,0,0
BRDA:2852,602,1,0
BRDA:2855,603,0,0
BRDA:2855,603,1,0
BRDA:2868,604,0,0
BRDA:2868,604,1,0
BRDA:2875,605,0,0
BRDA:2875,605,1,0
BRDA:2875,605,2,0
BRDA:2876,606,0,0
BRDA:2876,606,1,0
BRDA:2877,607,0,0
BRDA:2877,607,1,0
BRDA:2880,608,0,0
BRDA:2880,608,1,0
BRDA:2881,609,0,0
BRDA:2881,609,1,0
BRDA:2883,610,0,0
BRDA:2883,610,1,0
BRDA:2885,611,0,0
BRDA:2885,611,1,0
BRDA:2900,612,0,0
BRDA:2900,612,1,0
BRDA:2901,613,0,0
BRDA:2901,613,1,0
BRDA:2902,614,0,0
BRDA:2902,614,1,0
BRDA:2910,615,0,0
BRDA:2910,615,1,0
BRDA:2912,616,0,0
BRDA:2912,616,1,0
BRDA:2925,617,0,0
BRDA:2925,617,1,0
BRDA:2927,618,0,0
BRDA:2927,618,1,0
BRDA:2928,619,0,0
BRDA:2928,619,1,0
BRDA:2935,620,0,0
BRDA:2935,620,1,0
BRDA:2935,621,0,0
BRDA:2935,621,1,0
BRDA:2937,622,0,0
BRDA:2937,622,1,0
BRDA:2948,623,0,0
BRDA:2948,623,1,0
BRDA:2951,624,0,0
BRDA:2951,624,1,0
BRDA:2952,625,0,0
BRDA:2952,625,1,0
BRDA:2959,626,0,0
BRDA:2959,626,1,0
BRDA:2964,627,0,0
BRDA:2964,627,1,0
BRDA:2967,628,0,0
BRDA:2967,628,1,0
BRDA:2997,629,0,0
BRDA:2997,629,1,0
BRDA:2997,630,0,0
BRDA:2997,630,1,0
BRDA:3026,631,0,0
BRDA:3026,631,1,0
BRDA:3048,632,0,0
BRDA:3048,632,1,0
BRDA:3061,633,0,0
BRDA:3061,633,1,0
BRDA:3133,634,0,0
BRDA:3133,634,1,0
BRDA:3133,634,2,0
BRDA:3133,634,3,0
BRDA:3133,634,4,0
BRDA:3137,635,0,0
BRDA:3137,635,1,0
BRDA:3151,636,0,0
BRDA:3151,636,1,0
BRDA:3152,637,0,0
BRDA:3152,637,1,0
BRDA:3156,638,0,0
BRDA:3156,638,1,0
BRDA:3156,639,0,0
BRDA:3156,639,1,0
BRDA:3156,639,2,0
BRDA:3158,640,0,0
BRDA:3158,640,1,0
BRDA:3160,641,0,0
BRDA:3160,641,1,0
BRDA:3161,642,0,0
BRDA:3161,642,1,0
BRDA:3200,643,0,0
BRDA:3200,643,1,0
BRDA:3202,644,0,0
BRDA:3202,644,1,0
BRDA:3204,645,0,0
BRDA:3204,645,1,0
BRDA:3207,646,0,0
BRDA:3207,646,1,0
BRDA:3208,647,0,0
BRDA:3208,647,1,0
BRDA:3213,648,0,0
BRDA:3213,648,1,0
BRDA:3216,649,0,0
BRDA:3216,649,1,0
BRDA:3221,650,0,0
BRDA:3221,650,1,0
BRDA:3221,651,0,0
BRDA:3221,651,1,0
BRDA:3221,651,2,0
BRDA:3221,651,3,0
BRDA:3221,651,4,0
BRDA:3230,652,0,0
BRDA:3230,652,1,0
BRDA:3232,653,0,0
BRDA:3232,653,1,0
BRDA:3234,654,0,0
BRDA:3234,654,1,0
BRDA:3240,655,0,0
BRDA:3240,655,1,0
BRDA:3240,656,0,0
BRDA:3240,656,1,0
BRDA:3247,657,0,0
BRDA:3247,657,1,0
BRDA:3251,658,0,0
BRDA:3251,658,1,0
BRDA:3253,659,0,0
BRDA:3253,659,1,0
BRDA:3254,660,0,0
BRDA:3254,660,1,0
BRDA:3254,661,0,0
BRDA:3254,661,1,0
BRDA:3255,662,0,0
BRDA:3255,662,1,0
BRDA:3255,662,2,0
BRDA:3256,663,0,0
BRDA:3256,663,1,0
BRDA:3258,664,0,0
BRDA:3258,664,1,0
BRDA:3265,665,0,0
BRDA:3265,665,1,0
BRDA:3265,666,0,0
BRDA:3265,666,1,0
BRDA:3268,667,0,0
BRDA:3268,667,1,0
BRDA:3275,668,0,0
BRDA:3275,668,1,0
BRDA:3276,669,0,0
BRDA:3276,669,1,0
BRDA:3279,670,0,0
BRDA:3279,670,1,0
BRDA:3279,671,0,0
BRDA:3279,671,1,0
BRDA:3286,672,0,0
BRDA:3286,672,1,0
BRDA:3301,673,0,0
BRDA:3301,673,1,0
BRDA:3324,674,0,0
BRDA:3324,674,1,0
BRDA:3325,675,0,0
BRDA:3325,675,1,0
BRDA:3329,676,0,0
BRDA:3329,676,1,0
BRDA:3333,677,0,0
BRDA:3333,677,1,0
BRDA:3353,678,0,0
BRDA:3353,678,1,0
BRF:1398
BRH:0
end_of_record
TN:
SF:src/components/replay/PlayerHUD.tsx
FN:12,sample
FN:26,lastKnownById
FN:38,PlayerHUD
FN:39,(anonymous_3)
FN:40,(anonymous_4)
FN:41,(anonymous_5)
FN:47,(anonymous_6)
FN:59,(anonymous_7)
FN:62,(anonymous_8)
FN:66,(anonymous_9)
FN:110,(anonymous_10)
FN:121,roundTeams
FN:142,majoritySide
FN:154,displayTeamName
FN:162,displayName
FN:166,isUtility
FN:170,isKnife
FN:174,isPistol
[...]
DA:167,6
DA:171,5
DA:175,4
DA:178,2
DA:180,0
DA:181,0
DA:182,0
DA:184,0
DA:187,2
DA:189,0
DA:190,0
DA:191,0
DA:193,0
DA:197,10
DA:198,10
DA:199,10
DA:200,3
DA:202,0
DA:203,10
DA:204,10
DA:205,2
DA:207,0
DA:208,10
DA:211,0
DA:212,10
DA:213,10
DA:214,10
DA:218,3
DA:230,10
DA:231,10
DA:232,10
DA:233,10
DA:234,10
DA:235,10
DA:236,10
DA:238,10
DA:240,10
DA:327,1
DA:361,13
DA:362,13
DA:363,13
LF:119
LH:97
BRDA:13,0,0,8
BRDA:13,0,1,10
BRDA:13,1,0,18
BRDA:13,1,1,18
BRDA:14,2,0,10
BRDA:14,2,1,0
BRDA:15,3,0,0
BRDA:15,3,1,0
BRDA:20,4,0,0
BRDA:20,4,1,0
BRDA:29,5,0,0
BRDA:29,5,1,10
BRDA:32,6,0,0
BRDA:32,6,1,18
BRDA:32,7,0,18
BRDA:32,7,1,8
BRDA:41,8,0,18
BRDA:41,8,1,0
BRDA:42,9,0,0
BRDA:42,9,1,18
BRDA:44,10,0,0
BRDA:44,10,1,18
BRDA:49,11,0,18
BRDA:49,11,1,0
BRDA:52,12,0,9
BRDA:52,12,1,9
BRDA:58,13,0,10
BRDA:58,13,1,10
BRDA:60,14,0,10
BRDA:60,14,1,0
BRDA:63,15,0,0
BRDA:63,15,1,0
BRDA:63,16,0,0
BRDA:63,16,1,0
BRDA:66,17,0,18
BRDA:66,17,1,8
BRDA:67,18,0,9
BRDA:67,18,1,9
BRDA:68,19,0,9
BRDA:68,19,1,9
BRDA:69,20,0,9
BRDA:69,20,1,9
BRDA:74,21,0,18
BRDA:74,21,1,0
BRDA:77,22,0,9
BRDA:77,22,1,9
BRDA:91,23,0,18
BRDA:91,23,1,0
BRDA:100,24,0,18
BRDA:100,24,1,0
BRDA:106,25,0,18
BRDA:106,25,1,16
BRDA:112,26,0,10
BRDA:112,26,1,0
BRDA:113,27,0,10
BRDA:113,27,1,0
BRDA:113,28,0,0
BRDA:113,28,1,0
BRDA:114,29,0,10
BRDA:114,29,1,0
BRDA:126,30,0,40
BRDA:126,30,1,0
BRDA:130,31,0,20
BRDA:130,31,1,20
BRDA:131,32,0,20
BRDA:131,32,1,0
BRDA:136,33,0,0
BRDA:136,33,1,40
BRDA:136,34,0,40
BRDA:136,34,1,20
BRDA:137,35,0,20
BRDA:137,35,1,20
BRDA:147,36,0,5
BRDA:147,36,1,5
BRDA:148,37,0,5
BRDA:148,37,1,0
BRDA:150,38,0,8
BRDA:150,38,1,10
BRDA:150,39,0,18
BRDA:150,39,1,13
BRDA:151,40,0,5
BRDA:151,40,1,5
BRDA:156,41,0,0
BRDA:156,41,1,18
BRDA:156,42,0,18
BRDA:156,42,1,18
BRDA:156,42,2,18
BRDA:156,42,3,18
BRDA:156,42,4,18
BRDA:157,43,0,0
BRDA:157,43,1,0
BRDA:163,44,0,0
BRDA:163,44,1,10
BRDA:182,45,0,0
BRDA:182,45,1,0
BRDA:191,46,0,0
BRDA:191,46,1,0
BRDA:197,47,0,10
BRDA:197,47,1,8
BRDA:198,48,0,10
BRDA:198,48,1,8
BRDA:200,49,0,3
BRDA:200,49,1,1
BRDA:203,50,0,3
BRDA:203,50,1,2
BRDA:203,50,2,2
BRDA:213,51,0,10
BRDA:213,51,1,10
BRDA:213,52,0,3
BRDA:213,52,1,3
BRDA:218,53,0,3
BRDA:218,53,1,0
BRDA:230,54,0,10
BRDA:230,54,1,0
BRDA:232,55,0,10
BRDA:232,55,1,0
BRDA:233,56,0,10
BRDA:233,56,1,8
BRDA:236,57,0,10
BRDA:236,57,1,10
BRDA:250,58,0,10
BRDA:250,58,1,0
BRDA:250,59,0,0
BRDA:250,59,1,10
BRDA:256,60,0,10
BRDA:256,60,1,0
BRDA:257,61,0,0
BRDA:257,61,1,10
BRDA:265,62,0,10
BRDA:265,62,1,0
BRDA:274,63,0,10
BRDA:274,63,1,10
BRDA:277,64,0,10
BRDA:277,64,1,10
BRDA:282,65,0,10
BRDA:282,65,1,0
BRDA:292,66,0,10
BRDA:292,66,1,10
BRDA:295,67,0,1
BRDA:295,67,1,9
BRDA:295,68,0,10
BRDA:295,68,1,10
BRDA:297,69,0,10
BRDA:297,69,1,0
BRDA:300,70,0,10
BRDA:300,70,1,2
BRDA:304,71,0,2
BRDA:304,71,1,0
BRDA:308,72,0,10
BRDA:308,72,1,0
BRDA:312,73,0,0
BRDA:312,73,1,0
BRDA:316,74,0,10
BRDA:316,74,1,0
BRDA:320,75,0,0
BRDA:320,75,1,0
BRDA:324,76,0,10
BRDA:324,76,1,0
BRDA:331,77,0,0
BRDA:331,77,1,1
BRDA:335,78,0,10
BRDA:335,78,1,0
BRDA:339,79,0,0
BRDA:339,79,1,0
BRDA:354,80,0,13
BRDA:361,81,0,0
BRDA:361,81,1,13
BRDA:368,82,0,13
BRDA:368,82,1,2
BRDA:369,83,0,13
BRDA:369,83,1,0
BRDA:370,84,0,13
BRDA:370,84,1,10
BRDA:371,85,0,13
BRDA:371,85,1,1
BRDA:374,86,0,13
BRDA:374,86,1,0
BRDA:383,87,0,13
BRDA:383,87,1,0
BRF:179
BRH:117
end_of_record
TN:
SF:src/components/replay/ReplayAccessibilitySummary.tsx
FN:6,frameAtOrBefore
FN:16,playerName
FN:17,(anonymous_2)
FN:20,describeEvent
FN:33,describePlayer
FN:39,ReplayAccessibilitySummary
FN:40,(anonymous_6)
FN:41,(anonymous_7)
FN:42,(anonymous_8)
FN:47,(anonymous_9)
FN:63,(anonymous_10)
FN:67,(anonymous_11)
FNF:12
FNH:12
FNDA:11,frameAtOrBefore
FNDA:15,playerName
FNDA:22,(anonymous_2)
FNDA:1,describeEvent
FNDA:13,describePlayer
FNDA:11,ReplayAccessibilitySummary
FNDA:46,(anonymous_6)
FNDA:46,(anonymous_7)
FNDA:46,(anonymous_8)
FNDA:7,(anonymous_9)
FNDA:13,(anonymous_10)
FNDA:1,(anonymous_11)
DA:1,2
DA:7,11
DA:8,7
DA:9,7
DA:10,7
DA:11,7
DA:13,7
DA:17,22
DA:21,1
DA:22,1
DA:23,1
DA:25,0
DA:26,0
DA:27,0
DA:28,0
DA:29,0
DA:30,0
DA:34,13
DA:35,13
DA:36,13
DA:40,46
DA:41,46
DA:42,46
DA:43,11
DA:44,11
DA:45,11
DA:46,11
DA:47,11
DA:49,11
DA:63,13
DA:67,1
LF:31
LH:25
BRDA:7,0,0,4
BRDA:7,0,1,7
BRDA:10,1,0,0
BRDA:10,1,1,7
BRDA:17,2,0,15
BRDA:17,2,1,0
BRDA:22,3,0,1
BRDA:22,3,1,0
BRDA:23,4,0,1
BRDA:23,4,1,0
BRDA:23,5,0,1
BRDA:23,5,1,0
BRDA:23,6,0,1
BRDA:23,6,1,0
BRDA:23,7,0,1
BRDA:23,7,1,0
BRDA:25,8,0,0
BRDA:25,8,1,0
BRDA:26,9,0,0
BRDA:26,9,1,0
BRDA:27,10,0,0
BRDA:27,10,1,0
BRDA:28,11,0,0
BRDA:28,11,1,0
BRDA:29,12,0,0
BRDA:29,12,1,0
BRDA:30,13,0,0
BRDA:30,13,1,0
BRDA:34,14,0,6
BRDA:34,14,1,7
BRDA:34,15,0,7
BRDA:34,15,1,0
BRDA:35,16,0,13
BRDA:35,16,1,0
BRDA:39,17,0,11
BRDA:43,18,0,0
BRDA:43,18,1,11
BRDA:45,19,0,0
BRDA:45,19,1,11
BRDA:54,20,0,11
BRDA:54,20,1,11
BRDA:56,21,0,11
BRDA:56,21,1,1
BRDA:63,22,0,11
BRDA:63,22,1,4
BRDA:66,23,0,1
BRDA:66,23,1,10
BRF:47
BRH:24
end_of_record
TN:
SF:src/components/replay/RoundClock.tsx
FN:9,firstEventTime
FN:10,(anonymous_1)
FN:14,clockRemaining
FN:34,RoundClock
FN:35,(anonymous_4)
FN:36,(anonymous_5)
FN:37,(anonymous_6)
FNF:7
FNH:7
FNDA:40,firstEventTime
FNDA:24,(anonymous_1)
FNDA:10,clockRemaining
FNDA:10,RoundClock
FNDA:39,(anonymous_4)
FNDA:39,(anonymous_5)
FNDA:39,(anonymous_6)
DA:1,2
DA:6,2
DA:7,2
DA:10,40
DA:11,40
DA:15,10
DA:16,10
DA:17,10
DA:18,10
DA:19,10
DA:21,10
DA:22,0
DA:24,10
DA:25,0
DA:27,10
DA:28,1
DA:31,9
DA:35,39
DA:36,39
DA:37,39
DA:38,10
DA:39,10
DA:40,10
DA:42,10
DA:43,10
DA:46,10
DA:50,10
LF:27
LH:25
BRDA:11,0,0,2
BRDA:11,0,1,38
BRDA:19,1,0,10
BRDA:19,1,1,10
BRDA:19,1,2,10
BRDA:21,2,0,0
BRDA:21,2,1,10
BRDA:21,3,0,10
BRDA:21,3,1,0
BRDA:24,4,0,0
BRDA:24,4,1,10
BRDA:24,5,0,10
BRDA:24,5,1,0
BRDA:27,6,0,1
BRDA:27,6,1,9
BRDA:27,7,0,10
BRDA:27,7,1,2
BRDA:37,8,0,10
BRDA:37,8,1,0
BRDA:38,9,0,0
BRDA:38,9,1,10
BRDA:40,10,0,0
BRDA:40,10,1,10
BRF:23
BRH:16
end_of_record
TN:
SF:src/components/replay/RoundList.tsx
FN:7,RoundList
FN:8,(anonymous_1)
FN:9,(anonymous_2)
FN:10,(anonymous_3)
FN:16,(anonymous_4)
FN:24,(anonymous_5)
FNF:6
FNH:6
FNDA:10,RoundList
FNDA:40,(anonymous_1)
FNDA:40,(anonymous_2)
FNDA:40,(anonymous_3)
FNDA:12,(anonymous_4)
FNDA:1,(anonymous_5)
DA:1,2
DA:8,40
DA:9,40
DA:10,40
DA:11,10
DA:13,10
DA:17,12
DA:18,12
DA:20,12
DA:21,12
DA:24,1
LF:11
LH:11
BRDA:11,0,0,0
BRDA:11,0,1,10
BRDA:20,1,0,2
BRDA:20,1,1,10
BRDA:20,2,0,10
BRDA:20,2,1,0
BRDA:27,3,0,10
BRDA:27,3,1,2
BRDA:34,4,0,12
BRDA:34,4,1,10
BRF:10
BRH:8
end_of_record
TN:
SF:src/components/replay/Timeline.tsx
FN:7,fmt
FN:13,Timeline
FN:14,(anonymous_2)
FN:15,(anonymous_3)
FN:16,(anonymous_4)
FN:17,(anonymous_5)
FN:18,(anonymous_6)
FN:22,(anonymous_7)
FN:45,(anonymous_8)
FNF:9
FNH:8
FNDA:24,fmt
FNDA:12,Timeline
FNDA:50,(anonymous_2)
FNDA:50,(anonymous_3)
FNDA:50,(anonymous_4)
FNDA:50,(anonymous_5)
FNDA:50,(anonymous_6)
FNDA:1,(anonymous_7)
FNDA:0,(anonymous_8)
DA:1,2
DA:8,24
DA:9,24
DA:10,24
DA:14,50
DA:15,50
DA:16,50
DA:17,50
DA:18,50
DA:19,12
DA:20,12
DA:21,12
DA:22,12
DA:23,1
DA:24,1
DA:25,1
DA:26,1
DA:29,12
DA:46,0
DA:47,0
LF:20
LH:18
BRDA:14,0,0,12
BRDA:14,0,1,0
BRDA:21,1,0,12
BRDA:21,1,1,11
BRDA:21,1,2,0
BRDA:23,2,0,0
BRDA:23,2,1,1
BRDA:23,3,0,1
BRDA:23,3,1,1
BRDA:42,4,0,12
BRDA:42,4,1,0
BRDA:46,5,0,0
BRDA:46,5,1,0
BRDA:47,6,0,0
BRDA:47,6,1,0
BRF:15
BRH:7
end_of_record
TN:
SF:src/lib/api.ts
FN:14,listMatches
FN:18,getMatchMetadata
FN:22,getRound
FN:30,deleteMatch
FN:34,renameMatch
FN:42,parseDemo
FN:46,cancelParse
FN:50,onParseProgress
FN:54,getDebugInfo
FN:58,writeDebugLog
FN:62,enterMatchFullscreen
FN:66,exitMatchFullscreen
FNF:12
FNH:12
FNDA:1,listMatches
FNDA:1,getMatchMetadata
FNDA:1,getRound
FNDA:1,deleteMatch
FNDA:1,renameMatch
FNDA:1,parseDemo
FNDA:1,cancelParse
FNDA:1,onParseProgress
FNDA:1,getDebugInfo
FNDA:1,writeDebugLog
FNDA:1,enterMatchFullscreen
FNDA:1,exitMatchFullscreen
DA:15,1
DA:19,1
DA:27,1
DA:31,1
DA:38,1
DA:43,1
DA:47,1
DA:51,1
DA:55,1
DA:59,1
DA:63,1
DA:67,1
LF:12
LH:12
BRDA:25,0,0,1
BRF:1
BRH:1
end_of_record
TN:
SF:src/lib/icons.ts
FN:114,iconPathFor
FNF:1
FNH:1
FNDA:10,iconPathFor
DA:3,4
DA:115,10
DA:116,9
DA:117,9
DA:118,9
DA:119,8
DA:120,3
DA:121,2
DA:122,2
DA:123,2
DA:124,2
DA:125,2
DA:126,2
DA:127,2
DA:128,2
DA:129,2
DA:130,2
DA:131,2
DA:132,2
DA:133,2
DA:134,2
DA:135,2
DA:136,2
DA:137,2
DA:138,2
DA:139,0
DA:141,2
DA:142,1
LF:28
LH:27
BRDA:115,0,0,1
BRDA:115,0,1,9
BRDA:118,1,0,1
BRDA:118,1,1,8
BRDA:119,2,0,5
BRDA:119,2,1,3
BRDA:120,3,0,1
BRDA:120,3,1,2
BRDA:121,4,0,0
BRDA:121,4,1,2
BRDA:122,5,0,0
BRDA:122,5,1,2
BRDA:122,6,0,2
BRDA:122,6,1,2
BRDA:123,7,0,0
BRDA:123,7,1,2
BRDA:123,8,0,2
BRDA:123,8,1,2
BRDA:124,9,0,0
BRDA:124,9,1,2
BRDA:125,10,0,0
BRDA:125,10,1,2
BRDA:126,11,0,0
BRDA:126,11,1,2
BRDA:126,12,0,2
BRDA:126,12,1,2
BRDA:127,13,0,0
BRDA:127,13,1,2
BRDA:128,14,0,0
BRDA:128,14,1,2
BRDA:129,15,0,0
BRDA:129,15,1,2
BRDA:129,16,0,2
BRDA:129,16,1,0
BRDA:130,17,0,0
BRDA:130,17,1,2
BRDA:131,18,0,0
BRDA:131,18,1,2
BRDA:132,19,0,0
BRDA:132,19,1,2
BRDA:133,20,0,0
BRDA:133,20,1,2
BRDA:134,21,0,0
BRDA:134,21,1,2
BRDA:135,22,0,0
BRDA:135,22,1,2
BRDA:136,23,0,0
BRDA:136,23,1,2
BRDA:137,24,0,0
BRDA:137,24,1,2
BRDA:137,25,0,2
BRDA:137,25,1,2
BRDA:138,26,0,0
BRDA:138,26,1,2
BRDA:141,27,0,1
BRDA:141,27,1,1
BRF:56
BRH:37
end_of_record
TN:
SF:src/lib/maps.ts
FN:70,cropFor
FN:74,worldToRadar
FN:85,radarLayerForZ
FN:88,(anonymous_3)
FN:93,radarLayerForPositions
FN:111,radarImagePath
FN:112,(anonymous_6)
FNF:7
FNH:7
FNDA:12,cropFor
FNDA:2,worldToRadar
FNDA:9,radarLayerForZ
FNDA:14,(anonymous_3)
FNDA:4,radarLayerForPositions
FNDA:3,radarImagePath
FNDA:3,(anonymous_6)
DA:17,2
DA:32,2
DA:36,2
DA:57,2
DA:71,12
DA:79,2
DA:86,9
DA:87,9
DA:88,14
DA:89,7
DA:90,3
DA:98,4
DA:99,4
DA:100,3
DA:101,3
DA:102,3
DA:103,6
DA:104,5
DA:105,2
DA:107,3
DA:108,2
DA:112,3
DA:113,3
DA:114,3
LF:24
LH:24
BRDA:71,0,0,12
BRDA:71,0,1,1
BRDA:87,1,0,2
BRDA:87,1,1,7
BRDA:87,2,0,9
BRDA:87,2,1,8
BRDA:89,3,0,4
BRDA:89,3,1,3
BRDA:89,4,0,7
BRDA:89,4,1,7
BRDA:89,4,2,7
BRDA:96,5,0,4
BRDA:99,6,0,1
BRDA:99,6,1,3
BRDA:103,7,0,1
BRDA:103,7,1,5
BRDA:104,8,0,3
BRDA:104,8,1,2
BRDA:107,9,0,1
BRDA:107,9,1,2
BRDA:107,10,0,3
BRDA:107,10,1,1
BRDA:108,11,0,1
BRDA:108,11,1,1
BRDA:111,12,0,3
BRDA:113,13,0,1
BRDA:113,13,1,2
BRDA:113,14,0,3
BRDA:113,14,1,2
BRF:29
BRH:29
end_of_record
TN:
SF:src/lib/paths.ts
FN:3,assetPath
FNF:1
FNH:1
FNDA:58,assetPath
DA:1,6
DA:4,58
DA:5,0
DA:6,0
LF:4
LH:2
BRDA:1,0,0,6
BRDA:1,0,1,6
BRDA:4,1,0,58
BRDA:4,1,1,0
BRDA:4,2,0,58
BRDA:4,2,1,58
BRDA:5,3,0,0
BRDA:5,3,1,0
BRDA:5,4,0,0
BRDA:5,4,1,0
BRF:10
BRH:5
end_of_record
TN:
SF:src/lib/replay-logic.ts
FN:7,smokeBlastClearAlpha
FN:12,(anonymous_1)
FNF:2
FNH:2
FNDA:5,smokeBlastClearAlpha
FNDA:5,(anonymous_1)
DA:3,1
DA:4,1
DA:5,1
DA:12,5
DA:13,5
DA:14,4
DA:15,2
DA:17,5
LF:8
LH:8
BRDA:13,0,0,1
BRDA:13,0,1,4
BRDA:14,1,0,2
BRDA:14,1,1,2
BRDA:14,2,0,4
BRDA:14,2,1,3
BRDA:17,3,0,1
BRDA:17,3,1,4
BRF:8
BRH:8
end_of_record
TN:
SF:src/lib/replay-store.ts
FN:73,roundHasFrames
FN:78,isLoadedRoundPayload
FN:82,activeDuration
FN:87,clampReplayTime
FN:92,safeDurationOverride
FN:96,safeReplaySpeed
FN:100,(anonymous_6)
FN:109,(anonymous_7)
FN:110,(anonymous_8)
FN:111,(anonymous_9)
FN:114,(anonymous_10)
FN:118,(anonymous_11)
FN:122,(anonymous_12)
FN:123,(anonymous_13)
FN:123,(anonymous_14)
FN:130,(anonymous_15)
FN:130,(anonymous_16)
FN:135,(anonymous_17)
FN:135,(anonymous_18)
FN:136,(anonymous_19)
FN:136,(anonymous_20)
FN:137,(anonymous_21)
FN:137,(anonymous_22)
FN:141,(anonymous_23)
FN:142,(anonymous_24)
FN:167,(anonymous_25)
FNF:26
FNH:26
FNDA:13,roundHasFrames
FNDA:5,isLoadedRoundPayload
FNDA:35,activeDuration
FNDA:26,clampReplayTime
FNDA:7,safeDurationOverride
FNDA:9,safeReplaySpeed
FNDA:5,(anonymous_6)
FNDA:24,(anonymous_7)
FNDA:6,(anonymous_8)
FNDA:6,(anonymous_9)
FNDA:5,(anonymous_10)
FNDA:4,(anonymous_11)
FNDA:5,(anonymous_12)
FNDA:7,(anonymous_13)
FNDA:7,(anonymous_14)
FNDA:3,(anonymous_15)
FNDA:3,(anonymous_16)
FNDA:14,(anonymous_17)
FNDA:14,(anonymous_18)
FNDA:7,(anonymous_19)
FNDA:7,(anonymous_20)
FNDA:5,(anonymous_21)
FNDA:5,(anonymous_22)
FNDA:4,(anonymous_23)
FNDA:7,(anonymous_24)
FNDA:3,(anonymous_25)
DA:74,13
DA:75,13
DA:79,5
DA:83,35
DA:84,35
DA:88,26
DA:89,25
DA:93,7
DA:97,9
DA:100,5
DA:109,24
DA:111,6
DA:112,6
DA:113,5
DA:114,5
DA:115,3
DA:118,4
DA:122,5
DA:123,7
DA:124,7
DA:125,7
DA:130,3
DA:131,3
DA:135,14
DA:136,7
DA:137,5
DA:138,5
DA:139,4
DA:141,4
DA:143,7
DA:144,7
DA:145,5
DA:146,5
DA:147,5
DA:148,0
DA:149,0
DA:151,5
DA:152,5
DA:153,5
DA:154,5
DA:155,1
DA:156,4
DA:157,3
DA:158,3
DA:159,2
DA:161,1
DA:164,1
DA:168,3
DA:169,3
LF:49
LH:47
BRDA:75,0,0,13
BRDA:75,0,1,13
BRDA:79,1,0,5
BRDA:79,1,1,5
BRDA:79,1,2,5
BRDA:82,2,0,35
BRDA:83,3,0,35
BRDA:83,3,1,29
BRDA:83,3,2,0
BRDA:84,4,0,35
BRDA:84,4,1,0
BRDA:88,5,0,1
BRDA:88,5,1,25
BRDA:93,6,0,3
BRDA:93,6,1,4
BRDA:93,7,0,7
BRDA:93,7,1,4
BRDA:97,8,0,8
BRDA:97,8,1,1
BRDA:112,9,0,1
BRDA:112,9,1,5
BRDA:112,10,0,6
BRDA:112,10,1,6
BRDA:113,11,0,1
BRDA:113,11,1,4
BRDA:114,12,0,1
BRDA:114,12,1,3
BRDA:118,13,0,3
BRDA:118,13,1,1
BRDA:131,14,0,2
BRDA:131,14,1,1
BRDA:131,15,0,3
BRDA:131,15,1,3
BRDA:131,15,2,3
BRDA:136,16,0,7
BRDA:136,16,1,6
BRDA:138,17,0,1
BRDA:138,17,1,4
BRDA:144,18,0,2
BRDA:144,18,1,5
BRDA:144,19,0,7
BRDA:144,19,1,6
BRDA:145,20,0,0
BRDA:145,20,1,5
BRDA:145,21,0,5
BRDA:145,21,1,5
BRDA:147,22,0,0
BRDA:147,22,1,5
BRDA:147,23,0,5
BRDA:147,23,1,5
BRDA:148,24,0,0
BRDA:148,24,1,0
BRDA:154,25,0,1
BRDA:154,25,1,4
BRDA:156,26,0,3
BRDA:156,26,1,1
BRDA:158,27,0,2
BRDA:158,27,1,1
BRDA:169,28,0,3
BRDA:169,28,1,0
BRF:60
BRH:53
end_of_record
TN:
SF:src/lib/theme.ts
FN:29,sideColors
FNF:1
FNH:1
FNDA:30,sideColors
DA:2,4
DA:30,30
DA:31,15
DA:39,15
LF:4
LH:4
BRDA:30,0,0,15
BRDA:30,0,1,15
BRF:2
BRH:2
end_of_record
TN:
SF:src/lib/utils.ts
FN:4,cn
FNF:1
FNH:1
FNDA:393,cn
DA:5,393
LF:1
LH:1
BRF:0
BRH:0
end_of_record
TN:
SF:src/lib/backends/browser-store.ts
FN:20,roundKey
FN:24,openDb
FN:25,(anonymous_2)
FN:27,(anonymous_3)
FN:37,(anonymous_4)
FN:38,(anonymous_5)
FN:42,txDone
FN:43,(anonymous_7)
FN:44,(anonymous_8)
FN:45,(anonymous_9)
FN:46,(anonymous_10)
FN:50,requestResult
FN:51,(anonymous_12)
FN:52,(anonymous_13)
FN:53,(anonymous_14)
FN:57,requestResultWithTransactionWork
FN:58,(anonymous_16)
FN:59,(anonymous_17)
FN:67,(anonymous_18)
FN:71,stripRoundPayload
FN:82,assertStorableMatch
FN:101,assertReadableStoredRound
FN:111,metadataPayloadLength
FN:119,normalizeMatchName
FN:123,normalizeMatchSize
FN:127,normalizeMatchCreatedAt
FN:131,storedMatchSummary
FN:141,assertLightweightMetadata
FN:175,listStoredMatches
FN:184,(anonymous_29)
FN:185,(anonymous_30)
FN:190,readStoredMetadata
FN:204,readStoredRound
FN:218,deleteStoredMatch
FN:225,(anonymous_34)
FN:236,renameStoredMatch
FN:243,(anonymous_36)
FN:259,saveParsedMatch
FN:276,(anonymous_38)
FNF:39
FNH:34
FNDA:19,roundKey
FNDA:25,openDb
FNDA:25,(anonymous_2)
FNDA:6,(anonymous_3)
FNDA:25,(anonymous_4)
FNDA:0,(anonymous_5)
FNDA:10,txDone
FNDA:10,(anonymous_7)
FNDA:10,(anonymous_8)
FNDA:0,(anonymous_9)
FNDA:0,(anonymous_10)
FNDA:14,requestResult
FNDA:14,(anonymous_12)
FNDA:14,(anonymous_13)
FNDA:0,(anonymous_14)
FNDA:11,requestResultWithTransactionWork
FNDA:11,(anonymous_16)
FNDA:11,(anonymous_17)
FNDA:0,(anonymous_18)
FNDA:16,stripRoundPayload
FNDA:11,assertStorableMatch
FNDA:4,assertReadableStoredRound
FNDA:20,metadataPayloadLength
FNDA:15,normalizeMatchName
FNDA:13,normalizeMatchSize
FNDA:6,normalizeMatchCreatedAt
FNDA:7,storedMatchSummary
FNDA:3,assertLightweightMetadata
FNDA:4,listStoredMatches
FNDA:5,(anonymous_29)
FNDA:1,(anonymous_30)
FNDA:4,readStoredMetadata
FNDA:6,readStoredRound
FNDA:1,deleteStoredMatch
FNDA:1,(anonymous_34)
FNDA:3,renameStoredMatch
FNDA:3,(anonymous_36)
FNDA:11,saveParsedMatch
FNDA:7,(anonymous_38)
DA:4,4
DA:5,4
DA:6,4
DA:7,4
DA:21,19
DA:25,25
DA:26,25
DA:27,25
DA:28,6
DA:29,6
DA:30,6
DA:32,6
DA:33,6
DA:34,6
DA:37,25
DA:38,25
DA:43,10
DA:44,10
DA:45,10
DA:46,10
DA:51,14
DA:52,14
DA:53,14
DA:58,11
DA:59,11
DA:60,11
DA:61,11
DA:62,11
DA:64,1
DA:67,11
DA:72,16
DA:83,11
DA:84,1
DA:86,10
DA:87,10
DA:88,17
DA:89,1
DA:91,16
DA:92,1
DA:94,15
DA:95,15
DA:96,1
DA:102,4
DA:103,1
DA:105,3
DA:106,1
DA:108,2
DA:112,20
DA:113,19
DA:114,0
DA:116,19
DA:120,15
DA:124,13
DA:128,6
DA:132,7
DA:133,6
DA:142,3
DA:143,0
DA:145,3
DA:146,3
DA:147,4
DA:148,0
DA:150,4
DA:151,0
DA:153,4
DA:154,4
DA:155,4
DA:156,4
DA:157,4
DA:158,4
DA:160,4
DA:165,4
DA:166,1
DA:169,2
DA:176,4
DA:177,4
DA:178,4
DA:179,4
DA:182,4
DA:184,5
DA:185,1
DA:187,4
DA:191,4
DA:192,4
DA:193,4
DA:194,4
DA:197,4
DA:198,3
DA:200,4
DA:205,6
DA:206,6
DA:207,6
DA:208,6
DA:211,6
DA:212,4
DA:214,6
DA:219,1
DA:220,1
DA:221,1
DA:222,1
DA:223,1
DA:224,1
DA:227,1
DA:230,1
DA:232,1
DA:237,3
DA:238,3
DA:239,3
DA:240,3
DA:241,3
DA:242,3
DA:245,3
DA:246,2
DA:247,2
DA:248,2
DA:251,2
DA:252,2
DA:253,2
DA:255,3
DA:260,11
DA:261,11
DA:262,7
DA:268,7
DA:272,7
DA:273,7
DA:274,7
DA:275,7
DA:278,7
DA:279,7
DA:280,7
DA:281,13
DA:290,7
DA:291,7
DA:293,7
LF:134
LH:130
BRDA:29,0,0,6
BRDA:29,0,1,0
BRDA:32,1,0,6
BRDA:32,1,1,0
BRDA:38,2,0,0
BRDA:38,2,1,0
BRDA:45,3,0,0
BRDA:45,3,1,0
BRDA:46,4,0,0
BRDA:46,4,1,0
BRDA:53,5,0,0
BRDA:53,5,1,0
BRDA:67,6,0,0
BRDA:67,6,1,0
BRDA:83,7,0,1
BRDA:83,7,1,10
BRDA:83,8,0,11
BRDA:83,8,1,11
BRDA:88,9,0,1
BRDA:88,9,1,16
BRDA:91,10,0,1
BRDA:91,10,1,15
BRDA:95,11,0,1
BRDA:95,11,1,14
BRDA:95,12,0,15
BRDA:95,12,1,15
BRDA:102,13,0,1
BRDA:102,13,1,3
BRDA:102,14,0,4
BRDA:102,14,1,3
BRDA:102,14,2,3
BRDA:105,15,0,1
BRDA:105,15,1,2
BRDA:105,16,0,3
BRDA:105,16,1,3
BRDA:112,17,0,1
BRDA:112,17,1,19
BRDA:112,18,0,20
BRDA:112,18,1,19
BRDA:113,19,0,0
BRDA:113,19,1,19
BRDA:120,20,0,13
BRDA:120,20,1,2
BRDA:120,21,0,15
BRDA:120,21,1,15
BRDA:124,22,0,11
BRDA:124,22,1,2
BRDA:124,23,0,13
BRDA:124,23,1,13
BRDA:124,23,2,12
BRDA:128,24,0,5
BRDA:128,24,1,1
BRDA:128,25,0,6
BRDA:128,25,1,6
BRDA:128,25,2,6
BRDA:132,26,0,1
BRDA:132,26,1,6
BRDA:132,27,0,7
BRDA:132,27,1,7
BRDA:142,28,0,0
BRDA:142,28,1,3
BRDA:142,29,0,3
BRDA:142,29,1,3
BRDA:147,30,0,0
BRDA:147,30,1,4
BRDA:150,31,0,0
BRDA:150,31,1,4
BRDA:160,32,0,4
BRDA:160,32,1,3
BRDA:160,32,2,3
BRDA:160,32,3,3
BRDA:160,32,4,3
BRDA:165,33,0,1
BRDA:165,33,1,3
BRDA:197,34,0,1
BRDA:197,34,1,3
BRDA:211,35,0,2
BRDA:211,35,1,4
BRDA:245,36,0,1
BRDA:245,36,1,2
BRDA:248,37,0,2
BRDA:248,37,1,0
BRDA:252,38,0,0
BRDA:252,38,1,2
BRF:84
BRH:66
end_of_record
TN:
SF:src/lib/backends/browser.ts
FN:13,emit
FN:17,subscribe
FN:19,(anonymous_2)
FN:28,isDemoFile
FN:33,createBrowserBackend
FN:36,parseDemo
FN:63,(anonymous_6)
FN:65,(anonymous_7)
FN:75,(anonymous_8)
FN:97,cancelParse
FN:105,onProgress
FN:117,getDebugInfo
FN:120,writeDebugLog
FN:125,enterMatchFullscreen
FN:130,exitMatchFullscreen
FNF:15
FNH:15
FNDA:13,emit
FNDA:2,subscribe
FNDA:1,(anonymous_2)
FNDA:6,isDemoFile
FNDA:1,createBrowserBackend
FNDA:6,parseDemo
FNDA:4,(anonymous_6)
FNDA:3,(anonymous_7)
FNDA:1,(anonymous_8)
FNDA:7,cancelParse
FNDA:2,onProgress
FNDA:1,getDebugInfo
FNDA:1,writeDebugLog
FNDA:1,enterMatchFullscreen
FNDA:1,exitMatchFullscreen
DA:11,3
DA:14,13
DA:18,2
DA:19,2
DA:23,3
DA:24,3
DA:25,3
DA:26,3
DA:29,6
DA:30,6
DA:34,1
DA:37,6
DA:38,6
DA:39,6
DA:40,6
DA:41,6
DA:42,6
DA:43,6
DA:44,1
DA:46,5
DA:51,5
DA:52,1
DA:54,4
DA:57,4
DA:58,4
DA:59,4
DA:60,4
DA:61,0
DA:63,4
DA:64,4
DA:65,4
DA:66,3
DA:67,3
DA:71,3
DA:72,2
DA:73,1
DA:75,4
DA:76,1
DA:77,1
DA:79,4
DA:90,4
DA:91,3
DA:92,3
DA:94,4
DA:98,7
DA:99,7
DA:100,7
DA:101,7
DA:102,7
DA:103,7
DA:106,2
DA:118,1
DA:121,1
DA:126,1
DA:127,1
DA:128,1
DA:131,1
DA:132,1
DA:133,1
LF:59
LH:58
BRDA:30,0,0,6
BRDA:30,0,1,3
BRDA:30,0,2,2
BRDA:43,1,0,1
BRDA:43,1,1,5
BRDA:51,2,0,1
BRDA:51,2,1,4
BRDA:60,3,0,0
BRDA:60,3,1,4
BRDA:60,4,0,4
BRDA:60,4,1,4
BRDA:66,5,0,0
BRDA:66,5,1,3
BRDA:66,6,0,3
BRDA:66,6,1,3
BRDA:71,7,0,1
BRDA:71,7,1,2
BRDA:72,8,0,1
BRDA:72,8,1,1
BRDA:73,9,0,1
BRDA:73,9,1,0
BRDA:76,10,0,0
BRDA:76,10,1,1
BRDA:76,11,0,1
BRDA:76,11,1,1
BRDA:90,12,0,3
BRDA:90,12,1,1
BRDA:126,13,0,0
BRDA:126,13,1,1
BRDA:127,14,0,0
BRDA:127,14,1,1
BRDA:131,15,0,0
BRDA:131,15,1,1
BRDA:132,16,0,0
BRDA:132,16,1,1
BRF:35
BRH:27
end_of_record
TN:
SF:src/lib/backends/index.ts
FN:6,getBackend
FNF:1
FNH:1
FNDA:2,getBackend
DA:4,3
DA:7,2
DA:8,1
DA:9,1
LF:4
LH:4
BRDA:7,0,0,1
BRDA:7,0,1,1
BRF:2
BRH:2
end_of_record
